<?xml version="1.0" encoding="UTF-8"?>
<coverage generated="1753454308999" clover="3.2.0">
  <project timestamp="1753454308999" name="All files">
    <metrics statements="4698" coveredstatements="30" conditionals="5878" coveredconditionals="8" methods="926" coveredmethods="8" elements="11502" coveredelements="46" complexity="0" loc="4698" ncloc="4698" packages="4" files="9" classes="9"/>
    <package name="src">
      <metrics statements="36" coveredstatements="0" conditionals="6" coveredconditionals="0" methods="12" coveredmethods="0"/>
      <file name="App.jsx" path="C:\Users\HP\t-e-j\full-stack-open\Part-05\00-notes-app\src\App.jsx">
        <metrics statements="33" coveredstatements="0" conditionals="6" coveredconditionals="0" methods="12" coveredmethods="0"/>
        <line num="9" count="0" type="stmt"/>
        <line num="10" count="0" type="stmt"/>
        <line num="12" count="0" type="stmt"/>
        <line num="13" count="0" type="stmt"/>
        <line num="14" count="0" type="stmt"/>
        <line num="16" count="0" type="stmt"/>
        <line num="17" count="0" type="stmt"/>
        <line num="18" count="0" type="stmt"/>
        <line num="19" count="0" type="stmt"/>
        <line num="21" count="0" type="stmt"/>
        <line num="27" count="0" type="stmt"/>
        <line num="30" count="0" type="stmt"/>
        <line num="34" count="0" type="stmt"/>
        <line num="35" count="0" type="stmt"/>
        <line num="36" count="0" type="stmt"/>
        <line num="37" count="0" type="stmt"/>
        <line num="38" count="0" type="stmt"/>
        <line num="40" count="0" type="stmt"/>
        <line num="42" count="0" type="stmt"/>
        <line num="43" count="0" type="stmt"/>
        <line num="44" count="0" type="stmt"/>
        <line num="45" count="0" type="cond" truecount="0" falsecount="2"/>
        <line num="49" count="0" type="stmt"/>
        <line num="50" count="0" type="stmt"/>
        <line num="51" count="0" type="cond" truecount="0" falsecount="2"/>
        <line num="52" count="0" type="stmt"/>
        <line num="56" count="0" type="stmt"/>
        <line num="61" count="0" type="stmt"/>
        <line num="62" count="0" type="stmt"/>
        <line num="73" count="0" type="stmt"/>
        <line num="74" count="0" type="stmt"/>
        <line num="77" count="0" type="stmt"/>
        <line num="86" count="0" type="stmt"/>
      </file>
      <file name="index.jsx" path="C:\Users\HP\t-e-j\full-stack-open\Part-05\00-notes-app\src\index.jsx">
        <metrics statements="3" coveredstatements="0" conditionals="0" coveredconditionals="0" methods="0" coveredmethods="0"/>
        <line num="4" count="0" type="stmt"/>
        <line num="5" count="0" type="stmt"/>
        <line num="6" count="0" type="stmt"/>
      </file>
    </package>
    <package name="src.components">
      <metrics statements="50" coveredstatements="30" conditionals="12" coveredconditionals="8" methods="17" coveredmethods="8"/>
      <file name="LoginForm.jsx" path="C:\Users\HP\t-e-j\full-stack-open\Part-05\00-notes-app\src\components\LoginForm.jsx">
        <metrics statements="15" coveredstatements="0" conditionals="0" coveredconditionals="0" methods="4" coveredmethods="0"/>
        <line num="5" count="0" type="stmt"/>
        <line num="12" count="0" type="stmt"/>
        <line num="13" count="0" type="stmt"/>
        <line num="14" count="0" type="stmt"/>
        <line num="15" count="0" type="stmt"/>
        <line num="16" count="0" type="stmt"/>
        <line num="17" count="0" type="stmt"/>
        <line num="18" count="0" type="stmt"/>
        <line num="19" count="0" type="stmt"/>
        <line num="20" count="0" type="stmt"/>
        <line num="22" count="0" type="stmt"/>
        <line num="23" count="0" type="stmt"/>
        <line num="26" count="0" type="stmt"/>
        <line num="37" count="0" type="stmt"/>
        <line num="48" count="0" type="stmt"/>
      </file>
      <file name="Notes.jsx" path="C:\Users\HP\t-e-j\full-stack-open\Part-05\00-notes-app\src\components\Notes.jsx">
        <metrics statements="2" coveredstatements="2" conditionals="4" coveredconditionals="2" methods="1" coveredmethods="1"/>
        <line num="3" count="2" type="stmt"/>
        <line num="4" count="2" type="stmt"/>
      </file>
      <file name="NotesForm.jsx" path="C:\Users\HP\t-e-j\full-stack-open\Part-05\00-notes-app\src\components\NotesForm.jsx">
        <metrics statements="22" coveredstatements="17" conditionals="4" coveredconditionals="2" methods="9" coveredmethods="4"/>
        <line num="7" count="1" type="stmt"/>
        <line num="8" count="19" type="stmt"/>
        <line num="9" count="19" type="stmt"/>
        <line num="11" count="19" type="stmt"/>
        <line num="13" count="19" type="stmt"/>
        <line num="14" count="1" type="stmt"/>
        <line num="15" count="1" type="stmt"/>
        <line num="21" count="1" type="stmt"/>
        <line num="22" count="1" type="stmt"/>
        <line num="23" count="1" type="stmt"/>
        <line num="25" count="1" type="stmt"/>
        <line num="28" count="0" type="stmt"/>
        <line num="30" count="1" type="stmt"/>
        <line num="33" count="19" type="stmt"/>
        <line num="34" count="17" type="stmt"/>
        <line num="37" count="19" type="stmt"/>
        <line num="38" count="0" type="stmt"/>
        <line num="41" count="19" type="cond" truecount="1" falsecount="1"/>
        <line num="43" count="0" type="stmt"/>
        <line num="45" count="19" type="stmt"/>
        <line num="57" count="0" type="stmt"/>
        <line num="60" count="0" type="stmt"/>
      </file>
      <file name="Togglable.jsx" path="C:\Users\HP\t-e-j\full-stack-open\Part-05\00-notes-app\src\components\Togglable.jsx">
        <metrics statements="11" coveredstatements="11" conditionals="4" coveredconditionals="4" methods="3" coveredmethods="3"/>
        <line num="6" count="2" type="stmt"/>
        <line num="7" count="27" type="stmt"/>
        <line num="9" count="27" type="cond" truecount="2" falsecount="0"/>
        <line num="10" count="27" type="cond" truecount="2" falsecount="0"/>
        <line num="12" count="27" type="stmt"/>
        <line num="13" count="5" type="stmt"/>
        <line num="16" count="27" type="stmt"/>
        <line num="17" count="20" type="stmt"/>
        <line num="22" count="27" type="stmt"/>
        <line num="45" count="2" type="stmt"/>
        <line num="46" count="2" type="stmt"/>
      </file>
    </package>
    <package name="src.dist.assets">
      <metrics statements="4601" coveredstatements="0" conditionals="5860" coveredconditionals="0" methods="892" coveredmethods="0"/>
      <file name="index-ldjmh7aX.js" path="C:\Users\HP\t-e-j\full-stack-open\Part-05\00-notes-app\src\dist\assets\index-ldjmh7aX.js">
        <metrics statements="4601" coveredstatements="0" conditionals="5860" coveredconditionals="0" methods="892" coveredmethods="0"/>
        <line num="1" count="0" type="stmt"/>
        <line num="2" count="0" type="stmt"/>
        <line num="3" count="0" type="cond" truecount="0" falsecount="5"/>
        <line num="4" count="0" type="stmt"/>
        <line num="5" count="0" type="stmt"/>
        <line num="6" count="0" type="stmt"/>
        <line num="7" count="0" type="cond" truecount="0" falsecount="2"/>
        <line num="8" count="0" type="stmt"/>
        <line num="9" count="0" type="cond" truecount="0" falsecount="3"/>
        <line num="12" count="0" type="stmt"/>
        <line num="13" count="0" type="stmt"/>
        <line num="25" count="0" type="cond" truecount="0" falsecount="2"/>
        <line num="26" count="0" type="stmt"/>
        <line num="27" count="0" type="stmt"/>
        <line num="28" count="0" type="stmt"/>
        <line num="31" count="0" type="stmt"/>
        <line num="32" count="0" type="stmt"/>
        <line num="33" count="0" type="stmt"/>
        <line num="34" count="0" type="stmt"/>
        <line num="45" count="0" type="cond" truecount="0" falsecount="2"/>
        <line num="46" count="0" type="stmt"/>
        <line num="47" count="0" type="stmt"/>
        <line num="48" count="0" type="stmt"/>
        <line num="49" count="0" type="stmt"/>
        <line num="50" count="0" type="stmt"/>
        <line num="51" count="0" type="stmt"/>
        <line num="52" count="0" type="stmt"/>
        <line num="53" count="0" type="stmt"/>
        <line num="54" count="0" type="stmt"/>
        <line num="55" count="0" type="stmt"/>
        <line num="56" count="0" type="stmt"/>
        <line num="57" count="0" type="stmt"/>
        <line num="58" count="0" type="stmt"/>
        <line num="60" count="0" type="cond" truecount="0" falsecount="4"/>
        <line num="65" count="0" type="stmt"/>
        <line num="67" count="0" type="stmt"/>
        <line num="73" count="0" type="stmt"/>
        <line num="74" count="0" type="stmt"/>
        <line num="76" count="0" type="stmt"/>
        <line num="81" count="0" type="stmt"/>
        <line num="83" count="0" type="cond" truecount="0" falsecount="5"/>
        <line num="84" count="0" type="stmt"/>
        <line num="87" count="0" type="stmt"/>
        <line num="90" count="0" type="stmt"/>
        <line num="93" count="0" type="stmt"/>
        <line num="95" count="0" type="stmt"/>
        <line num="100" count="0" type="stmt"/>
        <line num="101" count="0" type="stmt"/>
        <line num="102" count="0" type="stmt"/>
        <line num="103" count="0" type="stmt"/>
        <line num="104" count="0" type="stmt"/>
        <line num="105" count="0" type="stmt"/>
        <line num="108" count="0" type="stmt"/>
        <line num="109" count="0" type="stmt"/>
        <line num="110" count="0" type="stmt"/>
        <line num="111" count="0" type="cond" truecount="0" falsecount="2"/>
        <line num="112" count="0" type="cond" truecount="0" falsecount="2"/>
        <line num="115" count="0" type="cond" truecount="0" falsecount="3"/>
        <line num="116" count="0" type="stmt"/>
        <line num="117" count="0" type="cond" truecount="0" falsecount="2"/>
        <line num="118" count="0" type="cond" truecount="0" falsecount="2"/>
        <line num="119" count="0" type="stmt"/>
        <line num="120" count="0" type="stmt"/>
        <line num="121" count="0" type="stmt"/>
        <line num="123" count="0" type="cond" truecount="0" falsecount="4"/>
        <line num="124" count="0" type="stmt"/>
        <line num="125" count="0" type="cond" truecount="0" falsecount="2"/>
        <line num="126" count="0" type="stmt"/>
        <line num="136" count="0" type="stmt"/>
        <line num="146" count="0" type="cond" truecount="0" falsecount="3"/>
        <line num="149" count="0" type="stmt"/>
        <line num="150" count="0" type="stmt"/>
        <line num="153" count="0" type="stmt"/>
        <line num="157" count="0" type="stmt"/>
        <line num="159" count="0" type="cond" truecount="0" falsecount="5"/>
        <line num="164" count="0" type="stmt"/>
        <line num="165" count="0" type="cond" truecount="0" falsecount="3"/>
        <line num="166" count="0" type="stmt"/>
        <line num="167" count="0" type="cond" truecount="0" falsecount="2"/>
        <line num="169" count="0" type="cond" truecount="0" falsecount="3"/>
        <line num="172" count="0" type="stmt"/>
        <line num="173" count="0" type="stmt"/>
        <line num="175" count="0" type="cond" truecount="0" falsecount="2"/>
        <line num="178" count="0" type="stmt"/>
        <line num="181" count="0" type="cond" truecount="0" falsecount="2"/>
        <line num="182" count="0" type="stmt"/>
        <line num="190" count="0" type="stmt"/>
        <line num="205" count="0" type="cond" truecount="0" falsecount="4"/>
        <line num="206" count="0" type="stmt"/>
        <line num="207" count="0" type="stmt"/>
        <line num="208" count="0" type="stmt"/>
        <line num="209" count="0" type="stmt"/>
        <line num="211" count="0" type="cond" truecount="0" falsecount="2"/>
        <line num="212" count="0" type="stmt"/>
        <line num="213" count="0" type="stmt"/>
        <line num="216" count="0" type="cond" truecount="0" falsecount="2"/>
        <line num="217" count="0" type="stmt"/>
        <line num="227" count="0" type="stmt"/>
        <line num="230" count="0" type="cond" truecount="0" falsecount="2"/>
        <line num="231" count="0" type="stmt"/>
        <line num="232" count="0" type="stmt"/>
        <line num="233" count="0" type="stmt"/>
        <line num="235" count="0" type="stmt"/>
        <line num="241" count="0" type="cond" truecount="0" falsecount="2"/>
        <line num="242" count="0" type="stmt"/>
        <line num="243" count="0" type="stmt"/>
        <line num="246" count="0" type="cond" truecount="0" falsecount="3"/>
        <line num="250" count="0" type="cond" truecount="0" falsecount="3"/>
        <line num="256" count="0" type="cond" truecount="0" falsecount="2"/>
        <line num="257" count="0" type="stmt"/>
        <line num="259" count="0" type="stmt"/>
        <line num="260" count="0" type="stmt"/>
        <line num="261" count="0" type="stmt"/>
        <line num="267" count="0" type="stmt"/>
        <line num="269" count="0" type="stmt"/>
        <line num="273" count="0" type="stmt"/>
        <line num="276" count="0" type="stmt"/>
        <line num="282" count="0" type="stmt"/>
        <line num="283" count="0" type="stmt"/>
        <line num="285" count="0" type="stmt"/>
        <line num="291" count="0" type="stmt"/>
        <line num="293" count="0" type="stmt"/>
        <line num="298" count="0" type="cond" truecount="0" falsecount="2"/>
        <line num="299" count="0" type="stmt"/>
        <line num="302" count="0" type="stmt"/>
        <line num="314" count="0" type="cond" truecount="0" falsecount="2"/>
        <line num="315" count="0" type="stmt"/>
        <line num="320" count="0" type="stmt"/>
        <line num="321" count="0" type="stmt"/>
        <line num="322" count="0" type="stmt"/>
        <line num="323" count="0" type="stmt"/>
        <line num="324" count="0" type="cond" truecount="0" falsecount="2"/>
        <line num="325" count="0" type="cond" truecount="0" falsecount="2"/>
        <line num="330" count="0" type="stmt"/>
        <line num="331" count="0" type="stmt"/>
        <line num="332" count="0" type="cond" truecount="0" falsecount="3"/>
        <line num="336" count="0" type="stmt"/>
        <line num="337" count="0" type="cond" truecount="0" falsecount="2"/>
        <line num="338" count="0" type="cond" truecount="0" falsecount="2"/>
        <line num="339" count="0" type="stmt"/>
        <line num="340" count="0" type="stmt"/>
        <line num="341" count="0" type="stmt"/>
        <line num="343" count="0" type="stmt"/>
        <line num="353" count="0" type="stmt"/>
        <line num="370" count="0" type="stmt"/>
        <line num="371" count="0" type="stmt"/>
        <line num="374" count="0" type="stmt"/>
        <line num="377" count="0" type="stmt"/>
        <line num="381" count="0" type="stmt"/>
        <line num="384" count="0" type="cond" truecount="0" falsecount="2"/>
        <line num="387" count="0" type="stmt"/>
        <line num="388" count="0" type="stmt"/>
        <line num="389" count="0" type="stmt"/>
        <line num="390" count="0" type="stmt"/>
        <line num="392" count="0" type="stmt"/>
        <line num="397" count="0" type="stmt"/>
        <line num="400" count="0" type="stmt"/>
        <line num="404" count="0" type="stmt"/>
        <line num="407" count="0" type="stmt"/>
        <line num="410" count="0" type="stmt"/>
        <line num="413" count="0" type="stmt"/>
        <line num="416" count="0" type="stmt"/>
        <line num="419" count="0" type="stmt"/>
        <line num="422" count="0" type="stmt"/>
        <line num="425" count="0" type="stmt"/>
        <line num="428" count="0" type="stmt"/>
        <line num="431" count="0" type="stmt"/>
        <line num="434" count="0" type="stmt"/>
        <line num="437" count="0" type="stmt"/>
        <line num="445" count="0" type="cond" truecount="0" falsecount="2"/>
        <line num="457" count="0" type="cond" truecount="0" falsecount="2"/>
        <line num="458" count="0" type="stmt"/>
        <line num="459" count="0" type="stmt"/>
        <line num="460" count="0" type="stmt"/>
        <line num="461" count="0" type="stmt"/>
        <line num="462" count="0" type="stmt"/>
        <line num="463" count="0" type="stmt"/>
        <line num="464" count="0" type="stmt"/>
        <line num="467" count="0" type="stmt"/>
        <line num="468" count="0" type="stmt"/>
        <line num="469" count="0" type="stmt"/>
        <line num="470" count="0" type="cond" truecount="0" falsecount="2"/>
        <line num="473" count="0" type="cond" truecount="0" falsecount="3"/>
        <line num="474" count="0" type="cond" truecount="0" falsecount="4"/>
        <line num="475" count="0" type="cond" truecount="0" falsecount="2"/>
        <line num="476" count="0" type="stmt"/>
        <line num="485" count="0" type="stmt"/>
        <line num="489" count="0" type="cond" truecount="0" falsecount="2"/>
        <line num="491" count="0" type="stmt"/>
        <line num="492" count="0" type="stmt"/>
        <line num="493" count="0" type="stmt"/>
        <line num="494" count="0" type="stmt"/>
        <line num="495" count="0" type="stmt"/>
        <line num="496" count="0" type="stmt"/>
        <line num="507" count="0" type="stmt"/>
        <line num="512" count="0" type="stmt"/>
        <line num="513" count="0" type="stmt"/>
        <line num="514" count="0" type="stmt"/>
        <line num="515" count="0" type="stmt"/>
        <line num="516" count="0" type="stmt"/>
        <line num="517" count="0" type="cond" truecount="0" falsecount="2"/>
        <line num="518" count="0" type="stmt"/>
        <line num="522" count="0" type="cond" truecount="0" falsecount="2"/>
        <line num="525" count="0" type="cond" truecount="0" falsecount="2"/>
        <line num="526" count="0" type="stmt"/>
        <line num="527" count="0" type="stmt"/>
        <line num="528" count="0" type="cond" truecount="0" falsecount="2"/>
        <line num="529" count="0" type="stmt"/>
        <line num="530" count="0" type="stmt"/>
        <line num="531" count="0" type="stmt"/>
        <line num="532" count="0" type="stmt"/>
        <line num="533" count="0" type="stmt"/>
        <line num="534" count="0" type="stmt"/>
        <line num="535" count="0" type="cond" truecount="0" falsecount="2"/>
        <line num="536" count="0" type="cond" truecount="0" falsecount="4"/>
        <line num="539" count="0" type="cond" truecount="0" falsecount="4"/>
        <line num="540" count="0" type="stmt"/>
        <line num="541" count="0" type="stmt"/>
        <line num="544" count="0" type="stmt"/>
        <line num="547" count="0" type="stmt"/>
        <line num="548" count="0" type="cond" truecount="0" falsecount="2"/>
        <line num="550" count="0" type="cond" truecount="0" falsecount="2"/>
        <line num="554" count="0" type="stmt"/>
        <line num="555" count="0" type="stmt"/>
        <line num="556" count="0" type="stmt"/>
        <line num="559" count="0" type="stmt"/>
        <line num="560" count="0" type="stmt"/>
        <line num="561" count="0" type="stmt"/>
        <line num="562" count="0" type="stmt"/>
        <line num="565" count="0" type="stmt"/>
        <line num="566" count="0" type="stmt"/>
        <line num="567" count="0" type="stmt"/>
        <line num="568" count="0" type="stmt"/>
        <line num="569" count="0" type="stmt"/>
        <line num="570" count="0" type="stmt"/>
        <line num="571" count="0" type="stmt"/>
        <line num="572" count="0" type="stmt"/>
        <line num="573" count="0" type="cond" truecount="0" falsecount="2"/>
        <line num="574" count="0" type="cond" truecount="0" falsecount="2"/>
        <line num="575" count="0" type="cond" truecount="0" falsecount="2"/>
        <line num="576" count="0" type="cond" truecount="0" falsecount="4"/>
        <line num="581" count="0" type="stmt"/>
        <line num="582" count="0" type="cond" truecount="0" falsecount="2"/>
        <line num="583" count="0" type="cond" truecount="0" falsecount="2"/>
        <line num="584" count="0" type="stmt"/>
        <line num="585" count="0" type="stmt"/>
        <line num="586" count="0" type="stmt"/>
        <line num="590" count="0" type="cond" truecount="0" falsecount="2"/>
        <line num="591" count="0" type="cond" truecount="0" falsecount="2"/>
        <line num="593" count="0" type="stmt"/>
        <line num="594" count="0" type="cond" truecount="0" falsecount="2"/>
        <line num="598" count="0" type="cond" truecount="0" falsecount="2"/>
        <line num="599" count="0" type="stmt"/>
        <line num="600" count="0" type="stmt"/>
        <line num="601" count="0" type="stmt"/>
        <line num="606" count="0" type="stmt"/>
        <line num="607" count="0" type="cond" truecount="0" falsecount="2"/>
        <line num="608" count="0" type="stmt"/>
        <line num="609" count="0" type="stmt"/>
        <line num="610" count="0" type="stmt"/>
        <line num="615" count="0" type="stmt"/>
        <line num="616" count="0" type="stmt"/>
        <line num="618" count="0" type="cond" truecount="0" falsecount="2"/>
        <line num="620" count="0" type="stmt"/>
        <line num="621" count="0" type="cond" truecount="0" falsecount="2"/>
        <line num="623" count="0" type="stmt"/>
        <line num="625" count="0" type="stmt"/>
        <line num="628" count="0" type="stmt"/>
        <line num="629" count="0" type="stmt"/>
        <line num="630" count="0" type="stmt"/>
        <line num="631" count="0" type="stmt"/>
        <line num="632" count="0" type="stmt"/>
        <line num="634" count="0" type="stmt"/>
        <line num="637" count="0" type="cond" truecount="0" falsecount="2"/>
        <line num="638" count="0" type="stmt"/>
        <line num="639" count="0" type="stmt"/>
        <line num="640" count="0" type="stmt"/>
        <line num="641" count="0" type="stmt"/>
        <line num="642" count="0" type="stmt"/>
        <line num="644" count="0" type="cond" truecount="0" falsecount="2"/>
        <line num="646" count="0" type="stmt"/>
        <line num="649" count="0" type="cond" truecount="0" falsecount="2"/>
        <line num="650" count="0" type="stmt"/>
        <line num="651" count="0" type="stmt"/>
        <line num="653" count="0" type="cond" truecount="0" falsecount="2"/>
        <line num="654" count="0" type="stmt"/>
        <line num="655" count="0" type="stmt"/>
        <line num="656" count="0" type="stmt"/>
        <line num="658" count="0" type="stmt"/>
        <line num="661" count="0" type="stmt"/>
        <line num="662" count="0" type="stmt"/>
        <line num="665" count="0" type="cond" truecount="0" falsecount="2"/>
        <line num="668" count="0" type="stmt"/>
        <line num="669" count="0" type="stmt"/>
        <line num="672" count="0" type="stmt"/>
        <line num="679" count="0" type="stmt"/>
        <line num="682" count="0" type="cond" truecount="0" falsecount="3"/>
        <line num="685" count="0" type="cond" truecount="0" falsecount="4"/>
        <line num="692" count="0" type="stmt"/>
        <line num="695" count="0" type="stmt"/>
        <line num="698" count="0" type="cond" truecount="0" falsecount="4"/>
        <line num="702" count="0" type="stmt"/>
        <line num="703" count="0" type="stmt"/>
        <line num="705" count="0" type="stmt"/>
        <line num="707" count="0" type="stmt"/>
        <line num="708" count="0" type="stmt"/>
        <line num="709" count="0" type="stmt"/>
        <line num="710" count="0" type="stmt"/>
        <line num="712" count="0" type="stmt"/>
        <line num="718" count="0" type="cond" truecount="0" falsecount="6"/>
        <line num="724" count="0" type="stmt"/>
        <line num="726" count="0" type="stmt"/>
        <line num="728" count="0" type="stmt"/>
        <line num="729" count="0" type="stmt"/>
        <line num="730" count="0" type="stmt"/>
        <line num="731" count="0" type="stmt"/>
        <line num="733" count="0" type="stmt"/>
        <line num="737" count="0" type="stmt"/>
        <line num="738" count="0" type="cond" truecount="0" falsecount="5"/>
        <line num="746" count="0" type="stmt"/>
        <line num="747" count="0" type="stmt"/>
        <line num="749" count="0" type="stmt"/>
        <line num="750" count="0" type="stmt"/>
        <line num="752" count="0" type="stmt"/>
        <line num="753" count="0" type="stmt"/>
        <line num="755" count="0" type="stmt"/>
        <line num="756" count="0" type="stmt"/>
        <line num="758" count="0" type="stmt"/>
        <line num="760" count="0" type="stmt"/>
        <line num="782" count="0" type="stmt"/>
        <line num="783" count="0" type="stmt"/>
        <line num="784" count="0" type="stmt"/>
        <line num="785" count="0" type="stmt"/>
        <line num="786" count="0" type="stmt"/>
        <line num="787" count="0" type="stmt"/>
        <line num="789" count="0" type="stmt"/>
        <line num="799" count="0" type="cond" truecount="0" falsecount="2"/>
        <line num="811" count="0" type="cond" truecount="0" falsecount="2"/>
        <line num="812" count="0" type="stmt"/>
        <line num="813" count="0" type="stmt"/>
        <line num="814" count="0" type="stmt"/>
        <line num="816" count="0" type="stmt"/>
        <line num="817" count="0" type="stmt"/>
        <line num="818" count="0" type="stmt"/>
        <line num="822" count="0" type="stmt"/>
        <line num="823" count="0" type="stmt"/>
        <line num="831" count="0" type="stmt"/>
        <line num="832" count="0" type="stmt"/>
        <line num="834" count="0" type="stmt"/>
        <line num="837" count="0" type="stmt"/>
        <line num="839" count="0" type="stmt"/>
        <line num="844" count="0" type="stmt"/>
        <line num="846" count="0" type="stmt"/>
        <line num="847" count="0" type="stmt"/>
        <line num="848" count="0" type="stmt"/>
        <line num="850" count="0" type="cond" truecount="0" falsecount="2"/>
        <line num="859" count="0" type="cond" truecount="0" falsecount="4"/>
        <line num="860" count="0" type="cond" truecount="0" falsecount="4"/>
        <line num="863" count="0" type="stmt"/>
        <line num="865" count="0" type="cond" truecount="0" falsecount="2"/>
        <line num="872" count="0" type="stmt"/>
        <line num="876" count="0" type="cond" truecount="0" falsecount="5"/>
        <line num="877" count="0" type="cond" truecount="0" falsecount="2"/>
        <line num="878" count="0" type="cond" truecount="0" falsecount="2"/>
        <line num="879" count="0" type="cond" truecount="0" falsecount="4"/>
        <line num="881" count="0" type="stmt"/>
        <line num="883" count="0" type="stmt"/>
        <line num="885" count="0" type="stmt"/>
        <line num="887" count="0" type="cond" truecount="0" falsecount="2"/>
        <line num="889" count="0" type="stmt"/>
        <line num="892" count="0" type="cond" truecount="0" falsecount="3"/>
        <line num="901" count="0" type="stmt"/>
        <line num="902" count="0" type="stmt"/>
        <line num="905" count="0" type="stmt"/>
        <line num="913" count="0" type="stmt"/>
        <line num="914" count="0" type="stmt"/>
        <line num="918" count="0" type="stmt"/>
        <line num="927" count="0" type="stmt"/>
        <line num="932" count="0" type="stmt"/>
        <line num="935" count="0" type="stmt"/>
        <line num="938" count="0" type="stmt"/>
        <line num="941" count="0" type="stmt"/>
        <line num="944" count="0" type="stmt"/>
        <line num="946" count="0" type="stmt"/>
        <line num="948" count="0" type="stmt"/>
        <line num="950" count="0" type="stmt"/>
        <line num="953" count="0" type="stmt"/>
        <line num="954" count="0" type="stmt"/>
        <line num="959" count="0" type="stmt"/>
        <line num="960" count="0" type="stmt"/>
        <line num="963" count="0" type="stmt"/>
        <line num="964" count="0" type="stmt"/>
        <line num="967" count="0" type="stmt"/>
        <line num="979" count="0" type="stmt"/>
        <line num="982" count="0" type="cond" truecount="0" falsecount="2"/>
        <line num="983" count="0" type="cond" truecount="0" falsecount="4"/>
        <line num="1003" count="0" type="stmt"/>
        <line num="1004" count="0" type="stmt"/>
        <line num="1005" count="0" type="stmt"/>
        <line num="1006" count="0" type="stmt"/>
        <line num="1007" count="0" type="stmt"/>
        <line num="1008" count="0" type="stmt"/>
        <line num="1009" count="0" type="stmt"/>
        <line num="1010" count="0" type="stmt"/>
        <line num="1011" count="0" type="stmt"/>
        <line num="1012" count="0" type="stmt"/>
        <line num="1013" count="0" type="stmt"/>
        <line num="1014" count="0" type="stmt"/>
        <line num="1015" count="0" type="stmt"/>
        <line num="1016" count="0" type="stmt"/>
        <line num="1017" count="0" type="stmt"/>
        <line num="1019" count="0" type="cond" truecount="0" falsecount="4"/>
        <line num="1024" count="0" type="stmt"/>
        <line num="1027" count="0" type="cond" truecount="0" falsecount="2"/>
        <line num="1028" count="0" type="stmt"/>
        <line num="1029" count="0" type="stmt"/>
        <line num="1031" count="0" type="stmt"/>
        <line num="1032" count="0" type="cond" truecount="0" falsecount="3"/>
        <line num="1034" count="0" type="stmt"/>
        <line num="1041" count="0" type="stmt"/>
        <line num="1043" count="0" type="cond" truecount="0" falsecount="4"/>
        <line num="1044" count="0" type="stmt"/>
        <line num="1045" count="0" type="stmt"/>
        <line num="1046" count="0" type="stmt"/>
        <line num="1047" count="0" type="stmt"/>
        <line num="1048" count="0" type="cond" truecount="0" falsecount="2"/>
        <line num="1049" count="0" type="cond" truecount="0" falsecount="2"/>
        <line num="1051" count="0" type="stmt"/>
        <line num="1055" count="0" type="stmt"/>
        <line num="1060" count="0" type="stmt"/>
        <line num="1061" count="0" type="stmt"/>
        <line num="1063" count="0" type="stmt"/>
        <line num="1065" count="0" type="stmt"/>
        <line num="1067" count="0" type="stmt"/>
        <line num="1068" count="0" type="stmt"/>
        <line num="1070" count="0" type="stmt"/>
        <line num="1072" count="0" type="stmt"/>
        <line num="1075" count="0" type="stmt"/>
        <line num="1076" count="0" type="stmt"/>
        <line num="1078" count="0" type="stmt"/>
        <line num="1080" count="0" type="stmt"/>
        <line num="1083" count="0" type="cond" truecount="0" falsecount="5"/>
        <line num="1084" count="0" type="stmt"/>
        <line num="1085" count="0" type="stmt"/>
        <line num="1087" count="0" type="stmt"/>
        <line num="1089" count="0" type="stmt"/>
        <line num="1090" count="0" type="stmt"/>
        <line num="1094" count="0" type="stmt"/>
        <line num="1095" count="0" type="cond" truecount="0" falsecount="2"/>
        <line num="1096" count="0" type="cond" truecount="0" falsecount="2"/>
        <line num="1097" count="0" type="cond" truecount="0" falsecount="4"/>
        <line num="1098" count="0" type="stmt"/>
        <line num="1099" count="0" type="cond" truecount="0" falsecount="4"/>
        <line num="1101" count="0" type="stmt"/>
        <line num="1103" count="0" type="stmt"/>
        <line num="1111" count="0" type="stmt"/>
        <line num="1115" count="0" type="stmt"/>
        <line num="1117" count="0" type="cond" truecount="0" falsecount="6"/>
        <line num="1120" count="0" type="cond" truecount="0" falsecount="10"/>
        <line num="1122" count="0" type="stmt"/>
        <line num="1124" count="0" type="stmt"/>
        <line num="1126" count="0" type="stmt"/>
        <line num="1128" count="0" type="stmt"/>
        <line num="1132" count="0" type="stmt"/>
        <line num="1134" count="0" type="stmt"/>
        <line num="1136" count="0" type="stmt"/>
        <line num="1138" count="0" type="stmt"/>
        <line num="1142" count="0" type="cond" truecount="0" falsecount="2"/>
        <line num="1143" count="0" type="cond" truecount="0" falsecount="5"/>
        <line num="1144" count="0" type="cond" truecount="0" falsecount="2"/>
        <line num="1145" count="0" type="cond" truecount="0" falsecount="6"/>
        <line num="1147" count="0" type="stmt"/>
        <line num="1149" count="0" type="stmt"/>
        <line num="1151" count="0" type="stmt"/>
        <line num="1153" count="0" type="stmt"/>
        <line num="1155" count="0" type="stmt"/>
        <line num="1157" count="0" type="stmt"/>
        <line num="1159" count="0" type="cond" truecount="0" falsecount="2"/>
        <line num="1160" count="0" type="cond" truecount="0" falsecount="5"/>
        <line num="1162" count="0" type="cond" truecount="0" falsecount="2"/>
        <line num="1164" count="0" type="cond" truecount="0" falsecount="2"/>
        <line num="1166" count="0" type="stmt"/>
        <line num="1167" count="0" type="stmt"/>
        <line num="1175" count="0" type="stmt"/>
        <line num="1180" count="0" type="stmt"/>
        <line num="1181" count="0" type="stmt"/>
        <line num="1182" count="0" type="stmt"/>
        <line num="1185" count="0" type="stmt"/>
        <line num="1188" count="0" type="stmt"/>
        <line num="1189" count="0" type="cond" truecount="0" falsecount="24"/>
        <line num="1191" count="0" type="stmt"/>
        <line num="1193" count="0" type="cond" truecount="0" falsecount="2"/>
        <line num="1195" count="0" type="cond" truecount="0" falsecount="2"/>
        <line num="1197" count="0" type="stmt"/>
        <line num="1199" count="0" type="stmt"/>
        <line num="1205" count="0" type="stmt"/>
        <line num="1207" count="0" type="stmt"/>
        <line num="1209" count="0" type="stmt"/>
        <line num="1211" count="0" type="stmt"/>
        <line num="1213" count="0" type="stmt"/>
        <line num="1215" count="0" type="stmt"/>
        <line num="1217" count="0" type="cond" truecount="0" falsecount="2"/>
        <line num="1219" count="0" type="stmt"/>
        <line num="1221" count="0" type="stmt"/>
        <line num="1223" count="0" type="stmt"/>
        <line num="1225" count="0" type="stmt"/>
        <line num="1227" count="0" type="stmt"/>
        <line num="1229" count="0" type="stmt"/>
        <line num="1236" count="0" type="cond" truecount="0" falsecount="5"/>
        <line num="1237" count="0" type="cond" truecount="0" falsecount="2"/>
        <line num="1239" count="0" type="stmt"/>
        <line num="1242" count="0" type="cond" truecount="0" falsecount="6"/>
        <line num="1247" count="0" type="stmt"/>
        <line num="1249" count="0" type="stmt"/>
        <line num="1251" count="0" type="stmt"/>
        <line num="1255" count="0" type="stmt"/>
        <line num="1256" count="0" type="stmt"/>
        <line num="1263" count="0" type="cond" truecount="0" falsecount="2"/>
        <line num="1264" count="0" type="stmt"/>
        <line num="1265" count="0" type="stmt"/>
        <line num="1266" count="0" type="cond" truecount="0" falsecount="2"/>
        <line num="1272" count="0" type="stmt"/>
        <line num="1273" count="0" type="stmt"/>
        <line num="1274" count="0" type="stmt"/>
        <line num="1278" count="0" type="stmt"/>
        <line num="1281" count="0" type="stmt"/>
        <line num="1287" count="0" type="stmt"/>
        <line num="1290" count="0" type="stmt"/>
        <line num="1293" count="0" type="stmt"/>
        <line num="1300" count="0" type="cond" truecount="0" falsecount="2"/>
        <line num="1303" count="0" type="cond" truecount="0" falsecount="2"/>
        <line num="1304" count="0" type="stmt"/>
        <line num="1305" count="0" type="cond" truecount="0" falsecount="2"/>
        <line num="1306" count="0" type="stmt"/>
        <line num="1307" count="0" type="stmt"/>
        <line num="1308" count="0" type="stmt"/>
        <line num="1315" count="0" type="cond" truecount="0" falsecount="2"/>
        <line num="1318" count="0" type="stmt"/>
        <line num="1319" count="0" type="stmt"/>
        <line num="1320" count="0" type="cond" truecount="0" falsecount="2"/>
        <line num="1322" count="0" type="stmt"/>
        <line num="1326" count="0" type="stmt"/>
        <line num="1327" count="0" type="stmt"/>
        <line num="1335" count="0" type="cond" truecount="0" falsecount="2"/>
        <line num="1336" count="0" type="cond" truecount="0" falsecount="2"/>
        <line num="1337" count="0" type="cond" truecount="0" falsecount="2"/>
        <line num="1348" count="0" type="cond" truecount="0" falsecount="2"/>
        <line num="1351" count="0" type="stmt"/>
        <line num="1352" count="0" type="stmt"/>
        <line num="1353" count="0" type="stmt"/>
        <line num="1354" count="0" type="cond" truecount="0" falsecount="2"/>
        <line num="1355" count="0" type="cond" truecount="0" falsecount="2"/>
        <line num="1358" count="0" type="cond" truecount="0" falsecount="4"/>
        <line num="1359" count="0" type="stmt"/>
        <line num="1360" count="0" type="stmt"/>
        <line num="1362" count="0" type="cond" truecount="0" falsecount="2"/>
        <line num="1370" count="0" type="cond" truecount="0" falsecount="4"/>
        <line num="1371" count="0" type="stmt"/>
        <line num="1372" count="0" type="cond" truecount="0" falsecount="2"/>
        <line num="1378" count="0" type="stmt"/>
        <line num="1379" count="0" type="stmt"/>
        <line num="1383" count="0" type="stmt"/>
        <line num="1389" count="0" type="cond" truecount="0" falsecount="3"/>
        <line num="1394" count="0" type="stmt"/>
        <line num="1396" count="0" type="cond" truecount="0" falsecount="2"/>
        <line num="1397" count="0" type="stmt"/>
        <line num="1398" count="0" type="stmt"/>
        <line num="1399" count="0" type="stmt"/>
        <line num="1400" count="0" type="stmt"/>
        <line num="1404" count="0" type="stmt"/>
        <line num="1405" count="0" type="cond" truecount="0" falsecount="2"/>
        <line num="1406" count="0" type="cond" truecount="0" falsecount="2"/>
        <line num="1407" count="0" type="stmt"/>
        <line num="1409" count="0" type="cond" truecount="0" falsecount="3"/>
        <line num="1411" count="0" type="cond" truecount="0" falsecount="2"/>
        <line num="1415" count="0" type="cond" truecount="0" falsecount="2"/>
        <line num="1416" count="0" type="stmt"/>
        <line num="1423" count="0" type="stmt"/>
        <line num="1424" count="0" type="cond" truecount="0" falsecount="2"/>
        <line num="1425" count="0" type="cond" truecount="0" falsecount="2"/>
        <line num="1426" count="0" type="cond" truecount="0" falsecount="2"/>
        <line num="1427" count="0" type="cond" truecount="0" falsecount="2"/>
        <line num="1428" count="0" type="cond" truecount="0" falsecount="2"/>
        <line num="1429" count="0" type="stmt"/>
        <line num="1431" count="0" type="stmt"/>
        <line num="1433" count="0" type="cond" truecount="0" falsecount="2"/>
        <line num="1435" count="0" type="stmt"/>
        <line num="1438" count="0" type="stmt"/>
        <line num="1439" count="0" type="stmt"/>
        <line num="1440" count="0" type="cond" truecount="0" falsecount="2"/>
        <line num="1447" count="0" type="stmt"/>
        <line num="1448" count="0" type="cond" truecount="0" falsecount="4"/>
        <line num="1454" count="0" type="cond" truecount="0" falsecount="3"/>
        <line num="1456" count="0" type="stmt"/>
        <line num="1458" count="0" type="stmt"/>
        <line num="1460" count="0" type="stmt"/>
        <line num="1464" count="0" type="cond" truecount="0" falsecount="4"/>
        <line num="1471" count="0" type="stmt"/>
        <line num="1472" count="0" type="cond" truecount="0" falsecount="4"/>
        <line num="1474" count="0" type="stmt"/>
        <line num="1475" count="0" type="stmt"/>
        <line num="1480" count="0" type="cond" truecount="0" falsecount="4"/>
        <line num="1481" count="0" type="stmt"/>
        <line num="1483" count="0" type="stmt"/>
        <line num="1490" count="0" type="stmt"/>
        <line num="1491" count="0" type="stmt"/>
        <line num="1495" count="0" type="cond" truecount="0" falsecount="2"/>
        <line num="1496" count="0" type="stmt"/>
        <line num="1497" count="0" type="cond" truecount="0" falsecount="5"/>
        <line num="1498" count="0" type="stmt"/>
        <line num="1499" count="0" type="stmt"/>
        <line num="1502" count="0" type="stmt"/>
        <line num="1504" count="0" type="stmt"/>
        <line num="1549" count="0" type="stmt"/>
        <line num="1550" count="0" type="stmt"/>
        <line num="1551" count="0" type="stmt"/>
        <line num="1552" count="0" type="stmt"/>
        <line num="1556" count="0" type="cond" truecount="0" falsecount="5"/>
        <line num="1563" count="0" type="stmt"/>
        <line num="1564" count="0" type="stmt"/>
        <line num="1565" count="0" type="cond" truecount="0" falsecount="2"/>
        <line num="1566" count="0" type="stmt"/>
        <line num="1567" count="0" type="stmt"/>
        <line num="1568" count="0" type="cond" truecount="0" falsecount="2"/>
        <line num="1572" count="0" type="stmt"/>
        <line num="1593" count="0" type="cond" truecount="0" falsecount="2"/>
        <line num="1594" count="0" type="cond" truecount="0" falsecount="5"/>
        <line num="1595" count="0" type="stmt"/>
        <line num="1596" count="0" type="cond" truecount="0" falsecount="2"/>
        <line num="1597" count="0" type="cond" truecount="0" falsecount="2"/>
        <line num="1598" count="0" type="cond" truecount="0" falsecount="2"/>
        <line num="1602" count="0" type="stmt"/>
        <line num="1604" count="0" type="cond" truecount="0" falsecount="4"/>
        <line num="1608" count="0" type="cond" truecount="0" falsecount="2"/>
        <line num="1609" count="0" type="cond" truecount="0" falsecount="9"/>
        <line num="1618" count="0" type="stmt"/>
        <line num="1620" count="0" type="stmt"/>
        <line num="1623" count="0" type="stmt"/>
        <line num="1625" count="0" type="stmt"/>
        <line num="1631" count="0" type="stmt"/>
        <line num="1632" count="0" type="stmt"/>
        <line num="1633" count="0" type="stmt"/>
        <line num="1635" count="0" type="cond" truecount="0" falsecount="2"/>
        <line num="1636" count="0" type="cond" truecount="0" falsecount="2"/>
        <line num="1637" count="0" type="stmt"/>
        <line num="1638" count="0" type="cond" truecount="0" falsecount="2"/>
        <line num="1642" count="0" type="cond" truecount="0" falsecount="4"/>
        <line num="1645" count="0" type="cond" truecount="0" falsecount="2"/>
        <line num="1646" count="0" type="stmt"/>
        <line num="1647" count="0" type="stmt"/>
        <line num="1648" count="0" type="cond" truecount="0" falsecount="2"/>
        <line num="1652" count="0" type="stmt"/>
        <line num="1655" count="0" type="stmt"/>
        <line num="1657" count="0" type="cond" truecount="0" falsecount="2"/>
        <line num="1658" count="0" type="stmt"/>
        <line num="1659" count="0" type="stmt"/>
        <line num="1660" count="0" type="stmt"/>
        <line num="1662" count="0" type="cond" truecount="0" falsecount="3"/>
        <line num="1666" count="0" type="stmt"/>
        <line num="1667" count="0" type="cond" truecount="0" falsecount="2"/>
        <line num="1668" count="0" type="stmt"/>
        <line num="1669" count="0" type="cond" truecount="0" falsecount="2"/>
        <line num="1670" count="0" type="stmt"/>
        <line num="1671" count="0" type="cond" truecount="0" falsecount="12"/>
        <line num="1683" count="0" type="cond" truecount="0" falsecount="2"/>
        <line num="1692" count="0" type="stmt"/>
        <line num="1694" count="0" type="stmt"/>
        <line num="1696" count="0" type="cond" truecount="0" falsecount="2"/>
        <line num="1697" count="0" type="cond" truecount="0" falsecount="4"/>
        <line num="1698" count="0" type="stmt"/>
        <line num="1700" count="0" type="stmt"/>
        <line num="1701" count="0" type="cond" truecount="0" falsecount="2"/>
        <line num="1702" count="0" type="stmt"/>
        <line num="1703" count="0" type="stmt"/>
        <line num="1704" count="0" type="stmt"/>
        <line num="1706" count="0" type="stmt"/>
        <line num="1712" count="0" type="stmt"/>
        <line num="1715" count="0" type="stmt"/>
        <line num="1716" count="0" type="stmt"/>
        <line num="1717" count="0" type="stmt"/>
        <line num="1719" count="0" type="stmt"/>
        <line num="1722" count="0" type="stmt"/>
        <line num="1723" count="0" type="stmt"/>
        <line num="1724" count="0" type="stmt"/>
        <line num="1725" count="0" type="stmt"/>
        <line num="1726" count="0" type="stmt"/>
        <line num="1728" count="0" type="stmt"/>
        <line num="1732" count="0" type="stmt"/>
        <line num="1735" count="0" type="cond" truecount="0" falsecount="2"/>
        <line num="1736" count="0" type="cond" truecount="0" falsecount="2"/>
        <line num="1737" count="0" type="stmt"/>
        <line num="1738" count="0" type="stmt"/>
        <line num="1739" count="0" type="stmt"/>
        <line num="1740" count="0" type="cond" truecount="0" falsecount="2"/>
        <line num="1744" count="0" type="stmt"/>
        <line num="1745" count="0" type="stmt"/>
        <line num="1746" count="0" type="cond" truecount="0" falsecount="2"/>
        <line num="1748" count="0" type="stmt"/>
        <line num="1749" count="0" type="cond" truecount="0" falsecount="2"/>
        <line num="1752" count="0" type="cond" truecount="0" falsecount="2"/>
        <line num="1755" count="0" type="cond" truecount="0" falsecount="2"/>
        <line num="1756" count="0" type="stmt"/>
        <line num="1757" count="0" type="cond" truecount="0" falsecount="2"/>
        <line num="1761" count="0" type="stmt"/>
        <line num="1763" count="0" type="stmt"/>
        <line num="1766" count="0" type="cond" truecount="0" falsecount="2"/>
        <line num="1769" count="0" type="stmt"/>
        <line num="1770" count="0" type="cond" truecount="0" falsecount="2"/>
        <line num="1771" count="0" type="cond" truecount="0" falsecount="2"/>
        <line num="1772" count="0" type="cond" truecount="0" falsecount="2"/>
        <line num="1774" count="0" type="stmt"/>
        <line num="1775" count="0" type="stmt"/>
        <line num="1776" count="0" type="cond" truecount="0" falsecount="2"/>
        <line num="1777" count="0" type="stmt"/>
        <line num="1778" count="0" type="cond" truecount="0" falsecount="2"/>
        <line num="1779" count="0" type="cond" truecount="0" falsecount="2"/>
        <line num="1780" count="0" type="stmt"/>
        <line num="1781" count="0" type="stmt"/>
        <line num="1783" count="0" type="stmt"/>
        <line num="1785" count="0" type="cond" truecount="0" falsecount="2"/>
        <line num="1786" count="0" type="stmt"/>
        <line num="1787" count="0" type="cond" truecount="0" falsecount="2"/>
        <line num="1788" count="0" type="cond" truecount="0" falsecount="2"/>
        <line num="1789" count="0" type="stmt"/>
        <line num="1791" count="0" type="stmt"/>
        <line num="1793" count="0" type="cond" truecount="0" falsecount="2"/>
        <line num="1795" count="0" type="stmt"/>
        <line num="1796" count="0" type="cond" truecount="0" falsecount="2"/>
        <line num="1797" count="0" type="stmt"/>
        <line num="1798" count="0" type="stmt"/>
        <line num="1800" count="0" type="cond" truecount="0" falsecount="2"/>
        <line num="1801" count="0" type="stmt"/>
        <line num="1802" count="0" type="stmt"/>
        <line num="1804" count="0" type="stmt"/>
        <line num="1806" count="0" type="cond" truecount="0" falsecount="2"/>
        <line num="1807" count="0" type="stmt"/>
        <line num="1808" count="0" type="cond" truecount="0" falsecount="2"/>
        <line num="1809" count="0" type="stmt"/>
        <line num="1810" count="0" type="stmt"/>
        <line num="1812" count="0" type="cond" truecount="0" falsecount="2"/>
        <line num="1813" count="0" type="stmt"/>
        <line num="1814" count="0" type="stmt"/>
        <line num="1816" count="0" type="stmt"/>
        <line num="1818" count="0" type="cond" truecount="0" falsecount="2"/>
        <line num="1821" count="0" type="cond" truecount="0" falsecount="2"/>
        <line num="1823" count="0" type="cond" truecount="0" falsecount="2"/>
        <line num="1824" count="0" type="cond" truecount="0" falsecount="2"/>
        <line num="1827" count="0" type="cond" truecount="0" falsecount="2"/>
        <line num="1830" count="0" type="cond" truecount="0" falsecount="4"/>
        <line num="1831" count="0" type="stmt"/>
        <line num="1832" count="0" type="stmt"/>
        <line num="1833" count="0" type="cond" truecount="0" falsecount="2"/>
        <line num="1834" count="0" type="stmt"/>
        <line num="1836" count="0" type="stmt"/>
        <line num="1838" count="0" type="stmt"/>
        <line num="1839" count="0" type="stmt"/>
        <line num="1840" count="0" type="stmt"/>
        <line num="1841" count="0" type="stmt"/>
        <line num="1842" count="0" type="stmt"/>
        <line num="1843" count="0" type="stmt"/>
        <line num="1844" count="0" type="stmt"/>
        <line num="1845" count="0" type="stmt"/>
        <line num="1846" count="0" type="stmt"/>
        <line num="1847" count="0" type="stmt"/>
        <line num="1848" count="0" type="stmt"/>
        <line num="1849" count="0" type="stmt"/>
        <line num="1850" count="0" type="stmt"/>
        <line num="1852" count="0" type="cond" truecount="0" falsecount="4"/>
        <line num="1853" count="0" type="stmt"/>
        <line num="1854" count="0" type="stmt"/>
        <line num="1857" count="0" type="cond" truecount="0" falsecount="2"/>
        <line num="1858" count="0" type="stmt"/>
        <line num="1859" count="0" type="stmt"/>
        <line num="1861" count="0" type="cond" truecount="0" falsecount="2"/>
        <line num="1863" count="0" type="stmt"/>
        <line num="1864" count="0" type="stmt"/>
        <line num="1866" count="0" type="cond" truecount="0" falsecount="32"/>
        <line num="1868" count="0" type="stmt"/>
        <line num="1870" count="0" type="stmt"/>
        <line num="1872" count="0" type="stmt"/>
        <line num="1874" count="0" type="stmt"/>
        <line num="1876" count="0" type="stmt"/>
        <line num="1878" count="0" type="stmt"/>
        <line num="1895" count="0" type="stmt"/>
        <line num="1901" count="0" type="stmt"/>
        <line num="1903" count="0" type="stmt"/>
        <line num="1905" count="0" type="stmt"/>
        <line num="1907" count="0" type="stmt"/>
        <line num="1909" count="0" type="stmt"/>
        <line num="1911" count="0" type="stmt"/>
        <line num="1915" count="0" type="stmt"/>
        <line num="1916" count="0" type="cond" truecount="0" falsecount="2"/>
        <line num="1917" count="0" type="stmt"/>
        <line num="1918" count="0" type="stmt"/>
        <line num="1919" count="0" type="stmt"/>
        <line num="1920" count="0" type="stmt"/>
        <line num="1921" count="0" type="cond" truecount="0" falsecount="2"/>
        <line num="1922" count="0" type="stmt"/>
        <line num="1923" count="0" type="cond" truecount="0" falsecount="4"/>
        <line num="1924" count="0" type="cond" truecount="0" falsecount="4"/>
        <line num="1925" count="0" type="cond" truecount="0" falsecount="2"/>
        <line num="1926" count="0" type="cond" truecount="0" falsecount="2"/>
        <line num="1932" count="0" type="stmt"/>
        <line num="1933" count="0" type="cond" truecount="0" falsecount="4"/>
        <line num="1934" count="0" type="stmt"/>
        <line num="1935" count="0" type="stmt"/>
        <line num="1936" count="0" type="stmt"/>
        <line num="1939" count="0" type="cond" truecount="0" falsecount="32"/>
        <line num="1943" count="0" type="stmt"/>
        <line num="1963" count="0" type="stmt"/>
        <line num="1969" count="0" type="stmt"/>
        <line num="1974" count="0" type="stmt"/>
        <line num="1976" count="0" type="stmt"/>
        <line num="1980" count="0" type="stmt"/>
        <line num="1981" count="0" type="stmt"/>
        <line num="1982" count="0" type="stmt"/>
        <line num="1983" count="0" type="stmt"/>
        <line num="1984" count="0" type="stmt"/>
        <line num="1988" count="0" type="stmt"/>
        <line num="1989" count="0" type="stmt"/>
        <line num="1990" count="0" type="stmt"/>
        <line num="1991" count="0" type="cond" truecount="0" falsecount="2"/>
        <line num="1998" count="0" type="stmt"/>
        <line num="2004" count="0" type="stmt"/>
        <line num="2005" count="0" type="cond" truecount="0" falsecount="2"/>
        <line num="2008" count="0" type="stmt"/>
        <line num="2009" count="0" type="stmt"/>
        <line num="2012" count="0" type="stmt"/>
        <line num="2019" count="0" type="stmt"/>
        <line num="2020" count="0" type="stmt"/>
        <line num="2027" count="0" type="stmt"/>
        <line num="2028" count="0" type="stmt"/>
        <line num="2029" count="0" type="stmt"/>
        <line num="2030" count="0" type="stmt"/>
        <line num="2031" count="0" type="stmt"/>
        <line num="2035" count="0" type="stmt"/>
        <line num="2036" count="0" type="stmt"/>
        <line num="2037" count="0" type="stmt"/>
        <line num="2038" count="0" type="stmt"/>
        <line num="2039" count="0" type="cond" truecount="0" falsecount="2"/>
        <line num="2042" count="0" type="stmt"/>
        <line num="2044" count="0" type="stmt"/>
        <line num="2054" count="0" type="stmt"/>
        <line num="2055" count="0" type="stmt"/>
        <line num="2056" count="0" type="stmt"/>
        <line num="2057" count="0" type="stmt"/>
        <line num="2058" count="0" type="stmt"/>
        <line num="2059" count="0" type="stmt"/>
        <line num="2060" count="0" type="stmt"/>
        <line num="2061" count="0" type="stmt"/>
        <line num="2063" count="0" type="stmt"/>
        <line num="2067" count="0" type="cond" truecount="0" falsecount="10"/>
        <line num="2070" count="0" type="stmt"/>
        <line num="2071" count="0" type="stmt"/>
        <line num="2074" count="0" type="stmt"/>
        <line num="2075" count="0" type="stmt"/>
        <line num="2078" count="0" type="stmt"/>
        <line num="2079" count="0" type="stmt"/>
        <line num="2082" count="0" type="stmt"/>
        <line num="2083" count="0" type="stmt"/>
        <line num="2086" count="0" type="stmt"/>
        <line num="2090" count="0" type="cond" truecount="0" falsecount="4"/>
        <line num="2106" count="0" type="cond" truecount="0" falsecount="5"/>
        <line num="2108" count="0" type="stmt"/>
        <line num="2110" count="0" type="stmt"/>
        <line num="2112" count="0" type="stmt"/>
        <line num="2114" count="0" type="stmt"/>
        <line num="2115" count="0" type="cond" truecount="0" falsecount="2"/>
        <line num="2117" count="0" type="stmt"/>
        <line num="2123" count="0" type="stmt"/>
        <line num="2126" count="0" type="stmt"/>
        <line num="2127" count="0" type="cond" truecount="0" falsecount="2"/>
        <line num="2128" count="0" type="stmt"/>
        <line num="2129" count="0" type="cond" truecount="0" falsecount="2"/>
        <line num="2130" count="0" type="cond" truecount="0" falsecount="2"/>
        <line num="2131" count="0" type="cond" truecount="0" falsecount="2"/>
        <line num="2132" count="0" type="stmt"/>
        <line num="2134" count="0" type="stmt"/>
        <line num="2136" count="0" type="stmt"/>
        <line num="2138" count="0" type="cond" truecount="0" falsecount="4"/>
        <line num="2139" count="0" type="cond" truecount="0" falsecount="2"/>
        <line num="2140" count="0" type="stmt"/>
        <line num="2144" count="0" type="stmt"/>
        <line num="2147" count="0" type="cond" truecount="0" falsecount="2"/>
        <line num="2148" count="0" type="stmt"/>
        <line num="2149" count="0" type="stmt"/>
        <line num="2150" count="0" type="cond" truecount="0" falsecount="2"/>
        <line num="2151" count="0" type="stmt"/>
        <line num="2152" count="0" type="stmt"/>
        <line num="2153" count="0" type="stmt"/>
        <line num="2154" count="0" type="cond" truecount="0" falsecount="2"/>
        <line num="2155" count="0" type="stmt"/>
        <line num="2157" count="0" type="stmt"/>
        <line num="2160" count="0" type="cond" truecount="0" falsecount="2"/>
        <line num="2163" count="0" type="stmt"/>
        <line num="2171" count="0" type="cond" truecount="0" falsecount="2"/>
        <line num="2179" count="0" type="stmt"/>
        <line num="2181" count="0" type="cond" truecount="0" falsecount="2"/>
        <line num="2182" count="0" type="stmt"/>
        <line num="2183" count="0" type="stmt"/>
        <line num="2184" count="0" type="stmt"/>
        <line num="2185" count="0" type="cond" truecount="0" falsecount="2"/>
        <line num="2188" count="0" type="stmt"/>
        <line num="2198" count="0" type="cond" truecount="0" falsecount="2"/>
        <line num="2199" count="0" type="cond" truecount="0" falsecount="2"/>
        <line num="2200" count="0" type="cond" truecount="0" falsecount="2"/>
        <line num="2202" count="0" type="stmt"/>
        <line num="2203" count="0" type="stmt"/>
        <line num="2205" count="0" type="stmt"/>
        <line num="2206" count="0" type="stmt"/>
        <line num="2207" count="0" type="stmt"/>
        <line num="2208" count="0" type="stmt"/>
        <line num="2209" count="0" type="stmt"/>
        <line num="2211" count="0" type="stmt"/>
        <line num="2215" count="0" type="stmt"/>
        <line num="2216" count="0" type="stmt"/>
        <line num="2217" count="0" type="stmt"/>
        <line num="2218" count="0" type="stmt"/>
        <line num="2219" count="0" type="stmt"/>
        <line num="2221" count="0" type="stmt"/>
        <line num="2225" count="0" type="cond" truecount="0" falsecount="2"/>
        <line num="2226" count="0" type="stmt"/>
        <line num="2227" count="0" type="cond" truecount="0" falsecount="2"/>
        <line num="2228" count="0" type="cond" truecount="0" falsecount="2"/>
        <line num="2229" count="0" type="cond" truecount="0" falsecount="4"/>
        <line num="2230" count="0" type="stmt"/>
        <line num="2231" count="0" type="stmt"/>
        <line num="2232" count="0" type="cond" truecount="0" falsecount="2"/>
        <line num="2238" count="0" type="stmt"/>
        <line num="2239" count="0" type="stmt"/>
        <line num="2241" count="0" type="cond" truecount="0" falsecount="2"/>
        <line num="2242" count="0" type="stmt"/>
        <line num="2245" count="0" type="stmt"/>
        <line num="2247" count="0" type="cond" truecount="0" falsecount="2"/>
        <line num="2248" count="0" type="cond" truecount="0" falsecount="2"/>
        <line num="2249" count="0" type="cond" truecount="0" falsecount="2"/>
        <line num="2250" count="0" type="cond" truecount="0" falsecount="2"/>
        <line num="2251" count="0" type="stmt"/>
        <line num="2252" count="0" type="cond" truecount="0" falsecount="2"/>
        <line num="2253" count="0" type="cond" truecount="0" falsecount="2"/>
        <line num="2254" count="0" type="cond" truecount="0" falsecount="2"/>
        <line num="2255" count="0" type="stmt"/>
        <line num="2256" count="0" type="cond" truecount="0" falsecount="2"/>
        <line num="2257" count="0" type="stmt"/>
        <line num="2260" count="0" type="cond" truecount="0" falsecount="72"/>
        <line num="2312" count="0" type="stmt"/>
        <line num="2332" count="0" type="stmt"/>
        <line num="2334" count="0" type="cond" truecount="0" falsecount="6"/>
        <line num="2336" count="0" type="stmt"/>
        <line num="2338" count="0" type="stmt"/>
        <line num="2341" count="0" type="stmt"/>
        <line num="2343" count="0" type="stmt"/>
        <line num="2345" count="0" type="stmt"/>
        <line num="2348" count="0" type="stmt"/>
        <line num="2351" count="0" type="stmt"/>
        <line num="2352" count="0" type="stmt"/>
        <line num="2353" count="0" type="stmt"/>
        <line num="2355" count="0" type="cond" truecount="0" falsecount="2"/>
        <line num="2357" count="0" type="stmt"/>
        <line num="2358" count="0" type="stmt"/>
        <line num="2360" count="0" type="cond" truecount="0" falsecount="2"/>
        <line num="2361" count="0" type="stmt"/>
        <line num="2362" count="0" type="cond" truecount="0" falsecount="2"/>
        <line num="2363" count="0" type="stmt"/>
        <line num="2364" count="0" type="cond" truecount="0" falsecount="2"/>
        <line num="2365" count="0" type="cond" truecount="0" falsecount="2"/>
        <line num="2368" count="0" type="stmt"/>
        <line num="2369" count="0" type="stmt"/>
        <line num="2378" count="0" type="stmt"/>
        <line num="2381" count="0" type="stmt"/>
        <line num="2385" count="0" type="stmt"/>
        <line num="2391" count="0" type="stmt"/>
        <line num="2392" count="0" type="cond" truecount="0" falsecount="4"/>
        <line num="2393" count="0" type="stmt"/>
        <line num="2403" count="0" type="stmt"/>
        <line num="2406" count="0" type="stmt"/>
        <line num="2407" count="0" type="stmt"/>
        <line num="2408" count="0" type="cond" truecount="0" falsecount="2"/>
        <line num="2415" count="0" type="stmt"/>
        <line num="2416" count="0" type="cond" truecount="0" falsecount="2"/>
        <line num="2428" count="0" type="stmt"/>
        <line num="2433" count="0" type="cond" truecount="0" falsecount="2"/>
        <line num="2438" count="0" type="stmt"/>
        <line num="2439" count="0" type="stmt"/>
        <line num="2440" count="0" type="stmt"/>
        <line num="2444" count="0" type="stmt"/>
        <line num="2459" count="0" type="cond" truecount="0" falsecount="2"/>
        <line num="2466" count="0" type="cond" truecount="0" falsecount="2"/>
        <line num="2476" count="0" type="cond" truecount="0" falsecount="2"/>
        <line num="2479" count="0" type="stmt"/>
        <line num="2480" count="0" type="stmt"/>
        <line num="2481" count="0" type="stmt"/>
        <line num="2482" count="0" type="stmt"/>
        <line num="2483" count="0" type="stmt"/>
        <line num="2484" count="0" type="stmt"/>
        <line num="2485" count="0" type="stmt"/>
        <line num="2486" count="0" type="stmt"/>
        <line num="2488" count="0" type="cond" truecount="0" falsecount="2"/>
        <line num="2491" count="0" type="stmt"/>
        <line num="2492" count="0" type="stmt"/>
        <line num="2493" count="0" type="stmt"/>
        <line num="2494" count="0" type="stmt"/>
        <line num="2508" count="0" type="stmt"/>
        <line num="2546" count="0" type="stmt"/>
        <line num="2553" count="0" type="stmt"/>
        <line num="2554" count="0" type="cond" truecount="0" falsecount="2"/>
        <line num="2561" count="0" type="stmt"/>
        <line num="2563" count="0" type="stmt"/>
        <line num="2565" count="0" type="cond" truecount="0" falsecount="2"/>
        <line num="2566" count="0" type="cond" truecount="0" falsecount="2"/>
        <line num="2567" count="0" type="cond" truecount="0" falsecount="2"/>
        <line num="2569" count="0" type="cond" truecount="0" falsecount="2"/>
        <line num="2585" count="0" type="cond" truecount="0" falsecount="2"/>
        <line num="2588" count="0" type="cond" truecount="0" falsecount="4"/>
        <line num="2591" count="0" type="cond" truecount="0" falsecount="2"/>
        <line num="2598" count="0" type="stmt"/>
        <line num="2599" count="0" type="stmt"/>
        <line num="2611" count="0" type="stmt"/>
        <line num="2612" count="0" type="stmt"/>
        <line num="2622" count="0" type="stmt"/>
        <line num="2623" count="0" type="stmt"/>
        <line num="2624" count="0" type="stmt"/>
        <line num="2625" count="0" type="stmt"/>
        <line num="2627" count="0" type="cond" truecount="0" falsecount="2"/>
        <line num="2634" count="0" type="cond" truecount="0" falsecount="2"/>
        <line num="2645" count="0" type="stmt"/>
        <line num="2646" count="0" type="stmt"/>
        <line num="2647" count="0" type="cond" truecount="0" falsecount="2"/>
        <line num="2648" count="0" type="stmt"/>
        <line num="2649" count="0" type="cond" truecount="0" falsecount="3"/>
        <line num="2650" count="0" type="cond" truecount="0" falsecount="3"/>
        <line num="2651" count="0" type="cond" truecount="0" falsecount="5"/>
        <line num="2652" count="0" type="stmt"/>
        <line num="2653" count="0" type="stmt"/>
        <line num="2655" count="0" type="cond" truecount="0" falsecount="6"/>
        <line num="2657" count="0" type="stmt"/>
        <line num="2659" count="0" type="stmt"/>
        <line num="2663" count="0" type="stmt"/>
        <line num="2665" count="0" type="stmt"/>
        <line num="2669" count="0" type="stmt"/>
        <line num="2674" count="0" type="stmt"/>
        <line num="2676" count="0" type="cond" truecount="0" falsecount="4"/>
        <line num="2678" count="0" type="stmt"/>
        <line num="2680" count="0" type="cond" truecount="0" falsecount="2"/>
        <line num="2682" count="0" type="cond" truecount="0" falsecount="4"/>
        <line num="2684" count="0" type="stmt"/>
        <line num="2688" count="0" type="cond" truecount="0" falsecount="2"/>
        <line num="2689" count="0" type="cond" truecount="0" falsecount="5"/>
        <line num="2692" count="0" type="cond" truecount="0" falsecount="4"/>
        <line num="2694" count="0" type="stmt"/>
        <line num="2696" count="0" type="cond" truecount="0" falsecount="8"/>
        <line num="2697" count="0" type="cond" truecount="0" falsecount="4"/>
        <line num="2698" count="0" type="cond" truecount="0" falsecount="2"/>
        <line num="2700" count="0" type="stmt"/>
        <line num="2702" count="0" type="cond" truecount="0" falsecount="4"/>
        <line num="2704" count="0" type="stmt"/>
        <line num="2707" count="0" type="stmt"/>
        <line num="2725" count="0" type="cond" truecount="0" falsecount="3"/>
        <line num="2726" count="0" type="cond" truecount="0" falsecount="2"/>
        <line num="2729" count="0" type="stmt"/>
        <line num="2735" count="0" type="stmt"/>
        <line num="2736" count="0" type="stmt"/>
        <line num="2738" count="0" type="stmt"/>
        <line num="2741" count="0" type="stmt"/>
        <line num="2742" count="0" type="cond" truecount="0" falsecount="2"/>
        <line num="2745" count="0" type="cond" truecount="0" falsecount="2"/>
        <line num="2747" count="0" type="stmt"/>
        <line num="2748" count="0" type="cond" truecount="0" falsecount="2"/>
        <line num="2750" count="0" type="cond" truecount="0" falsecount="2"/>
        <line num="2751" count="0" type="stmt"/>
        <line num="2752" count="0" type="cond" truecount="0" falsecount="2"/>
        <line num="2753" count="0" type="stmt"/>
        <line num="2754" count="0" type="stmt"/>
        <line num="2757" count="0" type="stmt"/>
        <line num="2758" count="0" type="stmt"/>
        <line num="2759" count="0" type="cond" truecount="0" falsecount="3"/>
        <line num="2762" count="0" type="cond" truecount="0" falsecount="2"/>
        <line num="2765" count="0" type="cond" truecount="0" falsecount="4"/>
        <line num="2766" count="0" type="stmt"/>
        <line num="2767" count="0" type="stmt"/>
        <line num="2771" count="0" type="cond" truecount="0" falsecount="2"/>
        <line num="2776" count="0" type="cond" truecount="0" falsecount="5"/>
        <line num="2777" count="0" type="stmt"/>
        <line num="2780" count="0" type="cond" truecount="0" falsecount="2"/>
        <line num="2783" count="0" type="cond" truecount="0" falsecount="4"/>
        <line num="2786" count="0" type="cond" truecount="0" falsecount="5"/>
        <line num="2788" count="0" type="cond" truecount="0" falsecount="2"/>
        <line num="2790" count="0" type="cond" truecount="0" falsecount="2"/>
        <line num="2791" count="0" type="cond" truecount="0" falsecount="2"/>
        <line num="2797" count="0" type="stmt"/>
        <line num="2798" count="0" type="stmt"/>
        <line num="2799" count="0" type="stmt"/>
        <line num="2800" count="0" type="cond" truecount="0" falsecount="2"/>
        <line num="2801" count="0" type="stmt"/>
        <line num="2802" count="0" type="stmt"/>
        <line num="2803" count="0" type="cond" truecount="0" falsecount="4"/>
        <line num="2805" count="0" type="stmt"/>
        <line num="2808" count="0" type="cond" truecount="0" falsecount="2"/>
        <line num="2809" count="0" type="stmt"/>
        <line num="2812" count="0" type="stmt"/>
        <line num="2813" count="0" type="stmt"/>
        <line num="2814" count="0" type="stmt"/>
        <line num="2815" count="0" type="cond" truecount="0" falsecount="2"/>
        <line num="2816" count="0" type="cond" truecount="0" falsecount="4"/>
        <line num="2817" count="0" type="stmt"/>
        <line num="2818" count="0" type="stmt"/>
        <line num="2820" count="0" type="stmt"/>
        <line num="2821" count="0" type="stmt"/>
        <line num="2822" count="0" type="cond" truecount="0" falsecount="2"/>
        <line num="2823" count="0" type="stmt"/>
        <line num="2824" count="0" type="stmt"/>
        <line num="2826" count="0" type="stmt"/>
        <line num="2828" count="0" type="stmt"/>
        <line num="2830" count="0" type="stmt"/>
        <line num="2834" count="0" type="cond" truecount="0" falsecount="4"/>
        <line num="2849" count="0" type="stmt"/>
        <line num="2850" count="0" type="stmt"/>
        <line num="2851" count="0" type="stmt"/>
        <line num="2853" count="0" type="stmt"/>
        <line num="2855" count="0" type="cond" truecount="0" falsecount="2"/>
        <line num="2856" count="0" type="stmt"/>
        <line num="2857" count="0" type="stmt"/>
        <line num="2859" count="0" type="stmt"/>
        <line num="2862" count="0" type="cond" truecount="0" falsecount="3"/>
        <line num="2863" count="0" type="stmt"/>
        <line num="2876" count="0" type="stmt"/>
        <line num="2877" count="0" type="stmt"/>
        <line num="2878" count="0" type="stmt"/>
        <line num="2879" count="0" type="cond" truecount="0" falsecount="2"/>
        <line num="2885" count="0" type="cond" truecount="0" falsecount="4"/>
        <line num="2886" count="0" type="cond" truecount="0" falsecount="2"/>
        <line num="2892" count="0" type="stmt"/>
        <line num="2894" count="0" type="cond" truecount="0" falsecount="2"/>
        <line num="2898" count="0" type="stmt"/>
        <line num="2899" count="0" type="stmt"/>
        <line num="2900" count="0" type="stmt"/>
        <line num="2901" count="0" type="cond" truecount="0" falsecount="2"/>
        <line num="2904" count="0" type="stmt"/>
        <line num="2905" count="0" type="cond" truecount="0" falsecount="8"/>
        <line num="2920" count="0" type="stmt"/>
        <line num="2921" count="0" type="cond" truecount="0" falsecount="2"/>
        <line num="2923" count="0" type="cond" truecount="0" falsecount="2"/>
        <line num="2924" count="0" type="stmt"/>
        <line num="2929" count="0" type="cond" truecount="0" falsecount="3"/>
        <line num="2930" count="0" type="stmt"/>
        <line num="2931" count="0" type="stmt"/>
        <line num="2932" count="0" type="stmt"/>
        <line num="2933" count="0" type="stmt"/>
        <line num="2936" count="0" type="cond" truecount="0" falsecount="4"/>
        <line num="2937" count="0" type="cond" truecount="0" falsecount="4"/>
        <line num="2962" count="0" type="stmt"/>
        <line num="2963" count="0" type="stmt"/>
        <line num="2970" count="0" type="stmt"/>
        <line num="2976" count="0" type="stmt"/>
        <line num="2977" count="0" type="stmt"/>
        <line num="2978" count="0" type="cond" truecount="0" falsecount="2"/>
        <line num="2986" count="0" type="cond" truecount="0" falsecount="2"/>
        <line num="2987" count="0" type="cond" truecount="0" falsecount="2"/>
        <line num="2988" count="0" type="stmt"/>
        <line num="2990" count="0" type="cond" truecount="0" falsecount="4"/>
        <line num="2991" count="0" type="stmt"/>
        <line num="2993" count="0" type="stmt"/>
        <line num="2994" count="0" type="stmt"/>
        <line num="2995" count="0" type="stmt"/>
        <line num="2996" count="0" type="stmt"/>
        <line num="2997" count="0" type="stmt"/>
        <line num="2999" count="0" type="stmt"/>
        <line num="3003" count="0" type="stmt"/>
        <line num="3005" count="0" type="stmt"/>
        <line num="3006" count="0" type="stmt"/>
        <line num="3007" count="0" type="stmt"/>
        <line num="3008" count="0" type="stmt"/>
        <line num="3009" count="0" type="stmt"/>
        <line num="3011" count="0" type="stmt"/>
        <line num="3048" count="0" type="stmt"/>
        <line num="3051" count="0" type="stmt"/>
        <line num="3055" count="0" type="cond" truecount="0" falsecount="2"/>
        <line num="3056" count="0" type="stmt"/>
        <line num="3059" count="0" type="stmt"/>
        <line num="3060" count="0" type="stmt"/>
        <line num="3061" count="0" type="stmt"/>
        <line num="3062" count="0" type="stmt"/>
        <line num="3063" count="0" type="stmt"/>
        <line num="3064" count="0" type="stmt"/>
        <line num="3065" count="0" type="stmt"/>
        <line num="3066" count="0" type="cond" truecount="0" falsecount="2"/>
        <line num="3067" count="0" type="stmt"/>
        <line num="3068" count="0" type="stmt"/>
        <line num="3069" count="0" type="stmt"/>
        <line num="3070" count="0" type="stmt"/>
        <line num="3071" count="0" type="cond" truecount="0" falsecount="4"/>
        <line num="3072" count="0" type="stmt"/>
        <line num="3073" count="0" type="stmt"/>
        <line num="3076" count="0" type="stmt"/>
        <line num="3077" count="0" type="cond" truecount="0" falsecount="2"/>
        <line num="3084" count="0" type="stmt"/>
        <line num="3085" count="0" type="stmt"/>
        <line num="3089" count="0" type="cond" truecount="0" falsecount="2"/>
        <line num="3092" count="0" type="stmt"/>
        <line num="3093" count="0" type="cond" truecount="0" falsecount="2"/>
        <line num="3094" count="0" type="stmt"/>
        <line num="3095" count="0" type="cond" truecount="0" falsecount="2"/>
        <line num="3098" count="0" type="stmt"/>
        <line num="3099" count="0" type="cond" truecount="0" falsecount="2"/>
        <line num="3101" count="0" type="stmt"/>
        <line num="3103" count="0" type="cond" truecount="0" falsecount="2"/>
        <line num="3104" count="0" type="stmt"/>
        <line num="3106" count="0" type="cond" truecount="0" falsecount="4"/>
        <line num="3108" count="0" type="cond" truecount="0" falsecount="2"/>
        <line num="3109" count="0" type="cond" truecount="0" falsecount="3"/>
        <line num="3113" count="0" type="cond" truecount="0" falsecount="3"/>
        <line num="3115" count="0" type="stmt"/>
        <line num="3116" count="0" type="stmt"/>
        <line num="3118" count="0" type="stmt"/>
        <line num="3119" count="0" type="stmt"/>
        <line num="3121" count="0" type="stmt"/>
        <line num="3123" count="0" type="stmt"/>
        <line num="3137" count="0" type="stmt"/>
        <line num="3138" count="0" type="cond" truecount="0" falsecount="5"/>
        <line num="3139" count="0" type="stmt"/>
        <line num="3140" count="0" type="cond" truecount="0" falsecount="2"/>
        <line num="3141" count="0" type="stmt"/>
        <line num="3142" count="0" type="cond" truecount="0" falsecount="4"/>
        <line num="3143" count="0" type="stmt"/>
        <line num="3144" count="0" type="cond" truecount="0" falsecount="5"/>
        <line num="3145" count="0" type="cond" truecount="0" falsecount="2"/>
        <line num="3146" count="0" type="stmt"/>
        <line num="3147" count="0" type="stmt"/>
        <line num="3148" count="0" type="cond" truecount="0" falsecount="2"/>
        <line num="3153" count="0" type="stmt"/>
        <line num="3154" count="0" type="stmt"/>
        <line num="3156" count="0" type="stmt"/>
        <line num="3157" count="0" type="cond" truecount="0" falsecount="2"/>
        <line num="3158" count="0" type="cond" truecount="0" falsecount="4"/>
        <line num="3159" count="0" type="stmt"/>
        <line num="3160" count="0" type="stmt"/>
        <line num="3162" count="0" type="stmt"/>
        <line num="3165" count="0" type="stmt"/>
        <line num="3167" count="0" type="stmt"/>
        <line num="3168" count="0" type="stmt"/>
        <line num="3169" count="0" type="stmt"/>
        <line num="3170" count="0" type="stmt"/>
        <line num="3171" count="0" type="stmt"/>
        <line num="3172" count="0" type="stmt"/>
        <line num="3173" count="0" type="cond" truecount="0" falsecount="2"/>
        <line num="3174" count="0" type="stmt"/>
        <line num="3175" count="0" type="stmt"/>
        <line num="3176" count="0" type="cond" truecount="0" falsecount="45"/>
        <line num="3178" count="0" type="cond" truecount="0" falsecount="2"/>
        <line num="3181" count="0" type="stmt"/>
        <line num="3182" count="0" type="stmt"/>
        <line num="3184" count="0" type="stmt"/>
        <line num="3185" count="0" type="stmt"/>
        <line num="3187" count="0" type="stmt"/>
        <line num="3188" count="0" type="stmt"/>
        <line num="3191" count="0" type="stmt"/>
        <line num="3192" count="0" type="stmt"/>
        <line num="3194" count="0" type="cond" truecount="0" falsecount="2"/>
        <line num="3203" count="0" type="stmt"/>
        <line num="3204" count="0" type="stmt"/>
        <line num="3213" count="0" type="stmt"/>
        <line num="3214" count="0" type="stmt"/>
        <line num="3219" count="0" type="stmt"/>
        <line num="3220" count="0" type="stmt"/>
        <line num="3224" count="0" type="stmt"/>
        <line num="3225" count="0" type="stmt"/>
        <line num="3227" count="0" type="stmt"/>
        <line num="3228" count="0" type="stmt"/>
        <line num="3230" count="0" type="stmt"/>
        <line num="3231" count="0" type="stmt"/>
        <line num="3233" count="0" type="stmt"/>
        <line num="3234" count="0" type="stmt"/>
        <line num="3238" count="0" type="stmt"/>
        <line num="3239" count="0" type="stmt"/>
        <line num="3248" count="0" type="stmt"/>
        <line num="3250" count="0" type="stmt"/>
        <line num="3251" count="0" type="cond" truecount="0" falsecount="2"/>
        <line num="3252" count="0" type="cond" truecount="0" falsecount="4"/>
        <line num="3253" count="0" type="stmt"/>
        <line num="3254" count="0" type="stmt"/>
[...]
        <line num="10647" count="0" type="stmt"/>
        <line num="10648" count="0" type="cond" truecount="0" falsecount="2"/>
        <line num="10649" count="0" type="stmt"/>
        <line num="10650" count="0" type="cond" truecount="0" falsecount="2"/>
        <line num="10651" count="0" type="stmt"/>
        <line num="10657" count="0" type="cond" truecount="0" falsecount="2"/>
        <line num="10659" count="0" type="stmt"/>
        <line num="10661" count="0" type="stmt"/>
        <line num="10662" count="0" type="cond" truecount="0" falsecount="2"/>
        <line num="10666" count="0" type="cond" truecount="0" falsecount="2"/>
        <line num="10672" count="0" type="stmt"/>
        <line num="10673" count="0" type="stmt"/>
        <line num="10674" count="0" type="stmt"/>
        <line num="10677" count="0" type="stmt"/>
        <line num="10678" count="0" type="stmt"/>
        <line num="10679" count="0" type="cond" truecount="0" falsecount="2"/>
        <line num="10680" count="0" type="stmt"/>
        <line num="10681" count="0" type="stmt"/>
        <line num="10683" count="0" type="stmt"/>
        <line num="10685" count="0" type="stmt"/>
        <line num="10687" count="0" type="stmt"/>
        <line num="10688" count="0" type="stmt"/>
        <line num="10690" count="0" type="stmt"/>
        <line num="10691" count="0" type="cond" truecount="0" falsecount="2"/>
        <line num="10692" count="0" type="stmt"/>
        <line num="10693" count="0" type="stmt"/>
        <line num="10695" count="0" type="stmt"/>
        <line num="10696" count="0" type="stmt"/>
        <line num="10697" count="0" type="stmt"/>
        <line num="10698" count="0" type="stmt"/>
        <line num="10699" count="0" type="cond" truecount="0" falsecount="2"/>
        <line num="10700" count="0" type="stmt"/>
        <line num="10703" count="0" type="stmt"/>
        <line num="10706" count="0" type="stmt"/>
        <line num="10707" count="0" type="stmt"/>
        <line num="10708" count="0" type="stmt"/>
        <line num="10710" count="0" type="stmt"/>
        <line num="10711" count="0" type="cond" truecount="0" falsecount="4"/>
        <line num="10713" count="0" type="stmt"/>
        <line num="10716" count="0" type="stmt"/>
        <line num="10717" count="0" type="stmt"/>
        <line num="10718" count="0" type="cond" truecount="0" falsecount="2"/>
        <line num="10719" count="0" type="stmt"/>
        <line num="10720" count="0" type="stmt"/>
        <line num="10722" count="0" type="stmt"/>
        <line num="10723" count="0" type="cond" truecount="0" falsecount="2"/>
        <line num="10724" count="0" type="stmt"/>
        <line num="10725" count="0" type="stmt"/>
        <line num="10727" count="0" type="stmt"/>
        <line num="10729" count="0" type="stmt"/>
        <line num="10733" count="0" type="stmt"/>
        <line num="10740" count="0" type="cond" truecount="0" falsecount="3"/>
        <line num="10743" count="0" type="cond" truecount="0" falsecount="2"/>
        <line num="10745" count="0" type="cond" truecount="0" falsecount="2"/>
        <line num="10748" count="0" type="stmt"/>
        <line num="10749" count="0" type="stmt"/>
        <line num="10751" count="0" type="stmt"/>
        <line num="10752" count="0" type="stmt"/>
        <line num="10753" count="0" type="stmt"/>
        <line num="10754" count="0" type="stmt"/>
        <line num="10756" count="0" type="stmt"/>
        <line num="10760" count="0" type="cond" truecount="0" falsecount="2"/>
        <line num="10762" count="0" type="stmt"/>
        <line num="10763" count="0" type="stmt"/>
        <line num="10767" count="0" type="stmt"/>
        <line num="10770" count="0" type="cond" truecount="0" falsecount="2"/>
        <line num="10772" count="0" type="stmt"/>
        <line num="10773" count="0" type="cond" truecount="0" falsecount="2"/>
        <line num="10774" count="0" type="cond" truecount="0" falsecount="2"/>
        <line num="10775" count="0" type="cond" truecount="0" falsecount="2"/>
        <line num="10777" count="0" type="stmt"/>
        <line num="10778" count="0" type="cond" truecount="0" falsecount="2"/>
        <line num="10780" count="0" type="stmt"/>
        <line num="10782" count="0" type="stmt"/>
        <line num="10790" count="0" type="stmt"/>
        <line num="10791" count="0" type="cond" truecount="0" falsecount="2"/>
        <line num="10792" count="0" type="cond" truecount="0" falsecount="2"/>
        <line num="10793" count="0" type="cond" truecount="0" falsecount="2"/>
        <line num="10794" count="0" type="stmt"/>
        <line num="10797" count="0" type="cond" truecount="0" falsecount="4"/>
        <line num="10798" count="0" type="cond" truecount="0" falsecount="4"/>
        <line num="10799" count="0" type="stmt"/>
        <line num="10801" count="0" type="stmt"/>
        <line num="10802" count="0" type="stmt"/>
        <line num="10803" count="0" type="cond" truecount="0" falsecount="2"/>
        <line num="10806" count="0" type="cond" truecount="0" falsecount="2"/>
        <line num="10821" count="0" type="stmt"/>
        <line num="10822" count="0" type="cond" truecount="0" falsecount="2"/>
        <line num="10823" count="0" type="cond" truecount="0" falsecount="2"/>
        <line num="10826" count="0" type="cond" truecount="0" falsecount="3"/>
        <line num="10829" count="0" type="stmt"/>
        <line num="10832" count="0" type="stmt"/>
        <line num="10833" count="0" type="cond" truecount="0" falsecount="2"/>
        <line num="10840" count="0" type="stmt"/>
        <line num="10842" count="0" type="cond" truecount="0" falsecount="2"/>
        <line num="10848" count="0" type="stmt"/>
        <line num="10849" count="0" type="stmt"/>
        <line num="10852" count="0" type="cond" truecount="0" falsecount="4"/>
        <line num="10853" count="0" type="stmt"/>
        <line num="10854" count="0" type="stmt"/>
        <line num="10863" count="0" type="stmt"/>
        <line num="10864" count="0" type="cond" truecount="0" falsecount="3"/>
        <line num="10865" count="0" type="cond" truecount="0" falsecount="6"/>
        <line num="10866" count="0" type="stmt"/>
        <line num="10867" count="0" type="stmt"/>
        <line num="10868" count="0" type="stmt"/>
        <line num="10870" count="0" type="stmt"/>
        <line num="10871" count="0" type="cond" truecount="0" falsecount="3"/>
        <line num="10872" count="0" type="stmt"/>
        <line num="10874" count="0" type="cond" truecount="0" falsecount="4"/>
        <line num="10879" count="0" type="cond" truecount="0" falsecount="2"/>
        <line num="10880" count="0" type="cond" truecount="0" falsecount="2"/>
        <line num="10881" count="0" type="stmt"/>
        <line num="10884" count="0" type="stmt"/>
        <line num="10895" count="0" type="stmt"/>
        <line num="10905" count="0" type="stmt"/>
        <line num="10906" count="0" type="stmt"/>
        <line num="10907" count="0" type="cond" truecount="0" falsecount="2"/>
        <line num="10908" count="0" type="stmt"/>
        <line num="10909" count="0" type="stmt"/>
        <line num="10911" count="0" type="stmt"/>
        <line num="10914" count="0" type="stmt"/>
        <line num="10915" count="0" type="cond" truecount="0" falsecount="3"/>
        <line num="10916" count="0" type="stmt"/>
        <line num="10918" count="0" type="cond" truecount="0" falsecount="2"/>
        <line num="10919" count="0" type="stmt"/>
        <line num="10921" count="0" type="stmt"/>
        <line num="10922" count="0" type="stmt"/>
        <line num="10923" count="0" type="stmt"/>
        <line num="10925" count="0" type="cond" truecount="0" falsecount="2"/>
        <line num="10929" count="0" type="stmt"/>
        <line num="10930" count="0" type="cond" truecount="0" falsecount="2"/>
        <line num="10931" count="0" type="cond" truecount="0" falsecount="2"/>
        <line num="10933" count="0" type="cond" truecount="0" falsecount="2"/>
        <line num="10934" count="0" type="stmt"/>
        <line num="10936" count="0" type="stmt"/>
        <line num="10941" count="0" type="cond" truecount="0" falsecount="2"/>
        <line num="10949" count="0" type="stmt"/>
        <line num="10954" count="0" type="stmt"/>
        <line num="10959" count="0" type="cond" truecount="0" falsecount="2"/>
        <line num="10963" count="0" type="stmt"/>
        <line num="10966" count="0" type="stmt"/>
        <line num="10976" count="0" type="stmt"/>
        <line num="10984" count="0" type="stmt"/>
        <line num="11001" count="0" type="stmt"/>
        <line num="11002" count="0" type="stmt"/>
        <line num="11003" count="0" type="stmt"/>
        <line num="11005" count="0" type="stmt"/>
        <line num="11006" count="0" type="cond" truecount="0" falsecount="4"/>
        <line num="11010" count="0" type="stmt"/>
        <line num="11011" count="0" type="stmt"/>
        <line num="11013" count="0" type="stmt"/>
        <line num="11023" count="0" type="stmt"/>
        <line num="11024" count="0" type="cond" truecount="0" falsecount="2"/>
        <line num="11025" count="0" type="stmt"/>
        <line num="11029" count="0" type="stmt"/>
        <line num="11045" count="0" type="stmt"/>
        <line num="11046" count="0" type="stmt"/>
        <line num="11049" count="0" type="cond" truecount="0" falsecount="2"/>
        <line num="11050" count="0" type="stmt"/>
        <line num="11051" count="0" type="stmt"/>
        <line num="11052" count="0" type="stmt"/>
        <line num="11053" count="0" type="stmt"/>
        <line num="11054" count="0" type="stmt"/>
        <line num="11055" count="0" type="stmt"/>
        <line num="11056" count="0" type="cond" truecount="0" falsecount="2"/>
        <line num="11057" count="0" type="stmt"/>
        <line num="11058" count="0" type="cond" truecount="0" falsecount="2"/>
        <line num="11059" count="0" type="cond" truecount="0" falsecount="2"/>
        <line num="11060" count="0" type="stmt"/>
        <line num="11061" count="0" type="stmt"/>
        <line num="11063" count="0" type="cond" truecount="0" falsecount="2"/>
        <line num="11066" count="0" type="stmt"/>
        <line num="11067" count="0" type="stmt"/>
        <line num="11068" count="0" type="stmt"/>
        <line num="11070" count="0" type="cond" truecount="0" falsecount="2"/>
        <line num="11074" count="0" type="stmt"/>
        <line num="11075" count="0" type="stmt"/>
        <line num="11077" count="0" type="cond" truecount="0" falsecount="2"/>
        <line num="11078" count="0" type="stmt"/>
        <line num="11079" count="0" type="cond" truecount="0" falsecount="2"/>
        <line num="11082" count="0" type="cond" truecount="0" falsecount="2"/>
        <line num="11083" count="0" type="stmt"/>
        <line num="11084" count="0" type="cond" truecount="0" falsecount="2"/>
        <line num="11093" count="0" type="stmt"/>
        <line num="11097" count="0" type="cond" truecount="0" falsecount="6"/>
        <line num="11099" count="0" type="stmt"/>
        <line num="11100" count="0" type="cond" truecount="0" falsecount="2"/>
        <line num="11131" count="0" type="cond" truecount="0" falsecount="2"/>
        <line num="11132" count="0" type="cond" truecount="0" falsecount="2"/>
        <line num="11136" count="0" type="stmt"/>
        <line num="11140" count="0" type="stmt"/>
        <line num="11141" count="0" type="stmt"/>
        <line num="11142" count="0" type="stmt"/>
        <line num="11143" count="0" type="cond" truecount="0" falsecount="3"/>
        <line num="11146" count="0" type="stmt"/>
        <line num="11147" count="0" type="stmt"/>
        <line num="11148" count="0" type="stmt"/>
        <line num="11151" count="0" type="stmt"/>
        <line num="11153" count="0" type="cond" truecount="0" falsecount="2"/>
        <line num="11154" count="0" type="stmt"/>
        <line num="11155" count="0" type="stmt"/>
        <line num="11163" count="0" type="stmt"/>
        <line num="11164" count="0" type="stmt"/>
        <line num="11166" count="0" type="stmt"/>
        <line num="11167" count="0" type="stmt"/>
        <line num="11168" count="0" type="stmt"/>
        <line num="11169" count="0" type="stmt"/>
        <line num="11170" count="0" type="stmt"/>
        <line num="11171" count="0" type="stmt"/>
        <line num="11172" count="0" type="stmt"/>
        <line num="11174" count="0" type="stmt"/>
        <line num="11175" count="0" type="stmt"/>
        <line num="11178" count="0" type="stmt"/>
        <line num="11179" count="0" type="stmt"/>
        <line num="11181" count="0" type="stmt"/>
        <line num="11183" count="0" type="stmt"/>
        <line num="11184" count="0" type="stmt"/>
        <line num="11187" count="0" type="stmt"/>
        <line num="11188" count="0" type="stmt"/>
        <line num="11189" count="0" type="stmt"/>
        <line num="11192" count="0" type="stmt"/>
        <line num="11193" count="0" type="stmt"/>
        <line num="11194" count="0" type="stmt"/>
        <line num="11199" count="0" type="stmt"/>
        <line num="11201" count="0" type="stmt"/>
        <line num="11202" count="0" type="stmt"/>
        <line num="11212" count="0" type="stmt"/>
        <line num="11214" count="0" type="stmt"/>
        <line num="11216" count="0" type="cond" truecount="0" falsecount="2"/>
        <line num="11217" count="0" type="stmt"/>
        <line num="11219" count="0" type="stmt"/>
        <line num="11220" count="0" type="stmt"/>
        <line num="11222" count="0" type="stmt"/>
        <line num="11223" count="0" type="stmt"/>
        <line num="11224" count="0" type="cond" truecount="0" falsecount="2"/>
        <line num="11225" count="0" type="stmt"/>
        <line num="11226" count="0" type="stmt"/>
        <line num="11227" count="0" type="stmt"/>
        <line num="11231" count="0" type="stmt"/>
        <line num="11232" count="0" type="stmt"/>
        <line num="11234" count="0" type="stmt"/>
        <line num="11236" count="0" type="stmt"/>
        <line num="11242" count="0" type="cond" truecount="0" falsecount="2"/>
        <line num="11246" count="0" type="cond" truecount="0" falsecount="2"/>
        <line num="11249" count="0" type="cond" truecount="0" falsecount="2"/>
        <line num="11250" count="0" type="stmt"/>
        <line num="11251" count="0" type="stmt"/>
        <line num="11253" count="0" type="cond" truecount="0" falsecount="2"/>
        <line num="11256" count="0" type="cond" truecount="0" falsecount="2"/>
        <line num="11257" count="0" type="stmt"/>
        <line num="11258" count="0" type="cond" truecount="0" falsecount="2"/>
        <line num="11261" count="0" type="stmt"/>
        <line num="11262" count="0" type="stmt"/>
        <line num="11263" count="0" type="stmt"/>
        <line num="11265" count="0" type="stmt"/>
        <line num="11267" count="0" type="stmt"/>
        <line num="11273" count="0" type="stmt"/>
        <line num="11275" count="0" type="stmt"/>
        <line num="11282" count="0" type="stmt"/>
        <line num="11283" count="0" type="stmt"/>
        <line num="11287" count="0" type="cond" truecount="0" falsecount="2"/>
        <line num="11289" count="0" type="stmt"/>
        <line num="11354" count="0" type="stmt"/>
        <line num="11355" count="0" type="stmt"/>
        <line num="11358" count="0" type="stmt"/>
        <line num="11359" count="0" type="stmt"/>
        <line num="11360" count="0" type="stmt"/>
        <line num="11364" count="0" type="stmt"/>
        <line num="11369" count="0" type="stmt"/>
        <line num="11370" count="0" type="stmt"/>
        <line num="11371" count="0" type="stmt"/>
        <line num="11372" count="0" type="stmt"/>
        <line num="11373" count="0" type="stmt"/>
        <line num="11374" count="0" type="stmt"/>
        <line num="11375" count="0" type="stmt"/>
        <line num="11376" count="0" type="stmt"/>
        <line num="11377" count="0" type="stmt"/>
        <line num="11378" count="0" type="stmt"/>
        <line num="11379" count="0" type="stmt"/>
        <line num="11381" count="0" type="stmt"/>
        <line num="11382" count="0" type="stmt"/>
        <line num="11383" count="0" type="stmt"/>
        <line num="11384" count="0" type="stmt"/>
        <line num="11385" count="0" type="cond" truecount="0" falsecount="2"/>
        <line num="11386" count="0" type="stmt"/>
        <line num="11387" count="0" type="stmt"/>
        <line num="11388" count="0" type="stmt"/>
        <line num="11406" count="0" type="stmt"/>
        <line num="11407" count="0" type="stmt"/>
        <line num="11408" count="0" type="stmt"/>
        <line num="11409" count="0" type="stmt"/>
        <line num="11410" count="0" type="stmt"/>
        <line num="11411" count="0" type="stmt"/>
        <line num="11412" count="0" type="stmt"/>
        <line num="11413" count="0" type="stmt"/>
        <line num="11414" count="0" type="stmt"/>
        <line num="11415" count="0" type="stmt"/>
        <line num="11416" count="0" type="stmt"/>
        <line num="11417" count="0" type="stmt"/>
        <line num="11418" count="0" type="stmt"/>
        <line num="11420" count="0" type="stmt"/>
        <line num="11428" count="0" type="stmt"/>
        <line num="11431" count="0" type="stmt"/>
        <line num="11432" count="0" type="stmt"/>
        <line num="11433" count="0" type="stmt"/>
        <line num="11438" count="0" type="stmt"/>
        <line num="11441" count="0" type="stmt"/>
        <line num="11445" count="0" type="stmt"/>
        <line num="11449" count="0" type="stmt"/>
        <line num="11450" count="0" type="stmt"/>
        <line num="11452" count="0" type="cond" truecount="0" falsecount="2"/>
        <line num="11453" count="0" type="stmt"/>
        <line num="11454" count="0" type="stmt"/>
        <line num="11456" count="0" type="stmt"/>
        <line num="11457" count="0" type="stmt"/>
        <line num="11458" count="0" type="stmt"/>
        <line num="11459" count="0" type="stmt"/>
        <line num="11460" count="0" type="stmt"/>
        <line num="11462" count="0" type="stmt"/>
        <line num="11463" count="0" type="stmt"/>
        <line num="11464" count="0" type="cond" truecount="0" falsecount="2"/>
        <line num="11467" count="0" type="stmt"/>
        <line num="11476" count="0" type="stmt"/>
        <line num="11485" count="0" type="stmt"/>
        <line num="11490" count="0" type="stmt"/>
        <line num="11508" count="0" type="stmt"/>
        <line num="11509" count="0" type="stmt"/>
        <line num="11510" count="0" type="stmt"/>
      </file>
    </package>
    <package name="src.services">
      <metrics statements="11" coveredstatements="0" conditionals="0" coveredconditionals="0" methods="5" coveredmethods="0"/>
      <file name="login.js" path="C:\Users\HP\t-e-j\full-stack-open\Part-05\00-notes-app\src\services\login.js">
        <metrics statements="4" coveredstatements="0" conditionals="0" coveredconditionals="0" methods="1" coveredmethods="0"/>
        <line num="2" count="0" type="stmt"/>
        <line num="4" count="0" type="stmt"/>
        <line num="5" count="0" type="stmt"/>
        <line num="6" count="0" type="stmt"/>
      </file>
      <file name="notes.js" path="C:\Users\HP\t-e-j\full-stack-open\Part-05\00-notes-app\src\services\notes.js">
        <metrics statements="7" coveredstatements="0" conditionals="0" coveredconditionals="0" methods="4" coveredmethods="0"/>
        <line num="3" count="0" type="stmt"/>
        <line num="5" count="0" type="stmt"/>
        <line num="6" count="0" type="stmt"/>
        <line num="9" count="0" type="stmt"/>
        <line num="10" count="0" type="stmt"/>
        <line num="17" count="0" type="stmt"/>
        <line num="18" count="0" type="stmt"/>
      </file>
    </package>
  </project>
</coverage>
