TN:
SF:src\App.jsx
FN:9,(anonymous_0)
FN:16,(anonymous_1)
FN:20,(anonymous_2)
FN:29,(anonymous_3)
FN:34,(anonymous_4)
FN:36,(anonymous_5)
FN:41,(anonymous_6)
FN:45,(anonymous_7)
FN:48,(anonymous_8)
FN:61,(anonymous_9)
FN:73,(anonymous_10)
FN:86,(anonymous_11)
FNF:12
FNH:0
FNDA:0,(anonymous_0)
FNDA:0,(anonymous_1)
FNDA:0,(anonymous_2)
FNDA:0,(anonymous_3)
FNDA:0,(anonymous_4)
FNDA:0,(anonymous_5)
FNDA:0,(anonymous_6)
FNDA:0,(anonymous_7)
FNDA:0,(anonymous_8)
FNDA:0,(anonymous_9)
FNDA:0,(anonymous_10)
FNDA:0,(anonymous_11)
DA:9,0
DA:10,0
DA:12,0
DA:13,0
DA:14,0
DA:16,0
DA:17,0
DA:18,0
DA:19,0
DA:21,0
DA:27,0
DA:30,0
DA:34,0
DA:35,0
DA:36,0
DA:37,0
DA:38,0
DA:40,0
DA:42,0
DA:43,0
DA:44,0
DA:45,0
DA:49,0
DA:50,0
DA:51,0
DA:52,0
DA:56,0
DA:61,0
DA:62,0
DA:73,0
DA:74,0
DA:77,0
DA:86,0
LF:33
LH:0
BRDA:45,0,0,0
BRDA:45,0,1,0
BRDA:51,1,0,0
BRDA:51,1,1,0
BRDA:81,2,0,0
BRDA:81,2,1,0
BRF:6
BRH:0
end_of_record
TN:
SF:src\index.jsx
FNF:0
FNH:0
DA:4,0
DA:5,0
DA:6,0
LF:3
LH:0
BRF:0
BRH:0
end_of_record
TN:
SF:src\components\LoginForm.jsx
FN:5,(anonymous_0)
FN:12,(anonymous_1)
FN:37,(anonymous_2)
FN:48,(anonymous_3)
FNF:4
FNH:0
FNDA:0,(anonymous_0)
FNDA:0,(anonymous_1)
FNDA:0,(anonymous_2)
FNDA:0,(anonymous_3)
DA:5,0
DA:12,0
DA:13,0
DA:14,0
DA:15,0
DA:16,0
DA:17,0
DA:18,0
DA:19,0
DA:20,0
DA:22,0
DA:23,0
DA:26,0
DA:37,0
DA:48,0
LF:15
LH:0
BRF:0
BRH:0
end_of_record
TN:
SF:src\components\Notes.jsx
FN:3,(anonymous_0)
FNF:1
FNH:1
FNDA:2,(anonymous_0)
DA:3,2
DA:4,2
LF:2
LH:2
BRDA:9,0,0,2
BRDA:9,0,1,0
BRDA:15,1,0,2
BRDA:15,1,1,0
BRF:4
BRH:2
end_of_record
TN:
SF:src\components\NotesForm.jsx
FN:7,(anonymous_0)
FN:13,(anonymous_1)
FN:24,(anonymous_2)
FN:27,(anonymous_3)
FN:33,(anonymous_4)
FN:37,(anonymous_5)
FN:43,(anonymous_6)
FN:56,(anonymous_7)
FN:60,(anonymous_8)
FNF:9
FNH:4
FNDA:19,(anonymous_0)
FNDA:1,(anonymous_1)
FNDA:1,(anonymous_2)
FNDA:0,(anonymous_3)
FNDA:17,(anonymous_4)
FNDA:0,(anonymous_5)
FNDA:0,(anonymous_6)
FNDA:0,(anonymous_7)
FNDA:0,(anonymous_8)
DA:7,1
DA:8,19
DA:9,19
DA:11,19
DA:13,19
DA:14,1
DA:15,1
DA:21,1
DA:22,1
DA:23,1
DA:25,1
DA:28,0
DA:30,1
DA:33,19
DA:34,17
DA:37,19
DA:38,0
DA:41,19
DA:43,0
DA:45,19
DA:57,0
DA:60,0
LF:22
LH:17
BRDA:41,0,0,19
BRDA:41,0,1,0
BRDA:52,1,0,19
BRDA:52,1,1,0
BRF:4
BRH:2
end_of_record
TN:
SF:src\components\Togglable.jsx
FN:6,(anonymous_0)
FN:12,(anonymous_1)
FN:16,(anonymous_2)
FNF:3
FNH:3
FNDA:27,(anonymous_0)
FNDA:5,(anonymous_1)
FNDA:20,(anonymous_2)
DA:6,2
DA:7,27
DA:9,27
DA:10,27
DA:12,27
DA:13,5
DA:16,27
DA:17,20
DA:22,27
DA:45,2
DA:46,2
LF:11
LH:11
BRDA:9,0,0,20
BRDA:9,0,1,7
BRDA:10,1,0,20
BRDA:10,1,1,7
BRF:4
BRH:4
end_of_record
TN:
SF:src\dist\assets\index-ldjmh7aX.js
FN:1,(anonymous_0)
FN:5,(anonymous_1)
FN:11,s
FN:24,c
FN:44,rp
FN:59,B
FN:66,(anonymous_6)
FN:69,(anonymous_7)
FN:70,(anonymous_8)
FN:71,(anonymous_9)
FN:75,z
FN:82,(anonymous_11)
FN:89,(anonymous_12)
FN:92,Z
FN:94,re
FN:106,Oe
FN:135,st
FN:145,Rt
FN:148,en
FN:152,(anonymous_19)
FN:158,Xe
FN:163,at
FN:189,(anonymous_22)
FN:229,wt
FN:234,(anonymous_24)
FN:240,Be
FN:245,(anonymous_26)
FN:249,(anonymous_27)
FN:266,M
FN:272,(anonymous_29)
FN:275,(anonymous_30)
FN:281,(anonymous_31)
FN:284,(anonymous_32)
FN:290,(anonymous_33)
FN:292,(anonymous_34)
FN:297,(anonymous_35)
FN:313,(anonymous_36)
FN:352,(anonymous_37)
FN:369,(anonymous_38)
FN:373,(anonymous_39)
FN:376,(anonymous_40)
FN:380,(anonymous_41)
FN:383,(anonymous_42)
FN:386,(anonymous_43)
FN:396,(anonymous_44)
FN:399,(anonymous_45)
FN:402,(anonymous_46)
FN:403,(anonymous_47)
FN:406,(anonymous_48)
FN:409,(anonymous_49)
FN:412,(anonymous_50)
FN:415,(anonymous_51)
FN:418,(anonymous_52)
FN:421,(anonymous_53)
FN:424,(anonymous_54)
FN:427,(anonymous_55)
FN:430,(anonymous_56)
FN:433,(anonymous_57)
FN:436,(anonymous_58)
FN:444,hu
FN:456,lp
FN:465,y
FN:488,op
FN:506,ip
FN:510,(anonymous_64)
FN:511,u
FN:521,s
FN:524,c
FN:546,f
FN:555,(anonymous_69)
FN:561,(anonymous_70)
FN:580,le
FN:589,ue
FN:597,se
FN:633,en
FN:636,gt
FN:650,(anonymous_76)
FN:657,(anonymous_77)
FN:661,(anonymous_78)
FN:664,Be
FN:667,Se
FN:668,(anonymous_81)
FN:678,(anonymous_82)
FN:681,(anonymous_83)
FN:684,(anonymous_84)
FN:691,(anonymous_85)
FN:694,(anonymous_86)
FN:697,(anonymous_87)
FN:715,(anonymous_88)
FN:716,(anonymous_89)
FN:717,(anonymous_90)
FN:736,(anonymous_91)
FN:781,(anonymous_92)
FN:783,(anonymous_93)
FN:798,up
FN:810,sp
FN:815,s
FN:833,h
FN:836,y
FN:849,B
FN:858,G
FN:875,D
FN:891,A
FN:904,(anonymous_103)
FN:912,(anonymous_104)
FN:917,(anonymous_105)
FN:926,(anonymous_106)
FN:931,(anonymous_107)
FN:934,(anonymous_108)
FN:937,(anonymous_109)
FN:940,(anonymous_110)
FN:943,(anonymous_111)
FN:947,re
FN:952,(anonymous_113)
FN:958,(anonymous_114)
FN:962,(anonymous_115)
FN:966,(anonymous_116)
FN:978,(anonymous_117)
FN:981,le
FN:1018,Q
FN:1026,C
FN:1042,Y
FN:1050,(anonymous_122)
FN:1054,(anonymous_123)
FN:1119,ee
FN:1141,te
FN:1187,ae
FN:1241,oe
FN:1254,he
FN:1262,Ye
FN:1277,(anonymous_130)
FN:1280,(anonymous_131)
FN:1286,(anonymous_132)
FN:1289,(anonymous_133)
FN:1292,(anonymous_134)
FN:1299,Fr
FN:1302,wu
FN:1314,jr
FN:1325,oo
FN:1334,Su
FN:1347,Eu
FN:1350,io
FN:1369,ku
FN:1388,uo
FN:1395,gn
FN:1414,so
FN:1422,xu
FN:1437,Cu
FN:1446,_u
FN:1453,Ru
FN:1463,ao
FN:1471,(anonymous_151)
FN:1473,(anonymous_152)
FN:1474,(anonymous_153)
FN:1479,(anonymous_154)
FN:1494,Kn
FN:1550,(anonymous_156)
FN:1551,(anonymous_157)
FN:1555,Tu
FN:1562,Pu
FN:1592,co
FN:1607,fo
FN:1624,ho
FN:1634,Ou
FN:1641,Lu
FN:1644,zu
FN:1651,Au
FN:1654,Du
FN:1656,Fu
FN:1665,Jn
FN:1705,(anonymous_170)
FN:1714,af
FN:1727,(anonymous_172)
FN:1731,ff
FN:1734,df
FN:1743,tn
FN:1754,ju
FN:1765,Uu
FN:1768,pf
FN:1826,Mu
FN:1829,Iu
FN:1851,gf
FN:1860,Ef
FN:1865,Gn
FN:1914,Wr
FN:1938,kf
FN:1979,xf
FN:1997,So
FN:2003,Wu
FN:2007,Eo
FN:2011,Zn
FN:2018,Cf
FN:2034,ko
FN:2043,Qu
FN:2066,Yu
FN:2089,tr
FN:2105,Rf
FN:2125,Gu
FN:2133,(anonymous_198)
FN:2146,Kr
FN:2159,Zu
FN:2162,Nf
FN:2170,nr
FN:2177,rr
FN:2178,t
FN:2204,Tf
FN:2214,Pf
FN:2224,_o
FN:2246,Ro
FN:2259,bu
FN:2354,es
FN:2367,Yr
FN:2377,Gr
FN:2380,ts
FN:2383,Ge
FN:2384,t
FN:2405,(anonymous_216)
FN:2414,(anonymous_217)
FN:2422,(anonymous_218)
FN:2432,(anonymous_219)
FN:2458,(anonymous_220)
FN:2465,(anonymous_221)
FN:2475,(anonymous_222)
FN:2487,(anonymous_223)
FN:2552,Vf
FN:2560,zo
FN:2564,(anonymous_226)
FN:2584,(anonymous_227)
FN:2587,(anonymous_228)
FN:2590,(anonymous_229)
FN:2626,(anonymous_230)
FN:2633,(anonymous_231)
FN:2654,ss
FN:2668,as
FN:2675,ed
FN:2687,td
FN:2724,cs
FN:2728,fs
FN:2737,rd
FN:2740,br
FN:2744,ld
FN:2761,hs
FN:2764,ms
FN:2770,od
FN:2775,id
FN:2779,ud
FN:2782,sd
FN:2785,ad
FN:2789,ar
FN:2807,ys
FN:2811,vs
FN:2833,gs
FN:2848,ws
FN:2861,jo
FN:2875,cd
FN:2934,Ss
FN:2961,el
FN:2985,tl
FN:3002,Bt
FN:3054,Ts
FN:3058,Ps
FN:3091,fe
FN:3097,Vo
FN:3102,dr
FN:3105,(anonymous_264)
FN:3112,Os
FN:3136,$o
FN:3167,(anonymous_267)
FN:3437,pr
FN:3440,rl
FN:3455,Rn
FN:3461,Ls
FN:3479,zs
FN:3488,ll
FN:3491,ol
FN:3494,Ko
FN:3512,(anonymous_276)
FN:3516,wd
FN:3517,(anonymous_278)
FN:3521,Jo
FN:3538,Ht
FN:3549,Ds
FN:3570,nn
FN:3589,mr
FN:3597,Tn
FN:3601,il
FN:3606,Vt
FN:3609,de
FN:3612,ce
FN:3619,On
FN:3636,Ve
FN:3639,ul
FN:3642,Fs
FN:3646,js
FN:3654,sl
FN:3665,Us
FN:3680,Ms
FN:3683,kd
FN:3686,Wt
FN:3716,on
FN:3719,Is
FN:3735,Zo
FN:3738,bo
FN:3753,Bs
FN:3761,Hs
FN:3802,ei
FN:3805,ti
FN:3824,Vs
FN:3833,dl
FN:3869,$s
FN:3872,An
FN:3875,ni
FN:3879,yr
FN:3897,(anonymous_313)
FN:3909,pl
FN:3922,Ws
FN:3926,Qs
FN:3927,t
FN:3933,n
FN:3938,r
FN:3943,l
FN:3946,o
FN:3957,a
FN:3960,d
FN:3965,p
FN:3981,S
FN:3989,_
FN:3994,T
FN:4018,x
FN:4036,j
FN:4060,I
FN:4099,(anonymous_331)
FN:4106,H
FN:4148,(anonymous_333)
FN:4155,xe
FN:4253,li
FN:4256,oi
FN:4260,ii
FN:4273,jn
FN:4281,lt
FN:4291,ui
FN:4294,qs
FN:4302,Lt
FN:4314,si
FN:4323,Js
FN:4334,zt
FN:4344,Kt
FN:4362,yl
FN:4370,Xs
FN:4404,vl
FN:4506,Ys
FN:4522,sn
FN:4526,ai
FN:4540,Un
FN:4543,Gs
FN:4549,ci
FN:4553,gl
FN:4578,di
FN:4593,De
FN:4596,hi
FN:4602,mi
FN:4634,yi
FN:4638,xt
FN:4648,ot
FN:4669,kr
FN:4672,vi
FN:4733,gi
FN:4753,Zs
FN:4754,bs
FN:4775,ea
FN:4785,ta
FN:4788,na
FN:4789,(anonymous_372)
FN:4793,ra
FN:4803,la
FN:4807,oa
FN:4825,xr
FN:4840,ia
FN:4843,El
FN:4848,kl
FN:4861,ua
FN:4864,wi
FN:4867,sa
FN:4870,aa
FN:4873,ca
FN:4878,(anonymous_385)
FN:4886,(anonymous_386)
FN:4891,fa
FN:4897,Si
FN:4898,da
FN:4906,pa
FN:4914,ha
FN:4921,_d
FN:4932,ma
FN:4935,Rd
FN:4953,Nd
FN:4988,ya
FN:4992,va
FN:4998,ga
FN:5026,(anonymous_399)
FN:5031,(anonymous_400)
FN:5037,(anonymous_401)
FN:5040,(anonymous_402)
FN:5043,(anonymous_403)
FN:5052,(anonymous_404)
FN:5070,(anonymous_405)
FN:5076,(anonymous_406)
FN:5079,(anonymous_407)
FN:5084,(anonymous_408)
FN:5085,(anonymous_409)
FN:5105,(anonymous_410)
FN:5132,(anonymous_411)
FN:5136,(anonymous_412)
FN:5140,(anonymous_413)
FN:5161,(anonymous_414)
FN:5165,(anonymous_415)
FN:5169,(anonymous_416)
FN:5179,pt
FN:5187,Ei
FN:5195,(anonymous_419)
FN:5198,(anonymous_420)
FN:5208,(anonymous_421)
FN:5219,(anonymous_422)
FN:5230,wa
FN:5240,Sa
FN:5263,Ea
FN:5271,ki
FN:5294,Mn
FN:5312,xi
FN:5315,Ci
FN:5319,(anonymous_430)
FN:5325,ka
FN:5329,(anonymous_432)
FN:5335,xa
FN:5340,(anonymous_434)
FN:5343,(anonymous_435)
FN:5351,(anonymous_436)
FN:5363,Ca
FN:5372,_a
FN:5386,Ra
FN:5403,Me
FN:5406,Na
FN:5421,Ta
FN:5450,Pa
FN:5460,Oa
FN:5503,La
FN:5508,_i
FN:5523,za
FN:5633,Ri
FN:5650,Aa
FN:5657,Da
FN:5661,Ti
FN:5664,Fa
FN:5757,Pi
FN:5764,_l
FN:5774,Ad
FN:5870,ja
FN:5875,Oi
FN:5893,Ua
FN:5949,Rl
FN:5954,At
FN:5975,Dd
FN:6026,(anonymous_462)
FN:6041,(anonymous_463)
FN:6042,(anonymous_464)
FN:6118,(anonymous_465)
FN:6121,Cr
FN:6141,Fe
FN:6161,Fd
FN:6592,jd
FN:6643,In
FN:6654,zi
FN:6662,Md
FN:6772,_r
FN:6785,Tl
FN:6799,Ai
FN:6813,Va
FN:6836,$a
FN:6839,Wa
FN:6856,Di
FN:6873,Fi
FN:6883,qt
FN:6886,Qa
FN:6977,Ka
FN:6983,(anonymous_484)
FN:6989,mt
FN:7023,qa
FN:7251,Ct
FN:7288,Id
FN:7291,Ja
FN:7321,Xa
FN:7427,Ya
FN:7442,Ga
FN:7527,Ie
FN:7530,Yt
FN:7542,yt
FN:7553,Qe
FN:7562,(anonymous_497)
FN:7588,Za
FN:7693,Hi
FN:7702,Vi
FN:7705,Hd
FN:7734,Gt
FN:7749,ba
FN:7769,$i
FN:7778,fn
FN:7790,Wi
FN:7793,dn
FN:7852,ec
FN:7963,tc
FN:7967,Qi
FN:7973,jl
FN:7989,Vd
FN:7992,$d
FN:7995,nc
FN:8001,rc
FN:8030,pn
FN:8040,Wd
FN:8057,(anonymous_518)
FN:8100,Vn
FN:8226,lc
FN:8233,Ee
FN:8258,Qd
FN:8270,oc
FN:8278,Kd
FN:8283,qd
FN:8300,(anonymous_526)
FN:8577,uc
FN:8580,Jd
FN:8604,ut
FN:8607,Ki
FN:8610,Xd
FN:8618,Zt
FN:8649,Ul
FN:8712,hn
FN:8715,Ml
FN:8724,qi
FN:8727,Ji
FN:8739,Yd
FN:8765,Xi
FN:8783,Gd
FN:8794,sc
FN:8821,ac
FN:8837,Il
FN:8853,Bl
FN:8862,cc
FN:8868,Yi
FN:8871,Zd
FN:8877,(anonymous_548)
FN:8880,Gi
FN:8884,(anonymous_550)
FN:8890,(anonymous_551)
FN:8895,(anonymous_552)
FN:8901,Hl
FN:8904,(anonymous_554)
FN:8912,Zi
FN:8915,Vl
FN:8924,dc
FN:8925,bd
FN:8929,(anonymous_559)
FN:8946,(anonymous_560)
FN:8956,(anonymous_561)
FN:8962,$l
FN:8968,(anonymous_563)
FN:8977,(anonymous_564)
FN:8990,(anonymous_565)
FN:9000,(anonymous_566)
FN:9010,(anonymous_567)
FN:9021,(anonymous_568)
FN:9024,(anonymous_569)
FN:9032,(anonymous_570)
FN:9085,(anonymous_571)
FN:9105,(anonymous_572)
FN:9111,(anonymous_573)
FN:9127,(anonymous_574)
FN:9137,(anonymous_575)
FN:9140,(anonymous_576)
FN:9144,(anonymous_577)
FN:9169,(anonymous_578)
FN:9173,(anonymous_579)
FN:9176,(anonymous_580)
FN:9177,(anonymous_581)
FN:9185,(anonymous_582)
FN:9195,ap
FN:9198,i
FN:9214,cp
FN:9221,(anonymous_586)
FN:9233,Fc
FN:9234,(anonymous_588)
FN:9241,(anonymous_589)
FN:9241,(anonymous_590)
FN:9245,(anonymous_591)
FN:9245,(anonymous_592)
FN:9246,(anonymous_593)
FN:9246,(anonymous_594)
FN:9249,hp
FN:9260,mp
FN:9272,(anonymous_597)
FN:9273,(anonymous_598)
FN:9274,(anonymous_599)
FN:9289,(anonymous_600)
FN:9290,(anonymous_601)
FN:9306,(anonymous_602)
FN:9308,Ar
FN:9320,Ic
FN:9336,(anonymous_605)
FN:9337,su
FN:9340,(anonymous_607)
FN:9354,(anonymous_608)
FN:9357,(anonymous_609)
FN:9364,(anonymous_610)
FN:9365,(anonymous_611)
FN:9371,(anonymous_612)
FN:9383,(anonymous_613)
FN:9390,(anonymous_614)
FN:9400,(anonymous_615)
FN:9400,(anonymous_616)
FN:9403,(anonymous_617)
FN:9411,(anonymous_618)
FN:9418,(anonymous_619)
FN:9419,(anonymous_620)
FN:9423,(anonymous_621)
FN:9424,(anonymous_622)
FN:9428,(anonymous_623)
FN:9431,(anonymous_624)
FN:9437,(anonymous_625)
FN:9438,(anonymous_626)
FN:9448,(anonymous_627)
FN:9454,(anonymous_628)
FN:9456,(anonymous_629)
FN:9457,(anonymous_630)
FN:9463,(anonymous_631)
FN:9464,(anonymous_632)
FN:9465,Kp
FN:9468,(anonymous_634)
FN:9470,(anonymous_635)
FN:9477,(anonymous_636)
FN:9491,(anonymous_637)
FN:9492,(anonymous_638)
FN:9496,(anonymous_639)
FN:9499,(anonymous_640)
FN:9504,(anonymous_641)
FN:9508,(anonymous_642)
FN:9516,(anonymous_643)
FN:9575,q
FN:9588,(anonymous_645)
FN:9619,(anonymous_646)
FN:9624,(anonymous_647)
FN:9630,(anonymous_648)
FN:9633,(anonymous_649)
FN:9643,au
FN:9646,Qc
FN:9649,xc
FN:9653,(anonymous_653)
FN:9659,bp
FN:9662,(anonymous_655)
FN:9665,no
FN:9672,(anonymous_657)
FN:9682,N
FN:9693,R
FN:9704,(anonymous_660)
FN:9722,G
FN:9727,(anonymous_662)
FN:9738,Cc
FN:9748,(anonymous_664)
FN:9752,yu
FN:9756,(anonymous_666)
FN:9759,(anonymous_667)
FN:9761,(anonymous_668)
FN:9766,(anonymous_669)
FN:9771,th
FN:9780,qc
FN:9799,(anonymous_672)
FN:9802,(anonymous_673)
FN:9813,(anonymous_674)
FN:9816,(anonymous_675)
FN:9819,(anonymous_676)
FN:9820,(anonymous_677)
FN:9863,ch
FN:9869,(anonymous_679)
FN:9879,fh
FN:9880,(anonymous_681)
FN:9884,dh
FN:9893,Xc
FN:9894,u
FN:9911,(anonymous_685)
FN:9919,ph
FN:9932,(anonymous_687)
FN:9973,(anonymous_688)
FN:9998,(anonymous_689)
FN:10008,(anonymous_690)
FN:10030,(anonymous_691)
FN:10040,(anonymous_692)
FN:10055,Lr
FN:10058,Jl
FN:10061,yh
FN:10068,(anonymous_696)
FN:10069,lu
FN:10076,gh
FN:10080,(anonymous_699)
FN:10082,wh
FN:10084,(anonymous_701)
FN:10086,(anonymous_702)
FN:10094,(anonymous_703)
FN:10097,(anonymous_704)
FN:10099,h
FN:10106,(anonymous_706)
FN:10106,(anonymous_707)
FN:10126,(anonymous_708)
FN:10139,(anonymous_709)
FN:10146,(anonymous_710)
FN:10149,h
FN:10157,(anonymous_712)
FN:10167,(anonymous_713)
FN:10171,(anonymous_714)
FN:10183,(anonymous_715)
FN:10186,(anonymous_716)
FN:10189,(anonymous_717)
FN:10195,(anonymous_718)
FN:10198,(anonymous_719)
FN:10199,(anonymous_720)
FN:10202,(anonymous_721)
FN:10205,(anonymous_722)
FN:10208,(anonymous_723)
FN:10211,(anonymous_724)
FN:10213,(anonymous_725)
FN:10215,(anonymous_726)
FN:10218,h
FN:10233,(anonymous_728)
FN:10236,(anonymous_729)
FN:10237,(anonymous_730)
FN:10243,ou
FN:10249,(anonymous_732)
FN:10256,Yc
FN:10259,Wn
FN:10264,Gc
FN:10280,Sh
FN:10284,Eh
FN:10293,(anonymous_738)
FN:10306,kh
FN:10311,(anonymous_740)
FN:10315,(anonymous_741)
FN:10322,(anonymous_742)
FN:10326,(anonymous_743)
FN:10329,(anonymous_744)
FN:10332,(anonymous_745)
FN:10353,(anonymous_746)
FN:10355,(anonymous_747)
FN:10358,(anonymous_748)
FN:10359,(anonymous_749)
FN:10360,(anonymous_750)
FN:10362,(anonymous_751)
FN:10362,(anonymous_752)
FN:10371,(anonymous_753)
FN:10374,(anonymous_754)
FN:10382,(anonymous_755)
FN:10388,(anonymous_756)
FN:10393,(anonymous_757)
FN:10394,(anonymous_758)
FN:10397,(anonymous_759)
FN:10399,_h
FN:10402,Rh
FN:10405,Zc
FN:10409,(anonymous_763)
FN:10410,vn
FN:10413,c
FN:10422,f
FN:10427,h
FN:10430,y
FN:10435,k
FN:10468,(anonymous_770)
FN:10471,(anonymous_771)
FN:10479,(anonymous_772)
FN:10512,(anonymous_773)
FN:10530,(anonymous_774)
FN:10531,(anonymous_775)
FN:10541,A
FN:10549,Z
FN:10566,(anonymous_778)
FN:10569,(anonymous_779)
FN:10578,(anonymous_780)
FN:10585,(anonymous_781)
FN:10589,(anonymous_782)
FN:10592,(anonymous_783)
FN:10610,(anonymous_784)
FN:10623,(anonymous_785)
FN:10642,(anonymous_786)
FN:10647,(anonymous_787)
FN:10658,(anonymous_788)
FN:10661,(anonymous_789)
FN:10665,(anonymous_790)
FN:10672,(anonymous_791)
FN:10674,(anonymous_792)
FN:10677,(anonymous_793)
FN:10687,(anonymous_794)
FN:10690,(anonymous_795)
FN:10706,(anonymous_796)
FN:10710,(anonymous_797)
FN:10715,(anonymous_798)
FN:10732,(anonymous_799)
FN:10748,(anonymous_800)
FN:10748,(anonymous_801)
FN:10751,(anonymous_802)
FN:10752,(anonymous_803)
FN:10761,(anonymous_804)
FN:10766,(anonymous_805)
FN:10773,(anonymous_806)
FN:10774,(anonymous_807)
FN:10776,(anonymous_808)
FN:10777,(anonymous_809)
FN:10780,(anonymous_810)
FN:10781,(anonymous_811)
FN:10790,(anonymous_812)
FN:10801,(anonymous_813)
FN:10807,(anonymous_814)
FN:10828,(anonymous_815)
FN:10867,(anonymous_816)
FN:10873,(anonymous_817)
FN:10883,(anonymous_818)
FN:10906,(anonymous_819)
FN:10914,(anonymous_820)
FN:10915,(anonymous_821)
FN:10917,(anonymous_822)
FN:10935,(anonymous_823)
FN:10958,iu
FN:10965,Ac
FN:10975,(anonymous_826)
FN:10983,(anonymous_827)
FN:11004,(anonymous_828)
FN:11005,(anonymous_829)
FN:11011,(anonymous_830)
FN:11012,f
FN:11023,(anonymous_832)
FN:11045,(anonymous_833)
FN:11046,(anonymous_834)
FN:11048,Ih
FN:11069,(anonymous_836)
FN:11073,(anonymous_837)
FN:11096,(anonymous_838)
FN:11135,(anonymous_839)
FN:11142,(anonymous_840)
FN:11147,(anonymous_841)
FN:11186,(anonymous_842)
FN:11192,(anonymous_843)
FN:11193,(anonymous_844)
FN:11199,(anonymous_845)
FN:11200,s
FN:11201,(anonymous_847)
FN:11215,(anonymous_848)
FN:11219,(anonymous_849)
FN:11223,(anonymous_850)
FN:11229,(anonymous_851)
FN:11231,(anonymous_852)
FN:11235,(anonymous_853)
FN:11241,(anonymous_854)
FN:11245,(anonymous_855)
FN:11248,(anonymous_856)
FN:11255,(anonymous_857)
FN:11260,(anonymous_858)
FN:11262,(anonymous_859)
FN:11267,(anonymous_860)
FN:11271,(anonymous_861)
FN:11274,(anonymous_862)
FN:11281,Hh
FN:11282,(anonymous_864)
FN:11286,Vh
FN:11354,(anonymous_866)
FN:11357,of
FN:11363,(anonymous_868)
FN:11378,(anonymous_869)
FN:11385,(anonymous_870)
FN:11408,(anonymous_871)
FN:11408,(anonymous_872)
FN:11409,(anonymous_873)
FN:11410,(anonymous_874)
FN:11412,(anonymous_875)
FN:11416,(anonymous_876)
FN:11419,(anonymous_877)
FN:11427,(anonymous_878)
FN:11431,(anonymous_879)
FN:11440,(anonymous_880)
FN:11444,(anonymous_881)
FN:11449,(anonymous_882)
FN:11452,(anonymous_883)
FN:11453,(anonymous_884)
FN:11456,(anonymous_885)
FN:11458,(anonymous_886)
FN:11461,(anonymous_887)
FN:11464,(anonymous_888)
FN:11466,(anonymous_889)
FN:11484,(anonymous_890)
FN:11489,(anonymous_891)
FNF:892
FNH:0
FNDA:0,(anonymous_0)
FNDA:0,(anonymous_1)
FNDA:0,s
FNDA:0,c
FNDA:0,rp
FNDA:0,B
FNDA:0,(anonymous_6)
FNDA:0,(anonymous_7)
FNDA:0,(anonymous_8)
FNDA:0,(anonymous_9)
FNDA:0,z
FNDA:0,(anonymous_11)
FNDA:0,(anonymous_12)
FNDA:0,Z
FNDA:0,re
FNDA:0,Oe
FNDA:0,st
FNDA:0,Rt
FNDA:0,en
FNDA:0,(anonymous_19)
FNDA:0,Xe
FNDA:0,at
FNDA:0,(anonymous_22)
FNDA:0,wt
FNDA:0,(anonymous_24)
FNDA:0,Be
FNDA:0,(anonymous_26)
FNDA:0,(anonymous_27)
FNDA:0,M
FNDA:0,(anonymous_29)
FNDA:0,(anonymous_30)
FNDA:0,(anonymous_31)
FNDA:0,(anonymous_32)
FNDA:0,(anonymous_33)
FNDA:0,(anonymous_34)
FNDA:0,(anonymous_35)
FNDA:0,(anonymous_36)
FNDA:0,(anonymous_37)
FNDA:0,(anonymous_38)
FNDA:0,(anonymous_39)
FNDA:0,(anonymous_40)
FNDA:0,(anonymous_41)
FNDA:0,(anonymous_42)
FNDA:0,(anonymous_43)
FNDA:0,(anonymous_44)
FNDA:0,(anonymous_45)
FNDA:0,(anonymous_46)
FNDA:0,(anonymous_47)
FNDA:0,(anonymous_48)
FNDA:0,(anonymous_49)
FNDA:0,(anonymous_50)
FNDA:0,(anonymous_51)
FNDA:0,(anonymous_52)
FNDA:0,(anonymous_53)
FNDA:0,(anonymous_54)
FNDA:0,(anonymous_55)
FNDA:0,(anonymous_56)
FNDA:0,(anonymous_57)
FNDA:0,(anonymous_58)
FNDA:0,hu
FNDA:0,lp
FNDA:0,y
FNDA:0,op
FNDA:0,ip
FNDA:0,(anonymous_64)
FNDA:0,u
FNDA:0,s
FNDA:0,c
FNDA:0,f
FNDA:0,(anonymous_69)
FNDA:0,(anonymous_70)
FNDA:0,le
FNDA:0,ue
FNDA:0,se
FNDA:0,en
FNDA:0,gt
FNDA:0,(anonymous_76)
FNDA:0,(anonymous_77)
FNDA:0,(anonymous_78)
FNDA:0,Be
FNDA:0,Se
FNDA:0,(anonymous_81)
FNDA:0,(anonymous_82)
FNDA:0,(anonymous_83)
FNDA:0,(anonymous_84)
FNDA:0,(anonymous_85)
FNDA:0,(anonymous_86)
FNDA:0,(anonymous_87)
FNDA:0,(anonymous_88)
FNDA:0,(anonymous_89)
FNDA:0,(anonymous_90)
FNDA:0,(anonymous_91)
FNDA:0,(anonymous_92)
FNDA:0,(anonymous_93)
FNDA:0,up
FNDA:0,sp
FNDA:0,s
FNDA:0,h
FNDA:0,y
FNDA:0,B
FNDA:0,G
FNDA:0,D
FNDA:0,A
FNDA:0,(anonymous_103)
FNDA:0,(anonymous_104)
FNDA:0,(anonymous_105)
FNDA:0,(anonymous_106)
FNDA:0,(anonymous_107)
FNDA:0,(anonymous_108)
FNDA:0,(anonymous_109)
FNDA:0,(anonymous_110)
FNDA:0,(anonymous_111)
FNDA:0,re
FNDA:0,(anonymous_113)
FNDA:0,(anonymous_114)
FNDA:0,(anonymous_115)
FNDA:0,(anonymous_116)
FNDA:0,(anonymous_117)
FNDA:0,le
FNDA:0,Q
FNDA:0,C
FNDA:0,Y
FNDA:0,(anonymous_122)
FNDA:0,(anonymous_123)
FNDA:0,ee
FNDA:0,te
FNDA:0,ae
FNDA:0,oe
FNDA:0,he
FNDA:0,Ye
FNDA:0,(anonymous_130)
FNDA:0,(anonymous_131)
FNDA:0,(anonymous_132)
FNDA:0,(anonymous_133)
FNDA:0,(anonymous_134)
FNDA:0,Fr
FNDA:0,wu
FNDA:0,jr
FNDA:0,oo
FNDA:0,Su
FNDA:0,Eu
FNDA:0,io
FNDA:0,ku
FNDA:0,uo
FNDA:0,gn
FNDA:0,so
FNDA:0,xu
FNDA:0,Cu
FNDA:0,_u
FNDA:0,Ru
FNDA:0,ao
FNDA:0,(anonymous_151)
FNDA:0,(anonymous_152)
FNDA:0,(anonymous_153)
FNDA:0,(anonymous_154)
FNDA:0,Kn
FNDA:0,(anonymous_156)
FNDA:0,(anonymous_157)
FNDA:0,Tu
FNDA:0,Pu
FNDA:0,co
FNDA:0,fo
FNDA:0,ho
FNDA:0,Ou
FNDA:0,Lu
FNDA:0,zu
FNDA:0,Au
FNDA:0,Du
FNDA:0,Fu
FNDA:0,Jn
FNDA:0,(anonymous_170)
FNDA:0,af
FNDA:0,(anonymous_172)
FNDA:0,ff
FNDA:0,df
FNDA:0,tn
FNDA:0,ju
FNDA:0,Uu
FNDA:0,pf
FNDA:0,Mu
FNDA:0,Iu
FNDA:0,gf
FNDA:0,Ef
FNDA:0,Gn
FNDA:0,Wr
FNDA:0,kf
FNDA:0,xf
FNDA:0,So
FNDA:0,Wu
FNDA:0,Eo
FNDA:0,Zn
FNDA:0,Cf
FNDA:0,ko
FNDA:0,Qu
FNDA:0,Yu
FNDA:0,tr
FNDA:0,Rf
FNDA:0,Gu
FNDA:0,(anonymous_198)
FNDA:0,Kr
FNDA:0,Zu
FNDA:0,Nf
FNDA:0,nr
FNDA:0,rr
FNDA:0,t
FNDA:0,Tf
FNDA:0,Pf
FNDA:0,_o
FNDA:0,Ro
FNDA:0,bu
FNDA:0,es
FNDA:0,Yr
FNDA:0,Gr
FNDA:0,ts
FNDA:0,Ge
FNDA:0,t
FNDA:0,(anonymous_216)
FNDA:0,(anonymous_217)
FNDA:0,(anonymous_218)
FNDA:0,(anonymous_219)
FNDA:0,(anonymous_220)
FNDA:0,(anonymous_221)
FNDA:0,(anonymous_222)
FNDA:0,(anonymous_223)
FNDA:0,Vf
FNDA:0,zo
FNDA:0,(anonymous_226)
FNDA:0,(anonymous_227)
FNDA:0,(anonymous_228)
FNDA:0,(anonymous_229)
FNDA:0,(anonymous_230)
FNDA:0,(anonymous_231)
FNDA:0,ss
FNDA:0,as
FNDA:0,ed
FNDA:0,td
FNDA:0,cs
FNDA:0,fs
FNDA:0,rd
FNDA:0,br
FNDA:0,ld
FNDA:0,hs
FNDA:0,ms
FNDA:0,od
FNDA:0,id
FNDA:0,ud
FNDA:0,sd
FNDA:0,ad
FNDA:0,ar
FNDA:0,ys
FNDA:0,vs
FNDA:0,gs
FNDA:0,ws
FNDA:0,jo
FNDA:0,cd
FNDA:0,Ss
FNDA:0,el
FNDA:0,tl
FNDA:0,Bt
FNDA:0,Ts
FNDA:0,Ps
FNDA:0,fe
FNDA:0,Vo
FNDA:0,dr
FNDA:0,(anonymous_264)
FNDA:0,Os
FNDA:0,$o
FNDA:0,(anonymous_267)
FNDA:0,pr
FNDA:0,rl
FNDA:0,Rn
FNDA:0,Ls
FNDA:0,zs
FNDA:0,ll
FNDA:0,ol
FNDA:0,Ko
FNDA:0,(anonymous_276)
FNDA:0,wd
FNDA:0,(anonymous_278)
FNDA:0,Jo
FNDA:0,Ht
FNDA:0,Ds
FNDA:0,nn
FNDA:0,mr
FNDA:0,Tn
FNDA:0,il
FNDA:0,Vt
FNDA:0,de
FNDA:0,ce
FNDA:0,On
FNDA:0,Ve
FNDA:0,ul
FNDA:0,Fs
FNDA:0,js
FNDA:0,sl
FNDA:0,Us
FNDA:0,Ms
FNDA:0,kd
FNDA:0,Wt
FNDA:0,on
FNDA:0,Is
FNDA:0,Zo
FNDA:0,bo
FNDA:0,Bs
FNDA:0,Hs
FNDA:0,ei
FNDA:0,ti
FNDA:0,Vs
FNDA:0,dl
FNDA:0,$s
FNDA:0,An
FNDA:0,ni
FNDA:0,yr
FNDA:0,(anonymous_313)
FNDA:0,pl
FNDA:0,Ws
FNDA:0,Qs
FNDA:0,t
FNDA:0,n
FNDA:0,r
FNDA:0,l
FNDA:0,o
FNDA:0,a
FNDA:0,d
FNDA:0,p
FNDA:0,S
FNDA:0,_
FNDA:0,T
FNDA:0,x
FNDA:0,j
FNDA:0,I
FNDA:0,(anonymous_331)
FNDA:0,H
FNDA:0,(anonymous_333)
FNDA:0,xe
FNDA:0,li
FNDA:0,oi
FNDA:0,ii
FNDA:0,jn
FNDA:0,lt
FNDA:0,ui
FNDA:0,qs
FNDA:0,Lt
FNDA:0,si
FNDA:0,Js
FNDA:0,zt
FNDA:0,Kt
FNDA:0,yl
FNDA:0,Xs
FNDA:0,vl
FNDA:0,Ys
FNDA:0,sn
FNDA:0,ai
FNDA:0,Un
FNDA:0,Gs
FNDA:0,ci
FNDA:0,gl
FNDA:0,di
FNDA:0,De
FNDA:0,hi
FNDA:0,mi
FNDA:0,yi
FNDA:0,xt
FNDA:0,ot
FNDA:0,kr
FNDA:0,vi
FNDA:0,gi
FNDA:0,Zs
FNDA:0,bs
FNDA:0,ea
FNDA:0,ta
FNDA:0,na
FNDA:0,(anonymous_372)
FNDA:0,ra
FNDA:0,la
FNDA:0,oa
FNDA:0,xr
FNDA:0,ia
FNDA:0,El
FNDA:0,kl
FNDA:0,ua
FNDA:0,wi
FNDA:0,sa
FNDA:0,aa
FNDA:0,ca
FNDA:0,(anonymous_385)
FNDA:0,(anonymous_386)
FNDA:0,fa
FNDA:0,Si
FNDA:0,da
FNDA:0,pa
FNDA:0,ha
FNDA:0,_d
FNDA:0,ma
FNDA:0,Rd
FNDA:0,Nd
FNDA:0,ya
FNDA:0,va
FNDA:0,ga
FNDA:0,(anonymous_399)
FNDA:0,(anonymous_400)
FNDA:0,(anonymous_401)
FNDA:0,(anonymous_402)
FNDA:0,(anonymous_403)
FNDA:0,(anonymous_404)
FNDA:0,(anonymous_405)
FNDA:0,(anonymous_406)
FNDA:0,(anonymous_407)
FNDA:0,(anonymous_408)
FNDA:0,(anonymous_409)
FNDA:0,(anonymous_410)
FNDA:0,(anonymous_411)
FNDA:0,(anonymous_412)
FNDA:0,(anonymous_413)
FNDA:0,(anonymous_414)
FNDA:0,(anonymous_415)
FNDA:0,(anonymous_416)
FNDA:0,pt
FNDA:0,Ei
FNDA:0,(anonymous_419)
FNDA:0,(anonymous_420)
FNDA:0,(anonymous_421)
FNDA:0,(anonymous_422)
FNDA:0,wa
FNDA:0,Sa
FNDA:0,Ea
FNDA:0,ki
FNDA:0,Mn
FNDA:0,xi
FNDA:0,Ci
FNDA:0,(anonymous_430)
FNDA:0,ka
FNDA:0,(anonymous_432)
FNDA:0,xa
FNDA:0,(anonymous_434)
FNDA:0,(anonymous_435)
FNDA:0,(anonymous_436)
FNDA:0,Ca
FNDA:0,_a
FNDA:0,Ra
FNDA:0,Me
FNDA:0,Na
FNDA:0,Ta
FNDA:0,Pa
FNDA:0,Oa
FNDA:0,La
FNDA:0,_i
FNDA:0,za
FNDA:0,Ri
FNDA:0,Aa
FNDA:0,Da
FNDA:0,Ti
FNDA:0,Fa
FNDA:0,Pi
FNDA:0,_l
FNDA:0,Ad
FNDA:0,ja
FNDA:0,Oi
FNDA:0,Ua
FNDA:0,Rl
FNDA:0,At
FNDA:0,Dd
FNDA:0,(anonymous_462)
FNDA:0,(anonymous_463)
FNDA:0,(anonymous_464)
FNDA:0,(anonymous_465)
FNDA:0,Cr
FNDA:0,Fe
FNDA:0,Fd
FNDA:0,jd
FNDA:0,In
FNDA:0,zi
FNDA:0,Md
FNDA:0,_r
FNDA:0,Tl
FNDA:0,Ai
FNDA:0,Va
FNDA:0,$a
FNDA:0,Wa
FNDA:0,Di
FNDA:0,Fi
FNDA:0,qt
FNDA:0,Qa
FNDA:0,Ka
FNDA:0,(anonymous_484)
FNDA:0,mt
FNDA:0,qa
FNDA:0,Ct
FNDA:0,Id
FNDA:0,Ja
FNDA:0,Xa
FNDA:0,Ya
FNDA:0,Ga
FNDA:0,Ie
FNDA:0,Yt
FNDA:0,yt
FNDA:0,Qe
FNDA:0,(anonymous_497)
FNDA:0,Za
FNDA:0,Hi
FNDA:0,Vi
FNDA:0,Hd
FNDA:0,Gt
FNDA:0,ba
FNDA:0,$i
FNDA:0,fn
FNDA:0,Wi
FNDA:0,dn
FNDA:0,ec
FNDA:0,tc
FNDA:0,Qi
FNDA:0,jl
FNDA:0,Vd
FNDA:0,$d
FNDA:0,nc
FNDA:0,rc
FNDA:0,pn
FNDA:0,Wd
FNDA:0,(anonymous_518)
FNDA:0,Vn
FNDA:0,lc
FNDA:0,Ee
FNDA:0,Qd
FNDA:0,oc
FNDA:0,Kd
FNDA:0,qd
FNDA:0,(anonymous_526)
FNDA:0,uc
FNDA:0,Jd
FNDA:0,ut
FNDA:0,Ki
FNDA:0,Xd
FNDA:0,Zt
FNDA:0,Ul
FNDA:0,hn
FNDA:0,Ml
FNDA:0,qi
FNDA:0,Ji
FNDA:0,Yd
FNDA:0,Xi
FNDA:0,Gd
FNDA:0,sc
FNDA:0,ac
FNDA:0,Il
FNDA:0,Bl
FNDA:0,cc
FNDA:0,Yi
FNDA:0,Zd
FNDA:0,(anonymous_548)
FNDA:0,Gi
FNDA:0,(anonymous_550)
FNDA:0,(anonymous_551)
FNDA:0,(anonymous_552)
FNDA:0,Hl
FNDA:0,(anonymous_554)
FNDA:0,Zi
FNDA:0,Vl
FNDA:0,dc
FNDA:0,bd
FNDA:0,(anonymous_559)
FNDA:0,(anonymous_560)
FNDA:0,(anonymous_561)
FNDA:0,$l
FNDA:0,(anonymous_563)
FNDA:0,(anonymous_564)
FNDA:0,(anonymous_565)
FNDA:0,(anonymous_566)
FNDA:0,(anonymous_567)
FNDA:0,(anonymous_568)
FNDA:0,(anonymous_569)
FNDA:0,(anonymous_570)
FNDA:0,(anonymous_571)
FNDA:0,(anonymous_572)
FNDA:0,(anonymous_573)
FNDA:0,(anonymous_574)
FNDA:0,(anonymous_575)
FNDA:0,(anonymous_576)
FNDA:0,(anonymous_577)
FNDA:0,(anonymous_578)
FNDA:0,(anonymous_579)
FNDA:0,(anonymous_580)
FNDA:0,(anonymous_581)
FNDA:0,(anonymous_582)
FNDA:0,ap
FNDA:0,i
FNDA:0,cp
FNDA:0,(anonymous_586)
FNDA:0,Fc
FNDA:0,(anonymous_588)
FNDA:0,(anonymous_589)
FNDA:0,(anonymous_590)
FNDA:0,(anonymous_591)
FNDA:0,(anonymous_592)
FNDA:0,(anonymous_593)
FNDA:0,(anonymous_594)
FNDA:0,hp
FNDA:0,mp
FNDA:0,(anonymous_597)
FNDA:0,(anonymous_598)
FNDA:0,(anonymous_599)
FNDA:0,(anonymous_600)
FNDA:0,(anonymous_601)
FNDA:0,(anonymous_602)
FNDA:0,Ar
FNDA:0,Ic
FNDA:0,(anonymous_605)
FNDA:0,su
FNDA:0,(anonymous_607)
FNDA:0,(anonymous_608)
FNDA:0,(anonymous_609)
FNDA:0,(anonymous_610)
FNDA:0,(anonymous_611)
FNDA:0,(anonymous_612)
FNDA:0,(anonymous_613)
FNDA:0,(anonymous_614)
FNDA:0,(anonymous_615)
FNDA:0,(anonymous_616)
FNDA:0,(anonymous_617)
FNDA:0,(anonymous_618)
FNDA:0,(anonymous_619)
FNDA:0,(anonymous_620)
FNDA:0,(anonymous_621)
FNDA:0,(anonymous_622)
FNDA:0,(anonymous_623)
FNDA:0,(anonymous_624)
FNDA:0,(anonymous_625)
FNDA:0,(anonymous_626)
FNDA:0,(anonymous_627)
FNDA:0,(anonymous_628)
FNDA:0,(anonymous_629)
FNDA:0,(anonymous_630)
FNDA:0,(anonymous_631)
FNDA:0,(anonymous_632)
FNDA:0,Kp
FNDA:0,(anonymous_634)
FNDA:0,(anonymous_635)
FNDA:0,(anonymous_636)
FNDA:0,(anonymous_637)
FNDA:0,(anonymous_638)
FNDA:0,(anonymous_639)
FNDA:0,(anonymous_640)
FNDA:0,(anonymous_641)
FNDA:0,(anonymous_642)
FNDA:0,(anonymous_643)
FNDA:0,q
FNDA:0,(anonymous_645)
FNDA:0,(anonymous_646)
FNDA:0,(anonymous_647)
FNDA:0,(anonymous_648)
FNDA:0,(anonymous_649)
FNDA:0,au
FNDA:0,Qc
FNDA:0,xc
FNDA:0,(anonymous_653)
FNDA:0,bp
FNDA:0,(anonymous_655)
FNDA:0,no
FNDA:0,(anonymous_657)
FNDA:0,N
FNDA:0,R
FNDA:0,(anonymous_660)
FNDA:0,G
FNDA:0,(anonymous_662)
FNDA:0,Cc
FNDA:0,(anonymous_664)
FNDA:0,yu
FNDA:0,(anonymous_666)
FNDA:0,(anonymous_667)
FNDA:0,(anonymous_668)
FNDA:0,(anonymous_669)
FNDA:0,th
FNDA:0,qc
FNDA:0,(anonymous_672)
FNDA:0,(anonymous_673)
FNDA:0,(anonymous_674)
FNDA:0,(anonymous_675)
FNDA:0,(anonymous_676)
FNDA:0,(anonymous_677)
FNDA:0,ch
FNDA:0,(anonymous_679)
FNDA:0,fh
FNDA:0,(anonymous_681)
FNDA:0,dh
FNDA:0,Xc
FNDA:0,u
FNDA:0,(anonymous_685)
FNDA:0,ph
FNDA:0,(anonymous_687)
FNDA:0,(anonymous_688)
FNDA:0,(anonymous_689)
FNDA:0,(anonymous_690)
FNDA:0,(anonymous_691)
FNDA:0,(anonymous_692)
FNDA:0,Lr
FNDA:0,Jl
FNDA:0,yh
FNDA:0,(anonymous_696)
FNDA:0,lu
FNDA:0,gh
FNDA:0,(anonymous_699)
FNDA:0,wh
FNDA:0,(anonymous_701)
FNDA:0,(anonymous_702)
FNDA:0,(anonymous_703)
FNDA:0,(anonymous_704)
FNDA:0,h
FNDA:0,(anonymous_706)
FNDA:0,(anonymous_707)
FNDA:0,(anonymous_708)
FNDA:0,(anonymous_709)
FNDA:0,(anonymous_710)
FNDA:0,h
FNDA:0,(anonymous_712)
FNDA:0,(anonymous_713)
FNDA:0,(anonymous_714)
FNDA:0,(anonymous_715)
FNDA:0,(anonymous_716)
FNDA:0,(anonymous_717)
FNDA:0,(anonymous_718)
FNDA:0,(anonymous_719)
FNDA:0,(anonymous_720)
FNDA:0,(anonymous_721)
FNDA:0,(anonymous_722)
FNDA:0,(anonymous_723)
FNDA:0,(anonymous_724)
FNDA:0,(anonymous_725)
FNDA:0,(anonymous_726)
FNDA:0,h
FNDA:0,(anonymous_728)
FNDA:0,(anonymous_729)
FNDA:0,(anonymous_730)
FNDA:0,ou
FNDA:0,(anonymous_732)
FNDA:0,Yc
FNDA:0,Wn
FNDA:0,Gc
FNDA:0,Sh
FNDA:0,Eh
FNDA:0,(anonymous_738)
FNDA:0,kh
FNDA:0,(anonymous_740)
FNDA:0,(anonymous_741)
FNDA:0,(anonymous_742)
FNDA:0,(anonymous_743)
FNDA:0,(anonymous_744)
FNDA:0,(anonymous_745)
FNDA:0,(anonymous_746)
FNDA:0,(anonymous_747)
FNDA:0,(anonymous_748)
FNDA:0,(anonymous_749)
FNDA:0,(anonymous_750)
FNDA:0,(anonymous_751)
FNDA:0,(anonymous_752)
FNDA:0,(anonymous_753)
FNDA:0,(anonymous_754)
FNDA:0,(anonymous_755)
FNDA:0,(anonymous_756)
FNDA:0,(anonymous_757)
FNDA:0,(anonymous_758)
FNDA:0,(anonymous_759)
FNDA:0,_h
FNDA:0,Rh
FNDA:0,Zc
FNDA:0,(anonymous_763)
FNDA:0,vn
FNDA:0,c
FNDA:0,f
FNDA:0,h
FNDA:0,y
FNDA:0,k
FNDA:0,(anonymous_770)
FNDA:0,(anonymous_771)
FNDA:0,(anonymous_772)
FNDA:0,(anonymous_773)
FNDA:0,(anonymous_774)
FNDA:0,(anonymous_775)
FNDA:0,A
FNDA:0,Z
FNDA:0,(anonymous_778)
FNDA:0,(anonymous_779)
FNDA:0,(anonymous_780)
FNDA:0,(anonymous_781)
FNDA:0,(anonymous_782)
FNDA:0,(anonymous_783)
FNDA:0,(anonymous_784)
FNDA:0,(anonymous_785)
FNDA:0,(anonymous_786)
FNDA:0,(anonymous_787)
FNDA:0,(anonymous_788)
FNDA:0,(anonymous_789)
FNDA:0,(anonymous_790)
FNDA:0,(anonymous_791)
FNDA:0,(anonymous_792)
FNDA:0,(anonymous_793)
FNDA:0,(anonymous_794)
FNDA:0,(anonymous_795)
FNDA:0,(anonymous_796)
FNDA:0,(anonymous_797)
FNDA:0,(anonymous_798)
FNDA:0,(anonymous_799)
FNDA:0,(anonymous_800)
FNDA:0,(anonymous_801)
FNDA:0,(anonymous_802)
FNDA:0,(anonymous_803)
FNDA:0,(anonymous_804)
FNDA:0,(anonymous_805)
FNDA:0,(anonymous_806)
FNDA:0,(anonymous_807)
FNDA:0,(anonymous_808)
FNDA:0,(anonymous_809)
FNDA:0,(anonymous_810)
FNDA:0,(anonymous_811)
FNDA:0,(anonymous_812)
FNDA:0,(anonymous_813)
FNDA:0,(anonymous_814)
FNDA:0,(anonymous_815)
FNDA:0,(anonymous_816)
FNDA:0,(anonymous_817)
FNDA:0,(anonymous_818)
FNDA:0,(anonymous_819)
FNDA:0,(anonymous_820)
FNDA:0,(anonymous_821)
FNDA:0,(anonymous_822)
FNDA:0,(anonymous_823)
FNDA:0,iu
FNDA:0,Ac
FNDA:0,(anonymous_826)
FNDA:0,(anonymous_827)
FNDA:0,(anonymous_828)
FNDA:0,(anonymous_829)
FNDA:0,(anonymous_830)
FNDA:0,f
FNDA:0,(anonymous_832)
FNDA:0,(anonymous_833)
FNDA:0,(anonymous_834)
FNDA:0,Ih
FNDA:0,(anonymous_836)
FNDA:0,(anonymous_837)
FNDA:0,(anonymous_838)
FNDA:0,(anonymous_839)
FNDA:0,(anonymous_840)
FNDA:0,(anonymous_841)
FNDA:0,(anonymous_842)
FNDA:0,(anonymous_843)
FNDA:0,(anonymous_844)
FNDA:0,(anonymous_845)
FNDA:0,s
FNDA:0,(anonymous_847)
FNDA:0,(anonymous_848)
FNDA:0,(anonymous_849)
FNDA:0,(anonymous_850)
FNDA:0,(anonymous_851)
FNDA:0,(anonymous_852)
FNDA:0,(anonymous_853)
FNDA:0,(anonymous_854)
FNDA:0,(anonymous_855)
FNDA:0,(anonymous_856)
FNDA:0,(anonymous_857)
FNDA:0,(anonymous_858)
FNDA:0,(anonymous_859)
FNDA:0,(anonymous_860)
FNDA:0,(anonymous_861)
FNDA:0,(anonymous_862)
FNDA:0,Hh
FNDA:0,(anonymous_864)
FNDA:0,Vh
FNDA:0,(anonymous_866)
FNDA:0,of
FNDA:0,(anonymous_868)
FNDA:0,(anonymous_869)
FNDA:0,(anonymous_870)
FNDA:0,(anonymous_871)
FNDA:0,(anonymous_872)
FNDA:0,(anonymous_873)
FNDA:0,(anonymous_874)
FNDA:0,(anonymous_875)
FNDA:0,(anonymous_876)
FNDA:0,(anonymous_877)
FNDA:0,(anonymous_878)
FNDA:0,(anonymous_879)
FNDA:0,(anonymous_880)
FNDA:0,(anonymous_881)
FNDA:0,(anonymous_882)
FNDA:0,(anonymous_883)
FNDA:0,(anonymous_884)
FNDA:0,(anonymous_885)
FNDA:0,(anonymous_886)
FNDA:0,(anonymous_887)
FNDA:0,(anonymous_888)
FNDA:0,(anonymous_889)
FNDA:0,(anonymous_890)
FNDA:0,(anonymous_891)
DA:1,0
DA:2,0
DA:3,0
DA:4,0
DA:5,0
DA:6,0
DA:7,0
DA:8,0
DA:9,0
DA:12,0
DA:13,0
DA:25,0
DA:26,0
DA:27,0
DA:28,0
DA:31,0
DA:32,0
DA:33,0
DA:34,0
DA:45,0
DA:46,0
DA:47,0
DA:48,0
DA:49,0
DA:50,0
DA:51,0
DA:52,0
DA:53,0
DA:54,0
DA:55,0
DA:56,0
DA:57,0
DA:58,0
DA:60,0
DA:65,0
DA:67,0
DA:73,0
DA:74,0
DA:76,0
DA:81,0
DA:83,0
DA:84,0
DA:87,0
DA:90,0
DA:93,0
DA:95,0
DA:100,0
DA:101,0
DA:102,0
DA:103,0
DA:104,0
DA:105,0
DA:108,0
DA:109,0
DA:110,0
DA:111,0
DA:112,0
DA:115,0
DA:116,0
DA:117,0
DA:118,0
DA:119,0
DA:120,0
DA:121,0
DA:123,0
DA:124,0
DA:125,0
DA:126,0
DA:136,0
DA:146,0
DA:149,0
DA:150,0
DA:153,0
DA:157,0
DA:159,0
DA:164,0
DA:165,0
DA:166,0
DA:167,0
DA:169,0
DA:172,0
DA:173,0
DA:175,0
DA:178,0
DA:181,0
DA:182,0
DA:190,0
DA:205,0
DA:206,0
DA:207,0
DA:208,0
DA:209,0
DA:211,0
DA:212,0
DA:213,0
DA:216,0
DA:217,0
DA:227,0
DA:230,0
DA:231,0
DA:232,0
DA:233,0
DA:235,0
DA:241,0
DA:242,0
DA:243,0
DA:246,0
DA:250,0
DA:256,0
DA:257,0
DA:259,0
DA:260,0
DA:261,0
DA:267,0
DA:269,0
DA:273,0
DA:276,0
DA:282,0
DA:283,0
DA:285,0
DA:291,0
DA:293,0
DA:298,0
DA:299,0
DA:302,0
DA:314,0
DA:315,0
DA:320,0
DA:321,0
DA:322,0
DA:323,0
DA:324,0
DA:325,0
DA:330,0
DA:331,0
DA:332,0
DA:336,0
DA:337,0
DA:338,0
DA:339,0
DA:340,0
DA:341,0
DA:343,0
DA:353,0
DA:370,0
DA:371,0
DA:374,0
DA:377,0
DA:381,0
DA:384,0
DA:387,0
DA:388,0
DA:389,0
DA:390,0
DA:392,0
DA:397,0
DA:400,0
DA:404,0
DA:407,0
DA:410,0
DA:413,0
DA:416,0
DA:419,0
DA:422,0
DA:425,0
DA:428,0
DA:431,0
DA:434,0
DA:437,0
DA:445,0
DA:457,0
DA:458,0
DA:459,0
DA:460,0
DA:461,0
DA:462,0
DA:463,0
DA:464,0
DA:467,0
DA:468,0
DA:469,0
DA:470,0
DA:473,0
DA:474,0
DA:475,0
DA:476,0
DA:485,0
DA:489,0
DA:491,0
DA:492,0
DA:493,0
DA:494,0
DA:495,0
DA:496,0
DA:507,0
DA:512,0
DA:513,0
DA:514,0
DA:515,0
DA:516,0
DA:517,0
DA:518,0
DA:522,0
DA:525,0
DA:526,0
DA:527,0
DA:528,0
DA:529,0
DA:530,0
DA:531,0
DA:532,0
DA:533,0
DA:534,0
DA:535,0
DA:536,0
DA:539,0
DA:540,0
DA:541,0
DA:544,0
DA:547,0
DA:548,0
DA:550,0
DA:554,0
DA:555,0
DA:556,0
DA:559,0
DA:560,0
DA:561,0
DA:562,0
DA:565,0
DA:566,0
DA:567,0
DA:568,0
DA:569,0
DA:570,0
DA:571,0
DA:572,0
DA:573,0
DA:574,0
DA:575,0
DA:576,0
DA:581,0
DA:582,0
DA:583,0
DA:584,0
DA:585,0
DA:586,0
DA:590,0
DA:591,0
DA:593,0
DA:594,0
DA:598,0
DA:599,0
DA:600,0
DA:601,0
DA:606,0
DA:607,0
DA:608,0
DA:609,0
DA:610,0
DA:615,0
DA:616,0
DA:618,0
DA:620,0
DA:621,0
DA:623,0
DA:625,0
DA:628,0
DA:629,0
DA:630,0
DA:631,0
DA:632,0
DA:634,0
DA:637,0
DA:638,0
DA:639,0
DA:640,0
DA:641,0
DA:642,0
DA:644,0
DA:646,0
DA:649,0
DA:650,0
DA:651,0
DA:653,0
DA:654,0
DA:655,0
DA:656,0
DA:658,0
DA:661,0
DA:662,0
DA:665,0
DA:668,0
DA:669,0
DA:672,0
DA:679,0
DA:682,0
DA:685,0
DA:692,0
DA:695,0
DA:698,0
DA:702,0
DA:703,0
DA:705,0
DA:707,0
DA:708,0
DA:709,0
DA:710,0
DA:712,0
DA:718,0
DA:724,0
DA:726,0
DA:728,0
DA:729,0
DA:730,0
DA:731,0
DA:733,0
DA:737,0
DA:738,0
DA:746,0
DA:747,0
DA:749,0
DA:750,0
DA:752,0
DA:753,0
DA:755,0
DA:756,0
DA:758,0
DA:760,0
DA:782,0
DA:783,0
DA:784,0
DA:785,0
DA:786,0
DA:787,0
DA:789,0
DA:799,0
DA:811,0
DA:812,0
DA:813,0
DA:814,0
DA:816,0
DA:817,0
DA:818,0
DA:822,0
DA:823,0
DA:831,0
DA:832,0
DA:834,0
DA:837,0
DA:839,0
DA:844,0
DA:846,0
DA:847,0
DA:848,0
DA:850,0
DA:859,0
DA:860,0
DA:863,0
DA:865,0
DA:872,0
DA:876,0
DA:877,0
DA:878,0
DA:879,0
DA:881,0
DA:883,0
DA:885,0
DA:887,0
DA:889,0
DA:892,0
DA:901,0
DA:902,0
DA:905,0
DA:913,0
DA:914,0
DA:918,0
DA:927,0
DA:932,0
DA:935,0
DA:938,0
DA:941,0
DA:944,0
DA:946,0
DA:948,0
DA:950,0
DA:953,0
DA:954,0
DA:959,0
DA:960,0
DA:963,0
DA:964,0
DA:967,0
DA:979,0
DA:982,0
DA:983,0
DA:1003,0
DA:1004,0
DA:1005,0
DA:1006,0
DA:1007,0
DA:1008,0
DA:1009,0
DA:1010,0
DA:1011,0
DA:1012,0
DA:1013,0
DA:1014,0
DA:1015,0
DA:1016,0
DA:1017,0
DA:1019,0
DA:1024,0
DA:1027,0
DA:1028,0
DA:1029,0
DA:1031,0
DA:1032,0
DA:1034,0
DA:1041,0
DA:1043,0
DA:1044,0
DA:1045,0
DA:1046,0
DA:1047,0
DA:1048,0
DA:1049,0
DA:1051,0
DA:1055,0
DA:1060,0
DA:1061,0
DA:1063,0
DA:1065,0
DA:1067,0
DA:1068,0
DA:1070,0
DA:1072,0
DA:1075,0
DA:1076,0
DA:1078,0
DA:1080,0
DA:1083,0
DA:1084,0
DA:1085,0
DA:1087,0
DA:1089,0
DA:1090,0
DA:1094,0
DA:1095,0
DA:1096,0
DA:1097,0
DA:1098,0
DA:1099,0
DA:1101,0
DA:1103,0
DA:1111,0
DA:1115,0
DA:1117,0
DA:1120,0
DA:1122,0
DA:1124,0
DA:1126,0
DA:1128,0
DA:1132,0
DA:1134,0
DA:1136,0
DA:1138,0
DA:1142,0
DA:1143,0
DA:1144,0
DA:1145,0
DA:1147,0
DA:1149,0
DA:1151,0
DA:1153,0
DA:1155,0
DA:1157,0
DA:1159,0
DA:1160,0
DA:1162,0
DA:1164,0
DA:1166,0
DA:1167,0
DA:1175,0
DA:1180,0
DA:1181,0
DA:1182,0
DA:1185,0
DA:1188,0
DA:1189,0
DA:1191,0
DA:1193,0
DA:1195,0
DA:1197,0
DA:1199,0
DA:1205,0
DA:1207,0
DA:1209,0
DA:1211,0
DA:1213,0
DA:1215,0
DA:1217,0
DA:1219,0
DA:1221,0
DA:1223,0
DA:1225,0
DA:1227,0
DA:1229,0
DA:1236,0
DA:1237,0
DA:1239,0
DA:1242,0
DA:1247,0
DA:1249,0
DA:1251,0
DA:1255,0
DA:1256,0
DA:1263,0
DA:1264,0
DA:1265,0
DA:1266,0
DA:1272,0
DA:1273,0
DA:1274,0
DA:1278,0
DA:1281,0
DA:1287,0
DA:1290,0
DA:1293,0
DA:1300,0
DA:1303,0
DA:1304,0
DA:1305,0
DA:1306,0
DA:1307,0
DA:1308,0
DA:1315,0
DA:1318,0
DA:1319,0
DA:1320,0
DA:1322,0
DA:1326,0
DA:1327,0
DA:1335,0
DA:1336,0
DA:1337,0
DA:1348,0
DA:1351,0
DA:1352,0
DA:1353,0
DA:1354,0
DA:1355,0
DA:1358,0
DA:1359,0
DA:1360,0
DA:1362,0
DA:1370,0
DA:1371,0
DA:1372,0
DA:1378,0
DA:1379,0
DA:1383,0
DA:1389,0
DA:1394,0
DA:1396,0
DA:1397,0
DA:1398,0
DA:1399,0
DA:1400,0
DA:1404,0
DA:1405,0
DA:1406,0
DA:1407,0
DA:1409,0
DA:1411,0
DA:1415,0
DA:1416,0
DA:1423,0
DA:1424,0
DA:1425,0
DA:1426,0
DA:1427,0
DA:1428,0
DA:1429,0
DA:1431,0
DA:1433,0
DA:1435,0
DA:1438,0
DA:1439,0
DA:1440,0
DA:1447,0
DA:1448,0
DA:1454,0
DA:1456,0
DA:1458,0
DA:1460,0
DA:1464,0
DA:1471,0
DA:1472,0
DA:1474,0
DA:1475,0
DA:1480,0
DA:1481,0
DA:1483,0
DA:1490,0
DA:1491,0
DA:1495,0
DA:1496,0
DA:1497,0
DA:1498,0
DA:1499,0
DA:1502,0
DA:1504,0
DA:1549,0
DA:1550,0
DA:1551,0
DA:1552,0
DA:1556,0
DA:1563,0
DA:1564,0
DA:1565,0
DA:1566,0
DA:1567,0
DA:1568,0
DA:1572,0
DA:1593,0
DA:1594,0
DA:1595,0
DA:1596,0
DA:1597,0
DA:1598,0
DA:1602,0
DA:1604,0
DA:1608,0
DA:1609,0
DA:1618,0
DA:1620,0
DA:1623,0
DA:1625,0
DA:1631,0
DA:1632,0
DA:1633,0
DA:1635,0
DA:1636,0
DA:1637,0
DA:1638,0
DA:1642,0
DA:1645,0
DA:1646,0
DA:1647,0
DA:1648,0
DA:1652,0
DA:1655,0
DA:1657,0
DA:1658,0
DA:1659,0
DA:1660,0
DA:1662,0
DA:1666,0
DA:1667,0
DA:1668,0
DA:1669,0
DA:1670,0
DA:1671,0
DA:1683,0
DA:1692,0
DA:1694,0
DA:1696,0
DA:1697,0
DA:1698,0
DA:1700,0
DA:1701,0
DA:1702,0
DA:1703,0
DA:1704,0
DA:1706,0
DA:1712,0
DA:1715,0
DA:1716,0
DA:1717,0
DA:1719,0
DA:1722,0
DA:1723,0
DA:1724,0
DA:1725,0
DA:1726,0
DA:1728,0
DA:1732,0
DA:1735,0
DA:1736,0
DA:1737,0
DA:1738,0
DA:1739,0
DA:1740,0
DA:1744,0
DA:1745,0
DA:1746,0
DA:1748,0
DA:1749,0
DA:1752,0
DA:1755,0
DA:1756,0
DA:1757,0
DA:1761,0
DA:1763,0
DA:1766,0
DA:1769,0
DA:1770,0
DA:1771,0
DA:1772,0
DA:1774,0
DA:1775,0
DA:1776,0
DA:1777,0
DA:1778,0
DA:1779,0
DA:1780,0
DA:1781,0
DA:1783,0
DA:1785,0
DA:1786,0
DA:1787,0
DA:1788,0
DA:1789,0
DA:1791,0
DA:1793,0
DA:1795,0
DA:1796,0
DA:1797,0
DA:1798,0
DA:1800,0
DA:1801,0
DA:1802,0
DA:1804,0
DA:1806,0
DA:1807,0
DA:1808,0
DA:1809,0
DA:1810,0
DA:1812,0
DA:1813,0
DA:1814,0
DA:1816,0
DA:1818,0
DA:1821,0
DA:1823,0
DA:1824,0
DA:1827,0
DA:1830,0
DA:1831,0
DA:1832,0
DA:1833,0
DA:1834,0
DA:1836,0
DA:1838,0
DA:1839,0
DA:1840,0
DA:1841,0
DA:1842,0
DA:1843,0
DA:1844,0
DA:1845,0
DA:1846,0
DA:1847,0
DA:1848,0
DA:1849,0
DA:1850,0
DA:1852,0
DA:1853,0
DA:1854,0
DA:1857,0
DA:1858,0
DA:1859,0
DA:1861,0
DA:1863,0
DA:1864,0
DA:1866,0
DA:1868,0
DA:1870,0
DA:1872,0
DA:1874,0
DA:1876,0
DA:1878,0
DA:1895,0
DA:1901,0
DA:1903,0
DA:1905,0
DA:1907,0
DA:1909,0
DA:1911,0
DA:1915,0
DA:1916,0
DA:1917,0
DA:1918,0
DA:1919,0
DA:1920,0
DA:1921,0
DA:1922,0
DA:1923,0
DA:1924,0
DA:1925,0
DA:1926,0
DA:1932,0
DA:1933,0
DA:1934,0
DA:1935,0
DA:1936,0
DA:1939,0
DA:1943,0
DA:1963,0
DA:1969,0
DA:1974,0
DA:1976,0
DA:1980,0
DA:1981,0
DA:1982,0
DA:1983,0
DA:1984,0
DA:1988,0
DA:1989,0
DA:1990,0
DA:1991,0
DA:1998,0
DA:2004,0
DA:2005,0
DA:2008,0
DA:2009,0
DA:2012,0
DA:2019,0
DA:2020,0
DA:2027,0
DA:2028,0
DA:2029,0
DA:2030,0
DA:2031,0
DA:2035,0
DA:2036,0
DA:2037,0
DA:2038,0
DA:2039,0
DA:2042,0
DA:2044,0
DA:2054,0
DA:2055,0
DA:2056,0
DA:2057,0
DA:2058,0
DA:2059,0
DA:2060,0
DA:2061,0
DA:2063,0
DA:2067,0
DA:2070,0
DA:2071,0
DA:2074,0
DA:2075,0
DA:2078,0
DA:2079,0
DA:2082,0
DA:2083,0
DA:2086,0
DA:2090,0
DA:2106,0
DA:2108,0
DA:2110,0
DA:2112,0
DA:2114,0
DA:2115,0
DA:2117,0
DA:2123,0
DA:2126,0
DA:2127,0
DA:2128,0
DA:2129,0
DA:2130,0
DA:2131,0
DA:2132,0
DA:2134,0
DA:2136,0
DA:2138,0
DA:2139,0
DA:2140,0
DA:2144,0
DA:2147,0
DA:2148,0
DA:2149,0
DA:2150,0
DA:2151,0
DA:2152,0
DA:2153,0
DA:2154,0
DA:2155,0
DA:2157,0
DA:2160,0
DA:2163,0
DA:2171,0
DA:2179,0
DA:2181,0
DA:2182,0
DA:2183,0
DA:2184,0
DA:2185,0
DA:2188,0
DA:2198,0
DA:2199,0
DA:2200,0
DA:2202,0
DA:2203,0
DA:2205,0
DA:2206,0
DA:2207,0
DA:2208,0
DA:2209,0
DA:2211,0
DA:2215,0
DA:2216,0
DA:2217,0
DA:2218,0
DA:2219,0
DA:2221,0
DA:2225,0
DA:2226,0
DA:2227,0
DA:2228,0
DA:2229,0
DA:2230,0
DA:2231,0
DA:2232,0
DA:2238,0
DA:2239,0
DA:2241,0
DA:2242,0
DA:2245,0
DA:2247,0
DA:2248,0
DA:2249,0
DA:2250,0
DA:2251,0
DA:2252,0
DA:2253,0
DA:2254,0
DA:2255,0
DA:2256,0
DA:2257,0
DA:2260,0
DA:2312,0
DA:2332,0
DA:2334,0
DA:2336,0
DA:2338,0
DA:2341,0
DA:2343,0
DA:2345,0
DA:2348,0
DA:2351,0
DA:2352,0
DA:2353,0
DA:2355,0
DA:2357,0
DA:2358,0
DA:2360,0
DA:2361,0
DA:2362,0
DA:2363,0
DA:2364,0
DA:2365,0
DA:2368,0
DA:2369,0
DA:2378,0
DA:2381,0
DA:2385,0
DA:2391,0
DA:2392,0
DA:2393,0
DA:2403,0
DA:2406,0
DA:2407,0
DA:2408,0
DA:2415,0
DA:2416,0
DA:2428,0
DA:2433,0
DA:2438,0
DA:2439,0
DA:2440,0
DA:2444,0
DA:2459,0
DA:2466,0
DA:2476,0
DA:2479,0
DA:2480,0
DA:2481,0
DA:2482,0
DA:2483,0
DA:2484,0
DA:2485,0
DA:2486,0
DA:2488,0
DA:2491,0
DA:2492,0
DA:2493,0
DA:2494,0
DA:2508,0
DA:2546,0
DA:2553,0
DA:2554,0
DA:2561,0
DA:2563,0
DA:2565,0
DA:2566,0
DA:2567,0
DA:2569,0
DA:2585,0
DA:2588,0
DA:2591,0
DA:2598,0
DA:2599,0
DA:2611,0
DA:2612,0
DA:2622,0
DA:2623,0
DA:2624,0
DA:2625,0
DA:2627,0
DA:2634,0
DA:2645,0
DA:2646,0
DA:2647,0
DA:2648,0
DA:2649,0
DA:2650,0
DA:2651,0
DA:2652,0
DA:2653,0
DA:2655,0
DA:2657,0
DA:2659,0
DA:2663,0
DA:2665,0
DA:2669,0
DA:2674,0
DA:2676,0
DA:2678,0
DA:2680,0
DA:2682,0
DA:2684,0
DA:2688,0
DA:2689,0
DA:2692,0
DA:2694,0
DA:2696,0
DA:2697,0
DA:2698,0
DA:2700,0
DA:2702,0
DA:2704,0
DA:2707,0
DA:2725,0
DA:2726,0
DA:2729,0
DA:2735,0
DA:2736,0
DA:2738,0
DA:2741,0
DA:2742,0
DA:2745,0
DA:2747,0
DA:2748,0
DA:2750,0
DA:2751,0
DA:2752,0
DA:2753,0
DA:2754,0
DA:2757,0
DA:2758,0
DA:2759,0
DA:2762,0
DA:2765,0
DA:2766,0
DA:2767,0
DA:2771,0
DA:2776,0
DA:2777,0
DA:2780,0
DA:2783,0
DA:2786,0
DA:2788,0
DA:2790,0
DA:2791,0
DA:2797,0
DA:2798,0
DA:2799,0
DA:2800,0
DA:2801,0
DA:2802,0
DA:2803,0
DA:2805,0
DA:2808,0
DA:2809,0
DA:2812,0
DA:2813,0
DA:2814,0
DA:2815,0
DA:2816,0
DA:2817,0
DA:2818,0
DA:2820,0
DA:2821,0
DA:2822,0
DA:2823,0
DA:2824,0
DA:2826,0
DA:2828,0
DA:2830,0
DA:2834,0
DA:2849,0
DA:2850,0
DA:2851,0
DA:2853,0
DA:2855,0
DA:2856,0
DA:2857,0
DA:2859,0
DA:2862,0
DA:2863,0
DA:2876,0
DA:2877,0
DA:2878,0
DA:2879,0
DA:2885,0
DA:2886,0
DA:2892,0
DA:2894,0
DA:2898,0
DA:2899,0
DA:2900,0
DA:2901,0
DA:2904,0
DA:2905,0
DA:2920,0
DA:2921,0
DA:2923,0
DA:2924,0
DA:2929,0
DA:2930,0
DA:2931,0
DA:2932,0
DA:2933,0
DA:2936,0
DA:2937,0
DA:2962,0
DA:2963,0
DA:2970,0
DA:2976,0
DA:2977,0
DA:2978,0
DA:2986,0
DA:2987,0
DA:2988,0
DA:2990,0
DA:2991,0
DA:2993,0
DA:2994,0
DA:2995,0
DA:2996,0
DA:2997,0
DA:2999,0
DA:3003,0
DA:3005,0
DA:3006,0
DA:3007,0
DA:3008,0
DA:3009,0
DA:3011,0
DA:3048,0
DA:3051,0
DA:3055,0
DA:3056,0
DA:3059,0
DA:3060,0
DA:3061,0
DA:3062,0
DA:3063,0
DA:3064,0
DA:3065,0
DA:3066,0
DA:3067,0
DA:3068,0
DA:3069,0
DA:3070,0
DA:3071,0
DA:3072,0
DA:3073,0
DA:3076,0
DA:3077,0
DA:3084,0
DA:3085,0
DA:3089,0
DA:3092,0
DA:3093,0
DA:3094,0
DA:3095,0
DA:3098,0
DA:3099,0
DA:3101,0
DA:3103,0
DA:3104,0
DA:3106,0
DA:3108,0
DA:3109,0
DA:3113,0
DA:3115,0
DA:3116,0
DA:3118,0
DA:3119,0
DA:3121,0
DA:3123,0
DA:3137,0
DA:3138,0
DA:3139,0
DA:3140,0
DA:3141,0
DA:3142,0
DA:3143,0
DA:3144,0
DA:3145,0
DA:3146,0
DA:3147,0
DA:3148,0
DA:3153,0
DA:3154,0
DA:3156,0
DA:3157,0
DA:3158,0
DA:3159,0
DA:3160,0
DA:3162,0
DA:3165,0
DA:3167,0
DA:3168,0
DA:3169,0
DA:3170,0
DA:3171,0
DA:3172,0
DA:3173,0
DA:3174,0
DA:3175,0
DA:3176,0
DA:3178,0
DA:3181,0
DA:3182,0
DA:3184,0
DA:3185,0
DA:3187,0
DA:3188,0
DA:3191,0
DA:3192,0
DA:3194,0
DA:3203,0
DA:3204,0
DA:3213,0
DA:3214,0
DA:3219,0
DA:3220,0
DA:3224,0
DA:3225,0
DA:3227,0
DA:3228,0
DA:3230,0
DA:3231,0
DA:3233,0
DA:3234,0
DA:3238,0
DA:3239,0
DA:3248,0
DA:3250,0
DA:3251,0
DA:3252,0
DA:3253,0
DA:3254,0
DA:3255,0
DA:3256,0
DA:3257,0
DA:3265,0
DA:3266,0
DA:3268,0
DA:3272,0
DA:3273,0
DA:3274,0
DA:3282,0
DA:3283,0
DA:3301,0
DA:3325,0
DA:3326,0
DA:3327,0
DA:3328,0
DA:3329,0
DA:3330,0
DA:3331,0
DA:3332,0
DA:3334,0
DA:3336,0
DA:3337,0
DA:3341,0
DA:3342,0
DA:3347,0
DA:3348,0
DA:3349,0
DA:3351,0
DA:3352,0
DA:3355,0
DA:3359,0
DA:3360,0
DA:3361,0
DA:3363,0
DA:3370,0
DA:3372,0
DA:3374,0
DA:3376,0
DA:3377,0
DA:3379,0
DA:3380,0
DA:3384,0
DA:3385,0
DA:3387,0
DA:3390,0
DA:3393,0
DA:3394,0
DA:3395,0
DA:3397,0
DA:3398,0
DA:3400,0
DA:3401,0
DA:3403,0
DA:3404,0
DA:3406,0
DA:3409,0
DA:3414,0
DA:3434,0
DA:3438,0
DA:3441,0
DA:3442,0
DA:3443,0
DA:3444,0
DA:3453,0
DA:3456,0
DA:3457,0
DA:3459,0
DA:3462,0
DA:3463,0
DA:3464,0
DA:3465,0
DA:3466,0
DA:3467,0
DA:3475,0
DA:3477,0
DA:3478,0
DA:3480,0
DA:3489,0
DA:3492,0
DA:3493,0
DA:3495,0
DA:3505,0
DA:3506,0
DA:3507,0
DA:3509,0
DA:3513,0
DA:3517,0
DA:3518,0
DA:3522,0
DA:3523,0
DA:3524,0
DA:3525,0
DA:3526,0
DA:3527,0
DA:3528,0
DA:3529,0
DA:3530,0
DA:3532,0
DA:3533,0
DA:3534,0
DA:3536,0
DA:3539,0
DA:3540,0
DA:3541,0
DA:3542,0
DA:3543,0
DA:3544,0
DA:3547,0
DA:3550,0
DA:3551,0
DA:3552,0
DA:3553,0
DA:3554,0
DA:3555,0
DA:3556,0
DA:3557,0
DA:3559,0
DA:3561,0
DA:3563,0
DA:3564,0
DA:3565,0
DA:3566,0
DA:3567,0
DA:3568,0
DA:3569,0
DA:3571,0
DA:3572,0
DA:3573,0
DA:3574,0
DA:3575,0
DA:3579,0
DA:3580,0
DA:3581,0
DA:3583,0
DA:3585,0
DA:3587,0
DA:3590,0
DA:3598,0
DA:3599,0
DA:3602,0
DA:3604,0
DA:3605,0
DA:3607,0
DA:3610,0
DA:3613,0
DA:3615,0
DA:3616,0
DA:3617,0
DA:3618,0
DA:3620,0
DA:3621,0
DA:3622,0
DA:3623,0
DA:3624,0
DA:3625,0
DA:3627,0
DA:3628,0
DA:3637,0
DA:3640,0
DA:3643,0
DA:3644,0
DA:3647,0
DA:3648,0
DA:3649,0
DA:3650,0
DA:3651,0
DA:3652,0
DA:3655,0
DA:3666,0
DA:3667,0
DA:3668,0
DA:3677,0
DA:3678,0
DA:3679,0
DA:3681,0
DA:3684,0
DA:3687,0
DA:3688,0
DA:3689,0
DA:3690,0
DA:3691,0
DA:3692,0
DA:3693,0
DA:3694,0
DA:3695,0
DA:3698,0
DA:3700,0
DA:3702,0
DA:3705,0
DA:3707,0
DA:3708,0
DA:3709,0
DA:3710,0
DA:3711,0
DA:3712,0
DA:3713,0
DA:3714,0
DA:3715,0
DA:3717,0
DA:3720,0
DA:3721,0
DA:3722,0
DA:3723,0
DA:3724,0
DA:3725,0
DA:3726,0
DA:3727,0
DA:3728,0
DA:3733,0
DA:3736,0
DA:3739,0
DA:3740,0
DA:3741,0
DA:3742,0
DA:3749,0
DA:3750,0
DA:3751,0
DA:3752,0
DA:3754,0
DA:3755,0
DA:3762,0
DA:3764,0
DA:3765,0
DA:3775,0
DA:3780,0
DA:3799,0
DA:3803,0
DA:3806,0
DA:3807,0
DA:3808,0
DA:3809,0
DA:3810,0
DA:3811,0
DA:3812,0
DA:3813,0
DA:3814,0
DA:3819,0
DA:3820,0
DA:3825,0
DA:3830,0
DA:3831,0
DA:3834,0
DA:3835,0
DA:3837,0
DA:3844,0
DA:3845,0
DA:3847,0
DA:3848,0
DA:3849,0
DA:3850,0
DA:3851,0
DA:3852,0
DA:3853,0
DA:3854,0
DA:3855,0
DA:3856,0
DA:3857,0
DA:3859,0
DA:3860,0
DA:3862,0
DA:3864,0
DA:3866,0
DA:3867,0
DA:3870,0
DA:3873,0
DA:3876,0
DA:3878,0
DA:3880,0
DA:3884,0
DA:3885,0
DA:3886,0
DA:3887,0
DA:3889,0
DA:3890,0
DA:3891,0
DA:3892,0
DA:3898,0
DA:3899,0
DA:3904,0
DA:3905,0
DA:3907,0
DA:3910,0
DA:3923,0
DA:3924,0
DA:3928,0
DA:3929,0
DA:3930,0
DA:3934,0
DA:3935,0
DA:3936,0
DA:3939,0
DA:3940,0
DA:3941,0
DA:3944,0
DA:3947,0
DA:3958,0
DA:3961,0
DA:3966,0
DA:3967,0
DA:3982,0
DA:3990,0
DA:3995,0
DA:3996,0
DA:3997,0
DA:3998,0
DA:4000,0
DA:4007,0
DA:4009,0
DA:4010,0
DA:4012,0
DA:4013,0
DA:4014,0
DA:4016,0
DA:4019,0
DA:4020,0
DA:4021,0
DA:4022,0
DA:4023,0
DA:4025,0
DA:4027,0
DA:4029,0
DA:4031,0
DA:4032,0
DA:4034,0
DA:4037,0
DA:4038,0
DA:4039,0
DA:4040,0
DA:4042,0
DA:4047,0
DA:4052,0
DA:4053,0
DA:4055,0
DA:4056,0
DA:4058,0
DA:4061,0
DA:4062,0
DA:4066,0
DA:4067,0
DA:4068,0
DA:4069,0
DA:4070,0
DA:4072,0
DA:4078,0
DA:4079,0
DA:4080,0
DA:4081,0
DA:4086,0
DA:4088,0
DA:4089,0
DA:4097,0
DA:4100,0
DA:4107,0
DA:4108,0
DA:4109,0
DA:4110,0
DA:4111,0
DA:4115,0
DA:4116,0
DA:4117,0
DA:4118,0
DA:4119,0
DA:4121,0
DA:4127,0
DA:4128,0
DA:4129,0
DA:4130,0
DA:4135,0
DA:4137,0
DA:4138,0
DA:4146,0
DA:4149,0
DA:4156,0
DA:4164,0
DA:4166,0
DA:4167,0
DA:4168,0
DA:4169,0
DA:4170,0
DA:4171,0
DA:4175,0
DA:4177,0
DA:4184,0
DA:4189,0
DA:4191,0
DA:4192,0
DA:4193,0
DA:4194,0
DA:4196,0
DA:4205,0
DA:4207,0
DA:4208,0
DA:4209,0
DA:4210,0
DA:4215,0
DA:4219,0
DA:4221,0
DA:4222,0
DA:4224,0
DA:4225,0
DA:4227,0
DA:4229,0
DA:4231,0
DA:4233,0
DA:4234,0
DA:4235,0
DA:4237,0
DA:4245,0
DA:4247,0
DA:4248,0
DA:4249,0
DA:4250,0
DA:4251,0
DA:4252,0
DA:4254,0
DA:4257,0
DA:4258,0
DA:4261,0
DA:4262,0
DA:4263,0
DA:4269,0
DA:4270,0
DA:4274,0
DA:4282,0
DA:4283,0
DA:4284,0
DA:4285,0
DA:4286,0
DA:4287,0
DA:4288,0
DA:4290,0
DA:4292,0
DA:4295,0
DA:4296,0
DA:4303,0
DA:4304,0
DA:4305,0
DA:4306,0
DA:4311,0
DA:4313,0
DA:4315,0
DA:4324,0
DA:4335,0
DA:4345,0
DA:4346,0
DA:4347,0
DA:4348,0
DA:4349,0
DA:4355,0
DA:4363,0
DA:4366,0
DA:4367,0
DA:4371,0
DA:4372,0
DA:4373,0
DA:4374,0
DA:4375,0
DA:4376,0
DA:4377,0
DA:4378,0
DA:4386,0
DA:4388,0
DA:4389,0
DA:4390,0
DA:4398,0
DA:4400,0
DA:4405,0
DA:4406,0
DA:4407,0
DA:4408,0
DA:4409,0
DA:4410,0
DA:4411,0
DA:4412,0
DA:4413,0
DA:4414,0
DA:4415,0
DA:4416,0
DA:4423,0
DA:4424,0
DA:4425,0
DA:4426,0
DA:4427,0
DA:4428,0
DA:4429,0
DA:4430,0
DA:4440,0
DA:4441,0
DA:4442,0
DA:4443,0
DA:4445,0
DA:4446,0
DA:4447,0
DA:4449,0
DA:4450,0
DA:4452,0
DA:4454,0
DA:4459,0
DA:4460,0
DA:4461,0
DA:4463,0
DA:4466,0
DA:4472,0
DA:4482,0
DA:4483,0
DA:4484,0
DA:4491,0
DA:4499,0
DA:4500,0
DA:4502,0
DA:4503,0
DA:4507,0
DA:4508,0
DA:4509,0
DA:4510,0
DA:4511,0
DA:4512,0
DA:4513,0
DA:4514,0
DA:4518,0
DA:4519,0
DA:4520,0
DA:4521,0
DA:4523,0
DA:4524,0
DA:4527,0
DA:4530,0
DA:4531,0
DA:4533,0
DA:4538,0
DA:4541,0
DA:4544,0
DA:4545,0
DA:4546,0
DA:4547,0
DA:4550,0
DA:4552,0
DA:4554,0
DA:4555,0
DA:4556,0
DA:4557,0
DA:4561,0
DA:4562,0
DA:4563,0
DA:4564,0
DA:4565,0
DA:4566,0
DA:4568,0
DA:4569,0
DA:4570,0
DA:4571,0
DA:4573,0
DA:4575,0
DA:4577,0
DA:4579,0
DA:4580,0
DA:4581,0
DA:4583,0
DA:4584,0
DA:4585,0
DA:4586,0
DA:4587,0
DA:4588,0
DA:4589,0
DA:4590,0
DA:4591,0
DA:4592,0
DA:4594,0
DA:4597,0
DA:4598,0
DA:4599,0
DA:4600,0
DA:4603,0
DA:4613,0
DA:4614,0
DA:4615,0
DA:4616,0
DA:4623,0
DA:4631,0
DA:4632,0
DA:4635,0
DA:4636,0
DA:4639,0
DA:4646,0
DA:4649,0
DA:4650,0
DA:4651,0
DA:4652,0
DA:4653,0
DA:4654,0
DA:4656,0
DA:4657,0
DA:4667,0
DA:4670,0
DA:4673,0
DA:4674,0
DA:4675,0
DA:4676,0
DA:4677,0
DA:4678,0
DA:4679,0
DA:4680,0
DA:4681,0
DA:4682,0
DA:4683,0
DA:4685,0
DA:4687,0
DA:4688,0
DA:4689,0
DA:4690,0
DA:4691,0
DA:4692,0
DA:4693,0
DA:4694,0
DA:4695,0
DA:4706,0
DA:4713,0
DA:4717,0
DA:4719,0
DA:4726,0
DA:4727,0
DA:4728,0
DA:4730,0
DA:4731,0
DA:4734,0
DA:4735,0
DA:4736,0
DA:4737,0
DA:4738,0
DA:4739,0
DA:4740,0
DA:4741,0
DA:4742,0
DA:4743,0
DA:4744,0
DA:4746,0
DA:4751,0
DA:4755,0
DA:4756,0
DA:4757,0
DA:4758,0
DA:4759,0
DA:4765,0
DA:4770,0
DA:4771,0
DA:4773,0
DA:4776,0
DA:4786,0
DA:4789,0
DA:4790,0
DA:4794,0
DA:4795,0
DA:4796,0
DA:4797,0
DA:4798,0
DA:4800,0
DA:4804,0
DA:4805,0
DA:4808,0
DA:4809,0
DA:4826,0
DA:4841,0
DA:4844,0
DA:4845,0
DA:4849,0
DA:4850,0
DA:4851,0
DA:4852,0
DA:4853,0
DA:4854,0
DA:4855,0
DA:4856,0
DA:4859,0
DA:4862,0
DA:4865,0
DA:4868,0
DA:4871,0
DA:4874,0
DA:4875,0
DA:4879,0
DA:4882,0
DA:4883,0
DA:4887,0
DA:4892,0
DA:4899,0
DA:4900,0
DA:4901,0
DA:4902,0
DA:4907,0
DA:4908,0
DA:4909,0
DA:4910,0
DA:4915,0
DA:4922,0
DA:4923,0
DA:4924,0
DA:4925,0
DA:4926,0
DA:4927,0
DA:4929,0
DA:4933,0
DA:4936,0
DA:4937,0
DA:4947,0
DA:4948,0
DA:4949,0
DA:4950,0
DA:4954,0
DA:4955,0
DA:4962,0
DA:4964,0
DA:4965,0
DA:4970,0
DA:4971,0
DA:4972,0
DA:4973,0
DA:4974,0
DA:4975,0
DA:4979,0
DA:4984,0
DA:4989,0
DA:4990,0
DA:4993,0
DA:4994,0
DA:4995,0
DA:4999,0
DA:5000,0
DA:5001,0
DA:5004,0
DA:5024,0
DA:5027,0
DA:5032,0
DA:5038,0
DA:5041,0
DA:5044,0
DA:5045,0
DA:5053,0
DA:5054,0
DA:5071,0
DA:5072,0
DA:5077,0
DA:5080,0
DA:5081,0
DA:5082,0
DA:5086,0
DA:5087,0
DA:5088,0
DA:5089,0
DA:5090,0
DA:5092,0
DA:5093,0
DA:5095,0
DA:5096,0
DA:5097,0
DA:5106,0
DA:5107,0
DA:5108,0
DA:5109,0
DA:5110,0
DA:5111,0
DA:5116,0
DA:5117,0
DA:5121,0
DA:5133,0
DA:5137,0
DA:5138,0
DA:5141,0
DA:5142,0
DA:5143,0
DA:5150,0
DA:5162,0
DA:5166,0
DA:5167,0
DA:5170,0
DA:5171,0
DA:5172,0
DA:5180,0
DA:5181,0
DA:5182,0
DA:5183,0
DA:5185,0
DA:5188,0
DA:5194,0
DA:5196,0
DA:5199,0
DA:5200,0
DA:5201,0
DA:5202,0
DA:5203,0
DA:5209,0
DA:5210,0
DA:5211,0
DA:5212,0
DA:5213,0
DA:5220,0
DA:5221,0
DA:5222,0
DA:5223,0
DA:5224,0
DA:5231,0
DA:5241,0
DA:5242,0
DA:5243,0
DA:5244,0
DA:5264,0
DA:5272,0
DA:5273,0
DA:5274,0
DA:5275,0
DA:5295,0
DA:5296,0
DA:5297,0
DA:5298,0
DA:5300,0
DA:5302,0
DA:5310,0
DA:5313,0
DA:5316,0
DA:5317,0
DA:5319,0
DA:5320,0
DA:5324,0
DA:5326,0
DA:5327,0
DA:5328,0
DA:5330,0
DA:5336,0
DA:5337,0
DA:5338,0
DA:5339,0
DA:5340,0
DA:5341,0
DA:5344,0
DA:5347,0
DA:5348,0
DA:5352,0
DA:5355,0
DA:5356,0
DA:5364,0
DA:5365,0
DA:5366,0
DA:5367,0
DA:5368,0
DA:5369,0
DA:5370,0
DA:5373,0
DA:5375,0
DA:5381,0
DA:5382,0
DA:5384,0
DA:5387,0
DA:5401,0
DA:5402,0
DA:5404,0
DA:5407,0
DA:5408,0
DA:5409,0
DA:5422,0
DA:5423,0
DA:5424,0
DA:5435,0
DA:5436,0
DA:5437,0
DA:5440,0
DA:5442,0
DA:5451,0
DA:5452,0
DA:5453,0
DA:5454,0
DA:5455,0
DA:5456,0
DA:5458,0
DA:5461,0
DA:5462,0
DA:5463,0
DA:5464,0
DA:5465,0
DA:5466,0
DA:5474,0
DA:5475,0
DA:5488,0
DA:5498,0
DA:5501,0
DA:5504,0
DA:5505,0
DA:5509,0
DA:5510,0
DA:5524,0
DA:5525,0
DA:5526,0
DA:5527,0
DA:5528,0
DA:5529,0
DA:5530,0
DA:5531,0
DA:5532,0
DA:5533,0
DA:5534,0
DA:5535,0
DA:5536,0
DA:5539,0
DA:5541,0
DA:5543,0
DA:5548,0
DA:5549,0
DA:5575,0
DA:5586,0
DA:5587,0
DA:5597,0
DA:5598,0
DA:5631,0
DA:5634,0
DA:5635,0
DA:5636,0
DA:5637,0
DA:5639,0
DA:5640,0
DA:5651,0
DA:5652,0
DA:5658,0
DA:5660,0
DA:5662,0
DA:5665,0
DA:5666,0
DA:5667,0
DA:5668,0
DA:5670,0
DA:5679,0
DA:5708,0
DA:5709,0
DA:5710,0
DA:5711,0
DA:5712,0
DA:5713,0
DA:5742,0
DA:5758,0
DA:5765,0
DA:5775,0
DA:5776,0
DA:5793,0
DA:5794,0
DA:5795,0
DA:5796,0
DA:5803,0
DA:5804,0
DA:5805,0
DA:5807,0
DA:5808,0
DA:5810,0
DA:5811,0
DA:5833,0
DA:5834,0
DA:5836,0
DA:5837,0
DA:5839,0
DA:5841,0
DA:5846,0
DA:5848,0
DA:5871,0
DA:5872,0
DA:5873,0
DA:5876,0
DA:5877,0
DA:5894,0
DA:5895,0
DA:5896,0
DA:5897,0
DA:5898,0
DA:5900,0
DA:5901,0
DA:5902,0
DA:5903,0
DA:5904,0
DA:5905,0
DA:5906,0
DA:5908,0
DA:5909,0
DA:5910,0
DA:5911,0
DA:5913,0
DA:5915,0
DA:5917,0
DA:5919,0
DA:5921,0
DA:5922,0
DA:5925,0
DA:5930,0
DA:5932,0
DA:5933,0
DA:5934,0
DA:5935,0
DA:5937,0
DA:5939,0
DA:5940,0
DA:5942,0
DA:5943,0
DA:5945,0
DA:5947,0
DA:5950,0
DA:5955,0
DA:5960,0
DA:5961,0
DA:5962,0
DA:5963,0
DA:5968,0
DA:5971,0
DA:5973,0
DA:5976,0
DA:5978,0
DA:5979,0
DA:5981,0
DA:5982,0
DA:5984,0
DA:5985,0
DA:5987,0
DA:5988,0
DA:5990,0
DA:5991,0
DA:5992,0
DA:5993,0
DA:5995,0
DA:5996,0
DA:6003,0
DA:6004,0
DA:6006,0
DA:6007,0
DA:6008,0
DA:6010,0
DA:6017,0
DA:6018,0
DA:6021,0
DA:6023,0
DA:6026,0
DA:6027,0
DA:6028,0
DA:6029,0
DA:6030,0
DA:6031,0
DA:6033,0
DA:6034,0
DA:6035,0
DA:6036,0
DA:6038,0
DA:6043,0
DA:6044,0
DA:6045,0
DA:6046,0
DA:6047,0
DA:6049,0
DA:6050,0
DA:6052,0
DA:6055,0
DA:6057,0
DA:6058,0
DA:6060,0
DA:6064,0
DA:6066,0
DA:6067,0
DA:6068,0
DA:6069,0
DA:6070,0
DA:6071,0
DA:6073,0
DA:6081,0
DA:6082,0
DA:6083,0
DA:6087,0
DA:6088,0
DA:6089,0
DA:6090,0
DA:6093,0
DA:6094,0
DA:6097,0
DA:6099,0
DA:6113,0
DA:6114,0
DA:6115,0
DA:6119,0
DA:6122,0
DA:6123,0
DA:6125,0
DA:6126,0
DA:6127,0
DA:6128,0
DA:6129,0
DA:6131,0
DA:6132,0
DA:6133,0
DA:6134,0
DA:6142,0
DA:6143,0
DA:6144,0
DA:6145,0
DA:6146,0
DA:6147,0
DA:6153,0
DA:6154,0
DA:6159,0
DA:6162,0
DA:6163,0
DA:6174,0
DA:6176,0
DA:6178,0
DA:6197,0
DA:6198,0
DA:6199,0
DA:6200,0
DA:6203,0
DA:6204,0
DA:6205,0
DA:6207,0
DA:6208,0
DA:6209,0
DA:6210,0
DA:6212,0
DA:6213,0
DA:6217,0
DA:6218,0
DA:6221,0
DA:6222,0
DA:6224,0
DA:6225,0
DA:6229,0
DA:6230,0
DA:6232,0
DA:6233,0
DA:6235,0
DA:6236,0
DA:6238,0
DA:6240,0
DA:6242,0
DA:6244,0
DA:6245,0
DA:6246,0
DA:6247,0
DA:6248,0
DA:6264,0
DA:6266,0
DA:6267,0
DA:6269,0
DA:6270,0
DA:6273,0
DA:6275,0
DA:6277,0
DA:6279,0
DA:6299,0
DA:6300,0
DA:6302,0
DA:6303,0
DA:6307,0
DA:6308,0
DA:6311,0
DA:6312,0
DA:6313,0
DA:6315,0
DA:6316,0
DA:6320,0
DA:6321,0
DA:6323,0
DA:6324,0
DA:6326,0
DA:6327,0
DA:6329,0
DA:6330,0
DA:6332,0
DA:6335,0
DA:6337,0
DA:6338,0
DA:6340,0
DA:6342,0
DA:6343,0
DA:6344,0
DA:6345,0
DA:6346,0
DA:6361,0
DA:6363,0
DA:6364,0
DA:6366,0
DA:6367,0
DA:6369,0
DA:6370,0
DA:6372,0
DA:6378,0
DA:6380,0
DA:6382,0
DA:6387,0
DA:6388,0
DA:6390,0
DA:6391,0
DA:6393,0
DA:6396,0
DA:6398,0
DA:6400,0
DA:6402,0
DA:6404,0
DA:6405,0
DA:6406,0
DA:6412,0
DA:6414,0
DA:6415,0
DA:6417,0
DA:6420,0
DA:6422,0
DA:6426,0
DA:6428,0
DA:6434,0
DA:6435,0
DA:6436,0
DA:6437,0
DA:6438,0
DA:6439,0
DA:6444,0
DA:6445,0
DA:6447,0
DA:6450,0
DA:6451,0
DA:6452,0
DA:6454,0
DA:6468,0
DA:6476,0
DA:6478,0
DA:6480,0
DA:6481,0
DA:6482,0
DA:6484,0
DA:6485,0
DA:6486,0
DA:6487,0
DA:6498,0
DA:6530,0
DA:6532,0
DA:6534,0
DA:6539,0
DA:6540,0
DA:6541,0
DA:6552,0
DA:6554,0
DA:6557,0
DA:6563,0
DA:6575,0
DA:6586,0
DA:6588,0
DA:6590,0
DA:6593,0
DA:6595,0
DA:6601,0
DA:6612,0
DA:6614,0
DA:6617,0
DA:6618,0
DA:6620,0
DA:6625,0
DA:6627,0
DA:6629,0
DA:6632,0
DA:6634,0
DA:6636,0
DA:6639,0
DA:6640,0
DA:6641,0
DA:6642,0
DA:6644,0
DA:6645,0
DA:6646,0
DA:6647,0
DA:6648,0
DA:6650,0
DA:6652,0
DA:6655,0
DA:6656,0
DA:6658,0
DA:6661,0
DA:6663,0
DA:6664,0
DA:6665,0
DA:6667,0
DA:6668,0
DA:6669,0
DA:6670,0
DA:6671,0
DA:6672,0
DA:6673,0
DA:6674,0
DA:6675,0
DA:6676,0
DA:6678,0
DA:6679,0
DA:6681,0
DA:6682,0
DA:6683,0
DA:6684,0
DA:6685,0
DA:6686,0
DA:6687,0
DA:6688,0
DA:6689,0
DA:6697,0
DA:6698,0
DA:6699,0
DA:6700,0
DA:6705,0
DA:6706,0
DA:6708,0
DA:6710,0
DA:6711,0
DA:6713,0
DA:6714,0
DA:6715,0
DA:6720,0
DA:6721,0
DA:6723,0
DA:6724,0
DA:6725,0
DA:6726,0
DA:6727,0
DA:6728,0
DA:6732,0
DA:6734,0
DA:6735,0
DA:6736,0
DA:6737,0
DA:6738,0
DA:6742,0
DA:6744,0
DA:6746,0
DA:6747,0
DA:6752,0
DA:6757,0
DA:6759,0
DA:6762,0
DA:6764,0
DA:6765,0
DA:6766,0
DA:6768,0
DA:6770,0
DA:6773,0
DA:6774,0
DA:6775,0
DA:6776,0
DA:6777,0
DA:6778,0
DA:6779,0
DA:6781,0
DA:6786,0
DA:6789,0
DA:6790,0
DA:6791,0
DA:6792,0
DA:6793,0
DA:6795,0
DA:6800,0
DA:6801,0
DA:6802,0
DA:6803,0
DA:6805,0
DA:6806,0
DA:6808,0
DA:6810,0
DA:6814,0
DA:6815,0
DA:6837,0
DA:6840,0
DA:6841,0
DA:6842,0
DA:6843,0
DA:6845,0
DA:6850,0
DA:6851,0
DA:6853,0
DA:6857,0
DA:6858,0
DA:6859,0
DA:6869,0
DA:6870,0
DA:6871,0
DA:6874,0
DA:6875,0
DA:6876,0
DA:6877,0
DA:6878,0
DA:6879,0
DA:6881,0
DA:6882,0
DA:6884,0
DA:6887,0
DA:6888,0
DA:6889,0
DA:6891,0
DA:6893,0
DA:6895,0
DA:6896,0
DA:6897,0
DA:6909,0
DA:6911,0
DA:6920,0
DA:6922,0
DA:6929,0
DA:6934,0
DA:6938,0
DA:6939,0
DA:6940,0
DA:6941,0
DA:6942,0
DA:6947,0
DA:6948,0
DA:6950,0
DA:6956,0
DA:6957,0
DA:6961,0
DA:6963,0
DA:6964,0
DA:6966,0
DA:6967,0
DA:6969,0
DA:6972,0
DA:6974,0
DA:6978,0
DA:6979,0
DA:6980,0
DA:6981,0
DA:6982,0
DA:6984,0
DA:6985,0
DA:6990,0
DA:6991,0
DA:6992,0
DA:6993,0
DA:6994,0
DA:6995,0
DA:6996,0
DA:6997,0
DA:6998,0
DA:6999,0
DA:7001,0
DA:7002,0
DA:7004,0
DA:7005,0
DA:7007,0
DA:7008,0
DA:7010,0
DA:7012,0
DA:7013,0
DA:7014,0
DA:7015,0
DA:7017,0
DA:7020,0
DA:7021,0
DA:7024,0
DA:7025,0
DA:7026,0
DA:7031,0
DA:7032,0
DA:7033,0
DA:7035,0
DA:7037,0
DA:7038,0
DA:7040,0
DA:7043,0
DA:7045,0
DA:7046,0
DA:7048,0
DA:7054,0
DA:7055,0
DA:7056,0
DA:7058,0
DA:7061,0
DA:7062,0
DA:7063,0
DA:7064,0
DA:7065,0
DA:7066,0
DA:7067,0
DA:7068,0
DA:7073,0
DA:7074,0
DA:7075,0
DA:7076,0
DA:7077,0
DA:7085,0
DA:7087,0
DA:7088,0
DA:7090,0
DA:7091,0
DA:7093,0
DA:7094,0
DA:7095,0
DA:7096,0
DA:7103,0
DA:7105,0
DA:7108,0
DA:7110,0
DA:7111,0
DA:7112,0
DA:7113,0
DA:7114,0
DA:7116,0
DA:7119,0
DA:7121,0
DA:7124,0
DA:7125,0
DA:7127,0
DA:7129,0
DA:7131,0
DA:7132,0
DA:7134,0
DA:7144,0
DA:7146,0
DA:7152,0
DA:7156,0
DA:7157,0
DA:7158,0
DA:7163,0
DA:7164,0
DA:7166,0
DA:7167,0
DA:7168,0
DA:7169,0
DA:7170,0
DA:7171,0
DA:7176,0
DA:7179,0
DA:7181,0
DA:7182,0
DA:7184,0
DA:7185,0
DA:7186,0
DA:7189,0
DA:7191,0
DA:7193,0
DA:7194,0
DA:7195,0
DA:7196,0
DA:7197,0
DA:7198,0
DA:7212,0
DA:7215,0
DA:7216,0
DA:7217,0
DA:7218,0
DA:7220,0
DA:7222,0
DA:7228,0
DA:7229,0
DA:7231,0
DA:7232,0
DA:7233,0
DA:7234,0
DA:7236,0
DA:7241,0
DA:7243,0
DA:7244,0
DA:7246,0
DA:7248,0
DA:7252,0
DA:7253,0
DA:7254,0
DA:7255,0
DA:7256,0
DA:7257,0
DA:7258,0
DA:7259,0
DA:7261,0
DA:7263,0
DA:7265,0
DA:7267,0
DA:7268,0
DA:7269,0
DA:7270,0
DA:7271,0
DA:7274,0
DA:7275,0
DA:7276,0
DA:7277,0
DA:7279,0
DA:7282,0
DA:7284,0
DA:7286,0
DA:7289,0
DA:7292,0
DA:7293,0
DA:7294,0
DA:7295,0
DA:7296,0
DA:7297,0
DA:7298,0
DA:7299,0
DA:7300,0
DA:7301,0
DA:7302,0
DA:7303,0
DA:7304,0
DA:7311,0
DA:7312,0
DA:7314,0
DA:7316,0
DA:7322,0
DA:7323,0
DA:7324,0
DA:7325,0
DA:7326,0
DA:7327,0
DA:7328,0
DA:7332,0
DA:7333,0
DA:7335,0
DA:7336,0
DA:7337,0
DA:7340,0
DA:7343,0
DA:7349,0
DA:7350,0
DA:7351,0
DA:7353,0
DA:7354,0
DA:7355,0
DA:7356,0
DA:7358,0
DA:7359,0
DA:7361,0
DA:7363,0
DA:7365,0
DA:7367,0
DA:7368,0
DA:7369,0
DA:7370,0
DA:7371,0
DA:7376,0
DA:7377,0
DA:7379,0
DA:7382,0
DA:7384,0
DA:7386,0
DA:7388,0
DA:7390,0
DA:7391,0
DA:7392,0
DA:7393,0
DA:7394,0
DA:7395,0
DA:7396,0
DA:7400,0
DA:7407,0
DA:7409,0
DA:7411,0
DA:7413,0
DA:7416,0
DA:7417,0
DA:7418,0
DA:7420,0
DA:7421,0
DA:7422,0
DA:7424,0
DA:7428,0
DA:7429,0
DA:7430,0
DA:7431,0
DA:7432,0
DA:7434,0
DA:7435,0
DA:7436,0
DA:7437,0
DA:7439,0
DA:7443,0
DA:7444,0
DA:7445,0
DA:7446,0
DA:7450,0
DA:7451,0
DA:7452,0
DA:7454,0
DA:7456,0
DA:7458,0
DA:7459,0
DA:7460,0
DA:7461,0
DA:7462,0
DA:7464,0
DA:7467,0
DA:7468,0
DA:7469,0
DA:7471,0
DA:7473,0
DA:7475,0
DA:7476,0
DA:7477,0
DA:7479,0
DA:7483,0
DA:7485,0
DA:7486,0
DA:7487,0
DA:7489,0
DA:7490,0
DA:7491,0
DA:7492,0
DA:7494,0
DA:7497,0
DA:7498,0
DA:7499,0
DA:7500,0
DA:7501,0
DA:7502,0
DA:7503,0
DA:7504,0
DA:7505,0
DA:7506,0
DA:7507,0
DA:7508,0
DA:7509,0
DA:7510,0
DA:7511,0
DA:7512,0
DA:7513,0
DA:7514,0
DA:7515,0
DA:7516,0
DA:7517,0
DA:7518,0
DA:7519,0
DA:7520,0
DA:7521,0
DA:7522,0
DA:7523,0
DA:7524,0
DA:7525,0
DA:7526,0
DA:7528,0
DA:7531,0
DA:7543,0
DA:7544,0
DA:7554,0
DA:7555,0
DA:7556,0
DA:7557,0
DA:7558,0
DA:7559,0
DA:7560,0
DA:7561,0
DA:7563,0
DA:7567,0
DA:7569,0
DA:7570,0
DA:7572,0
DA:7573,0
DA:7575,0
DA:7576,0
DA:7578,0
DA:7579,0
DA:7581,0
DA:7583,0
DA:7585,0
DA:7589,0
DA:7590,0
DA:7591,0
DA:7592,0
DA:7593,0
DA:7594,0
DA:7596,0
DA:7597,0
DA:7598,0
DA:7599,0
DA:7600,0
DA:7601,0
DA:7602,0
DA:7603,0
DA:7604,0
DA:7606,0
DA:7609,0
DA:7614,0
DA:7615,0
DA:7619,0
DA:7620,0
DA:7622,0
DA:7630,0
DA:7631,0
DA:7634,0
DA:7636,0
DA:7637,0
DA:7639,0
DA:7643,0
DA:7644,0
DA:7645,0
DA:7646,0
DA:7648,0
DA:7649,0
DA:7651,0
DA:7652,0
DA:7654,0
DA:7655,0
DA:7656,0
DA:7657,0
DA:7659,0
DA:7678,0
DA:7679,0
DA:7681,0
DA:7682,0
DA:7684,0
DA:7685,0
DA:7687,0
DA:7691,0
DA:7694,0
DA:7695,0
DA:7703,0
DA:7706,0
DA:7707,0
DA:7708,0
DA:7709,0
DA:7710,0
DA:7711,0
DA:7712,0
DA:7713,0
DA:7714,0
DA:7715,0
DA:7717,0
DA:7721,0
DA:7722,0
DA:7724,0
DA:7725,0
DA:7726,0
DA:7727,0
DA:7729,0
DA:7732,0
DA:7735,0
DA:7744,0
DA:7745,0
DA:7746,0
DA:7750,0
DA:7751,0
DA:7752,0
DA:7753,0
DA:7754,0
DA:7755,0
DA:7756,0
DA:7757,0
DA:7759,0
DA:7760,0
DA:7761,0
DA:7770,0
DA:7771,0
DA:7772,0
DA:7773,0
DA:7775,0
DA:7779,0
DA:7780,0
DA:7781,0
DA:7782,0
DA:7783,0
DA:7784,0
DA:7785,0
DA:7787,0
DA:7791,0
DA:7794,0
DA:7795,0
DA:7796,0
DA:7797,0
DA:7798,0
DA:7799,0
DA:7801,0
DA:7802,0
DA:7804,0
DA:7805,0
DA:7807,0
DA:7808,0
DA:7810,0
DA:7811,0
DA:7813,0
DA:7814,0
DA:7816,0
DA:7817,0
DA:7819,0
DA:7820,0
DA:7823,0
DA:7825,0
DA:7827,0
DA:7837,0
DA:7838,0
DA:7839,0
DA:7840,0
DA:7841,0
DA:7842,0
DA:7843,0
DA:7844,0
DA:7846,0
DA:7848,0
DA:7850,0
DA:7853,0
DA:7854,0
DA:7855,0
DA:7856,0
DA:7857,0
DA:7858,0
DA:7859,0
DA:7861,0
DA:7863,0
DA:7871,0
DA:7872,0
DA:7874,0
DA:7875,0
DA:7876,0
DA:7877,0
DA:7878,0
DA:7879,0
DA:7884,0
DA:7885,0
DA:7886,0
DA:7887,0
DA:7888,0
DA:7889,0
DA:7895,0
DA:7896,0
DA:7897,0
DA:7902,0
DA:7903,0
DA:7904,0
DA:7905,0
DA:7906,0
DA:7907,0
DA:7909,0
DA:7910,0
DA:7911,0
DA:7913,0
DA:7915,0
DA:7916,0
DA:7917,0
DA:7918,0
DA:7921,0
DA:7924,0
DA:7928,0
DA:7929,0
DA:7931,0
DA:7932,0
DA:7933,0
DA:7934,0
DA:7936,0
DA:7937,0
DA:7938,0
DA:7939,0
DA:7946,0
DA:7947,0
DA:7948,0
DA:7949,0
DA:7952,0
DA:7955,0
DA:7957,0
DA:7958,0
DA:7960,0
DA:7964,0
DA:7965,0
DA:7968,0
DA:7974,0
DA:7975,0
DA:7976,0
DA:7977,0
DA:7978,0
DA:7979,0
DA:7980,0
DA:7981,0
DA:7983,0
DA:7986,0
DA:7987,0
DA:7990,0
DA:7993,0
DA:7996,0
DA:7997,0
DA:8002,0
DA:8003,0
DA:8004,0
DA:8005,0
DA:8006,0
DA:8007,0
DA:8008,0
DA:8011,0
DA:8012,0
DA:8013,0
DA:8015,0
DA:8016,0
DA:8018,0
DA:8019,0
DA:8022,0
DA:8023,0
DA:8024,0
DA:8026,0
DA:8028,0
DA:8031,0
DA:8032,0
DA:8033,0
DA:8034,0
DA:8036,0
DA:8038,0
DA:8041,0
DA:8043,0
DA:8044,0
DA:8045,0
DA:8046,0
DA:8047,0
DA:8048,0
DA:8049,0
DA:8050,0
DA:8051,0
DA:8058,0
DA:8063,0
DA:8064,0
DA:8065,0
DA:8066,0
DA:8067,0
DA:8080,0
DA:8081,0
DA:8089,0
DA:8090,0
DA:8091,0
DA:8092,0
DA:8101,0
DA:8102,0
DA:8103,0
DA:8104,0
DA:8105,0
DA:8106,0
DA:8107,0
DA:8109,0
DA:8110,0
DA:8111,0
DA:8112,0
DA:8113,0
DA:8114,0
DA:8115,0
DA:8116,0
DA:8117,0
DA:8118,0
DA:8119,0
DA:8120,0
DA:8121,0
DA:8122,0
DA:8126,0
DA:8128,0
DA:8129,0
DA:8131,0
DA:8132,0
DA:8133,0
DA:8134,0
DA:8135,0
DA:8136,0
DA:8137,0
DA:8139,0
DA:8140,0
DA:8141,0
DA:8143,0
DA:8147,0
DA:8148,0
DA:8149,0
DA:8150,0
DA:8151,0
DA:8152,0
DA:8153,0
DA:8154,0
DA:8158,0
DA:8161,0
DA:8162,0
DA:8164,0
DA:8165,0
DA:8166,0
DA:8170,0
DA:8172,0
DA:8173,0
DA:8174,0
DA:8175,0
DA:8177,0
DA:8180,0
DA:8181,0
DA:8182,0
DA:8183,0
DA:8184,0
DA:8185,0
DA:8187,0
DA:8188,0
DA:8189,0
DA:8190,0
DA:8194,0
DA:8197,0
DA:8199,0
DA:8200,0
DA:8201,0
DA:8203,0
DA:8204,0
DA:8205,0
DA:8206,0
DA:8208,0
DA:8211,0
DA:8214,0
DA:8215,0
DA:8217,0
DA:8219,0
DA:8221,0
DA:8224,0
DA:8227,0
DA:8234,0
DA:8236,0
DA:8237,0
DA:8238,0
DA:8239,0
DA:8240,0
DA:8241,0
DA:8242,0
DA:8247,0
DA:8252,0
DA:8255,0
DA:8259,0
DA:8260,0
DA:8271,0
DA:8275,0
DA:8276,0
DA:8279,0
DA:8280,0
DA:8281,0
DA:8284,0
DA:8285,0
DA:8287,0
DA:8288,0
DA:8289,0
DA:8290,0
DA:8292,0
DA:8293,0
DA:8295,0
DA:8297,0
DA:8300,0
DA:8301,0
DA:8302,0
DA:8304,0
DA:8305,0
DA:8306,0
DA:8308,0
DA:8309,0
DA:8311,0
DA:8312,0
DA:8313,0
DA:8314,0
DA:8315,0
DA:8316,0
DA:8338,0
DA:8339,0
DA:8340,0
DA:8351,0
DA:8352,0
DA:8354,0
DA:8355,0
DA:8357,0
DA:8358,0
DA:8360,0
DA:8361,0
DA:8363,0
DA:8365,0
DA:8367,0
DA:8374,0
DA:8381,0
DA:8382,0
DA:8383,0
DA:8388,0
DA:8389,0
DA:8390,0
DA:8402,0
DA:8403,0
DA:8404,0
DA:8405,0
DA:8406,0
DA:8408,0
DA:8418,0
DA:8420,0
DA:8421,0
DA:8422,0
DA:8424,0
DA:8426,0
DA:8428,0
DA:8430,0
DA:8443,0
DA:8445,0
DA:8447,0
DA:8454,0
DA:8461,0
DA:8463,0
DA:8465,0
DA:8467,0
DA:8468,0
DA:8477,0
DA:8478,0
DA:8479,0
DA:8480,0
DA:8483,0
DA:8484,0
DA:8485,0
DA:8486,0
DA:8487,0
DA:8488,0
DA:8489,0
DA:8490,0
DA:8491,0
DA:8492,0
DA:8493,0
DA:8494,0
DA:8495,0
DA:8501,0
DA:8506,0
DA:8508,0
DA:8510,0
DA:8511,0
DA:8512,0
DA:8513,0
DA:8518,0
DA:8519,0
DA:8521,0
DA:8522,0
DA:8523,0
DA:8524,0
DA:8526,0
DA:8527,0
DA:8528,0
DA:8530,0
DA:8532,0
DA:8534,0
DA:8536,0
DA:8538,0
DA:8549,0
DA:8556,0
DA:8558,0
DA:8571,0
DA:8573,0
DA:8575,0
DA:8578,0
DA:8581,0
DA:8605,0
DA:8608,0
DA:8611,0
DA:8612,0
DA:8613,0
DA:8614,0
DA:8616,0
DA:8619,0
DA:8620,0
DA:8650,0
DA:8651,0
DA:8652,0
DA:8654,0
DA:8656,0
DA:8658,0
DA:8659,0
DA:8661,0
DA:8668,0
DA:8675,0
DA:8682,0
DA:8684,0
DA:8685,0
DA:8687,0
DA:8688,0
DA:8690,0
DA:8691,0
DA:8693,0
DA:8694,0
DA:8696,0
DA:8697,0
DA:8699,0
DA:8700,0
DA:8702,0
DA:8704,0
DA:8713,0
DA:8716,0
DA:8725,0
DA:8728,0
DA:8740,0
DA:8766,0
DA:8785,0
DA:8786,0
DA:8795,0
DA:8796,0
DA:8797,0
DA:8798,0
DA:8799,0
DA:8800,0
DA:8801,0
DA:8803,0
DA:8804,0
DA:8806,0
DA:8807,0
DA:8808,0
DA:8811,0
DA:8813,0
DA:8815,0
DA:8816,0
DA:8817,0
DA:8819,0
DA:8822,0
DA:8838,0
DA:8839,0
DA:8840,0
DA:8841,0
DA:8854,0
DA:8855,0
DA:8857,0
DA:8859,0
DA:8863,0
DA:8864,0
DA:8865,0
DA:8869,0
DA:8872,0
DA:8875,0
DA:8878,0
DA:8881,0
DA:8883,0
DA:8885,0
DA:8886,0
DA:8887,0
DA:8891,0
DA:8892,0
DA:8893,0
DA:8894,0
DA:8895,0
DA:8896,0
DA:8902,0
DA:8904,0
DA:8905,0
DA:8906,0
DA:8907,0
DA:8908,0
DA:8909,0
DA:8913,0
DA:8916,0
DA:8926,0
DA:8927,0
DA:8928,0
DA:8929,0
DA:8930,0
DA:8931,0
DA:8934,0
DA:8935,0
DA:8943,0
DA:8944,0
DA:8945,0
DA:8946,0
DA:8947,0
DA:8948,0
DA:8951,0
DA:8952,0
DA:8957,0
DA:8963,0
DA:8964,0
DA:8965,0
DA:8966,0
DA:8967,0
DA:8968,0
DA:8969,0
DA:8970,0
DA:8973,0
DA:8974,0
DA:8975,0
DA:8977,0
DA:8978,0
DA:8980,0
DA:8981,0
DA:8982,0
DA:8983,0
DA:8988,0
DA:8990,0
DA:8991,0
DA:8992,0
DA:8993,0
DA:8994,0
DA:9001,0
DA:9002,0
DA:9003,0
DA:9004,0
DA:9005,0
DA:9007,0
DA:9011,0
DA:9012,0
DA:9013,0
DA:9014,0
DA:9015,0
DA:9016,0
DA:9018,0
DA:9022,0
DA:9025,0
DA:9026,0
DA:9027,0
DA:9029,0
DA:9033,0
DA:9035,0
DA:9036,0
DA:9037,0
DA:9045,0
DA:9046,0
DA:9047,0
DA:9048,0
DA:9049,0
DA:9053,0
DA:9055,0
DA:9056,0
DA:9058,0
DA:9063,0
DA:9064,0
DA:9070,0
DA:9086,0
DA:9096,0
DA:9097,0
DA:9098,0
DA:9099,0
DA:9100,0
DA:9103,0
DA:9107,0
DA:9108,0
DA:9109,0
DA:9112,0
DA:9113,0
DA:9114,0
DA:9115,0
DA:9116,0
DA:9128,0
DA:9129,0
DA:9130,0
DA:9131,0
DA:9132,0
DA:9135,0
DA:9138,0
DA:9141,0
DA:9142,0
DA:9145,0
DA:9146,0
DA:9147,0
DA:9148,0
DA:9149,0
DA:9150,0
DA:9160,0
DA:9161,0
DA:9167,0
DA:9170,0
DA:9171,0
DA:9174,0
DA:9175,0
DA:9177,0
DA:9178,0
DA:9186,0
DA:9187,0
DA:9188,0
DA:9196,0
DA:9197,0
DA:9199,0
DA:9205,0
DA:9206,0
DA:9208,0
DA:9211,0
DA:9215,0
DA:9216,0
DA:9217,0
DA:9218,0
DA:9220,0
DA:9221,0
DA:9222,0
DA:9232,0
DA:9234,0
DA:9235,0
DA:9238,0
DA:9239,0
DA:9240,0
DA:9241,0
DA:9242,0
DA:9243,0
DA:9245,0
DA:9246,0
DA:9247,0
DA:9248,0
DA:9250,0
DA:9259,0
DA:9262,0
DA:9269,0
DA:9270,0
DA:9271,0
DA:9272,0
DA:9273,0
DA:9274,0
DA:9275,0
DA:9276,0
DA:9277,0
DA:9285,0
DA:9286,0
DA:9287,0
DA:9288,0
DA:9289,0
DA:9290,0
DA:9292,0
DA:9302,0
DA:9303,0
DA:9306,0
DA:9307,0
DA:9309,0
DA:9311,0
DA:9312,0
DA:9314,0
DA:9315,0
DA:9317,0
DA:9321,0
DA:9322,0
DA:9323,0
DA:9325,0
DA:9326,0
DA:9329,0
DA:9336,0
DA:9338,0
DA:9339,0
DA:9340,0
DA:9341,0
DA:9342,0
DA:9350,0
DA:9351,0
DA:9352,0
DA:9354,0
DA:9355,0
DA:9358,0
DA:9364,0
DA:9365,0
DA:9366,0
DA:9371,0
DA:9373,0
DA:9374,0
DA:9375,0
DA:9376,0
DA:9377,0
DA:9379,0
DA:9381,0
DA:9383,0
DA:9384,0
DA:9387,0
DA:9388,0
DA:9390,0
DA:9391,0
DA:9392,0
DA:9393,0
DA:9394,0
DA:9395,0
DA:9396,0
DA:9397,0
DA:9399,0
DA:9400,0
DA:9401,0
DA:9403,0
DA:9404,0
DA:9406,0
DA:9407,0
DA:9408,0
DA:9411,0
DA:9413,0
DA:9414,0
DA:9415,0
DA:9417,0
DA:9418,0
DA:9419,0
DA:9420,0
DA:9422,0
DA:9424,0
DA:9425,0
DA:9427,0
DA:9428,0
DA:9429,0
DA:9430,0
DA:9431,0
DA:9433,0
DA:9437,0
DA:9438,0
DA:9439,0
DA:9440,0
DA:9441,0
DA:9442,0
DA:9443,0
DA:9444,0
DA:9445,0
DA:9447,0
DA:9449,0
DA:9454,0
DA:9455,0
DA:9456,0
DA:9457,0
DA:9458,0
DA:9461,0
DA:9463,0
DA:9464,0
DA:9466,0
DA:9468,0
DA:9469,0
DA:9470,0
DA:9471,0
DA:9472,0
DA:9473,0
DA:9474,0
DA:9475,0
DA:9476,0
DA:9478,0
DA:9479,0
DA:9486,0
DA:9488,0
DA:9490,0
DA:9491,0
DA:9492,0
DA:9493,0
DA:9497,0
DA:9500,0
DA:9505,0
DA:9508,0
DA:9513,0
DA:9516,0
DA:9517,0
DA:9576,0
DA:9587,0
DA:9589,0
DA:9604,0
DA:9605,0
DA:9606,0
DA:9620,0
DA:9622,0
DA:9623,0
DA:9624,0
DA:9625,0
DA:9626,0
DA:9631,0
DA:9633,0
DA:9642,0
DA:9644,0
DA:9647,0
DA:9650,0
DA:9654,0
DA:9660,0
DA:9662,0
DA:9663,0
DA:9666,0
DA:9667,0
DA:9673,0
DA:9676,0
DA:9677,0
DA:9678,0
DA:9679,0
DA:9680,0
DA:9681,0
DA:9683,0
DA:9684,0
DA:9685,0
DA:9686,0
DA:9687,0
DA:9694,0
DA:9695,0
DA:9696,0
DA:9697,0
DA:9698,0
DA:9702,0
DA:9705,0
DA:9714,0
DA:9716,0
DA:9717,0
DA:9723,0
DA:9724,0
DA:9725,0
DA:9726,0
DA:9728,0
DA:9735,0
DA:9736,0
DA:9739,0
DA:9748,0
DA:9749,0
DA:9753,0
DA:9755,0
DA:9756,0
DA:9757,0
DA:9759,0
DA:9760,0
DA:9762,0
DA:9765,0
DA:9767,0
DA:9772,0
DA:9781,0
DA:9782,0
DA:9783,0
DA:9784,0
DA:9786,0
DA:9792,0
DA:9793,0
DA:9796,0
DA:9800,0
DA:9803,0
DA:9814,0
DA:9817,0
DA:9820,0
DA:9821,0
DA:9825,0
DA:9830,0
DA:9831,0
DA:9832,0
DA:9833,0
DA:9838,0
DA:9839,0
DA:9841,0
DA:9844,0
DA:9847,0
DA:9848,0
DA:9862,0
DA:9864,0
DA:9870,0
DA:9880,0
DA:9881,0
DA:9885,0
DA:9886,0
DA:9888,0
DA:9890,0
DA:9891,0
DA:9895,0
DA:9896,0
DA:9897,0
DA:9898,0
DA:9899,0
DA:9908,0
DA:9909,0
DA:9910,0
DA:9912,0
DA:9917,0
DA:9920,0
DA:9921,0
DA:9922,0
DA:9924,0
DA:9926,0
DA:9928,0
DA:9933,0
DA:9934,0
DA:9935,0
DA:9936,0
DA:9937,0
DA:9938,0
DA:9946,0
DA:9947,0
DA:9948,0
DA:9949,0
DA:9957,0
DA:9958,0
DA:9959,0
DA:9960,0
DA:9961,0
DA:9962,0
DA:9969,0
DA:9974,0
DA:9975,0
DA:9976,0
DA:9977,0
DA:9978,0
DA:9979,0
DA:9980,0
DA:9981,0
DA:9983,0
DA:9984,0
DA:9989,0
DA:9999,0
DA:10008,0
DA:10009,0
DA:10011,0
DA:10030,0
DA:10031,0
DA:10033,0
DA:10041,0
DA:10054,0
DA:10056,0
DA:10059,0
DA:10062,0
DA:10063,0
DA:10065,0
DA:10066,0
DA:10068,0
DA:10070,0
DA:10071,0
DA:10072,0
DA:10073,0
DA:10077,0
DA:10080,0
DA:10083,0
DA:10084,0
DA:10085,0
DA:10087,0
DA:10093,0
DA:10095,0
DA:10098,0
DA:10100,0
DA:10101,0
DA:10102,0
DA:10103,0
DA:10106,0
DA:10107,0
DA:10108,0
DA:10109,0
DA:10110,0
DA:10113,0
DA:10114,0
DA:10115,0
DA:10116,0
DA:10122,0
DA:10123,0
DA:10124,0
DA:10127,0
DA:10128,0
DA:10129,0
DA:10130,0
DA:10131,0
DA:10132,0
DA:10133,0
DA:10134,0
DA:10135,0
DA:10140,0
DA:10141,0
DA:10142,0
DA:10144,0
DA:10147,0
DA:10148,0
DA:10150,0
DA:10151,0
DA:10152,0
DA:10155,0
DA:10158,0
DA:10159,0
DA:10160,0
DA:10161,0
DA:10162,0
DA:10163,0
DA:10165,0
DA:10168,0
DA:10169,0
DA:10170,0
DA:10172,0
DA:10173,0
DA:10174,0
DA:10175,0
DA:10177,0
DA:10178,0
DA:10184,0
DA:10187,0
DA:10188,0
DA:10190,0
DA:10196,0
DA:10199,0
DA:10203,0
DA:10206,0
DA:10209,0
DA:10212,0
DA:10213,0
DA:10216,0
DA:10217,0
DA:10219,0
DA:10220,0
DA:10222,0
DA:10225,0
DA:10233,0
DA:10234,0
DA:10235,0
DA:10236,0
DA:10238,0
DA:10242,0
DA:10244,0
DA:10245,0
DA:10246,0
DA:10247,0
DA:10248,0
DA:10250,0
DA:10257,0
DA:10260,0
DA:10263,0
DA:10265,0
DA:10266,0
DA:10281,0
DA:10282,0
DA:10285,0
DA:10286,0
DA:10287,0
DA:10288,0
DA:10289,0
DA:10291,0
DA:10294,0
DA:10295,0
DA:10296,0
DA:10297,0
DA:10298,0
DA:10299,0
DA:10300,0
DA:10301,0
DA:10302,0
DA:10307,0
DA:10308,0
DA:10311,0
DA:10312,0
DA:10314,0
DA:10316,0
DA:10317,0
DA:10318,0
DA:10323,0
DA:10326,0
DA:10329,0
DA:10330,0
DA:10331,0
DA:10332,0
DA:10333,0
DA:10334,0
DA:10335,0
DA:10336,0
DA:10337,0
DA:10338,0
DA:10339,0
DA:10350,0
DA:10353,0
DA:10354,0
DA:10355,0
DA:10358,0
DA:10359,0
DA:10360,0
DA:10361,0
DA:10362,0
DA:10363,0
DA:10371,0
DA:10372,0
DA:10375,0
DA:10376,0
DA:10383,0
DA:10386,0
DA:10389,0
DA:10395,0
DA:10400,0
DA:10403,0
DA:10406,0
DA:10407,0
DA:10409,0
DA:10411,0
DA:10412,0
DA:10414,0
DA:10423,0
DA:10424,0
DA:10425,0
DA:10428,0
DA:10431,0
DA:10432,0
DA:10433,0
DA:10436,0
DA:10437,0
DA:10439,0
DA:10468,0
DA:10470,0
DA:10472,0
DA:10473,0
DA:10474,0
DA:10479,0
DA:10480,0
DA:10488,0
DA:10489,0
DA:10506,0
DA:10507,0
DA:10508,0
DA:10509,0
DA:10510,0
DA:10512,0
DA:10515,0
DA:10518,0
DA:10522,0
DA:10523,0
DA:10525,0
DA:10527,0
DA:10529,0
DA:10531,0
DA:10532,0
DA:10533,0
DA:10534,0
DA:10535,0
DA:10542,0
DA:10547,0
DA:10548,0
DA:10550,0
DA:10551,0
DA:10554,0
DA:10565,0
DA:10567,0
DA:10570,0
DA:10576,0
DA:10579,0
DA:10586,0
DA:10590,0
DA:10593,0
DA:10596,0
DA:10597,0
DA:10611,0
DA:10624,0
DA:10634,0
DA:10635,0
DA:10636,0
DA:10637,0
DA:10639,0
DA:10642,0
DA:10643,0
DA:10644,0
DA:10645,0
DA:10647,0
DA:10648,0
DA:10649,0
DA:10650,0
DA:10651,0
DA:10657,0
DA:10659,0
DA:10661,0
DA:10662,0
DA:10666,0
DA:10672,0
DA:10673,0
DA:10674,0
DA:10677,0
DA:10678,0
DA:10679,0
DA:10680,0
DA:10681,0
DA:10683,0
DA:10685,0
DA:10687,0
DA:10688,0
DA:10690,0
DA:10691,0
DA:10692,0
DA:10693,0
DA:10695,0
DA:10696,0
DA:10697,0
DA:10698,0
DA:10699,0
DA:10700,0
DA:10703,0
DA:10706,0
DA:10707,0
DA:10708,0
DA:10710,0
DA:10711,0
DA:10713,0
DA:10716,0
DA:10717,0
DA:10718,0
DA:10719,0
DA:10720,0
DA:10722,0
DA:10723,0
DA:10724,0
DA:10725,0
DA:10727,0
DA:10729,0
DA:10733,0
DA:10740,0
DA:10743,0
DA:10745,0
DA:10748,0
DA:10749,0
DA:10751,0
DA:10752,0
DA:10753,0
DA:10754,0
DA:10756,0
DA:10760,0
DA:10762,0
DA:10763,0
DA:10767,0
DA:10770,0
DA:10772,0
DA:10773,0
DA:10774,0
DA:10775,0
DA:10777,0
DA:10778,0
DA:10780,0
DA:10782,0
DA:10790,0
DA:10791,0
DA:10792,0
DA:10793,0
DA:10794,0
DA:10797,0
DA:10798,0
DA:10799,0
DA:10801,0
DA:10802,0
DA:10803,0
DA:10806,0
DA:10821,0
DA:10822,0
DA:10823,0
DA:10826,0
DA:10829,0
DA:10832,0
DA:10833,0
DA:10840,0
DA:10842,0
DA:10848,0
DA:10849,0
DA:10852,0
DA:10853,0
DA:10854,0
DA:10863,0
DA:10864,0
DA:10865,0
DA:10866,0
DA:10867,0
DA:10868,0
DA:10870,0
DA:10871,0
DA:10872,0
DA:10874,0
DA:10879,0
DA:10880,0
DA:10881,0
DA:10884,0
DA:10895,0
DA:10905,0
DA:10906,0
DA:10907,0
DA:10908,0
DA:10909,0
DA:10911,0
DA:10914,0
DA:10915,0
DA:10916,0
DA:10918,0
DA:10919,0
DA:10921,0
DA:10922,0
DA:10923,0
DA:10925,0
DA:10929,0
DA:10930,0
DA:10931,0
DA:10933,0
DA:10934,0
DA:10936,0
DA:10941,0
DA:10949,0
DA:10954,0
DA:10959,0
DA:10963,0
DA:10966,0
DA:10976,0
DA:10984,0
DA:11001,0
DA:11002,0
DA:11003,0
DA:11005,0
DA:11006,0
DA:11010,0
DA:11011,0
DA:11013,0
DA:11023,0
DA:11024,0
DA:11025,0
DA:11029,0
DA:11045,0
DA:11046,0
DA:11049,0
DA:11050,0
DA:11051,0
DA:11052,0
DA:11053,0
DA:11054,0
DA:11055,0
DA:11056,0
DA:11057,0
DA:11058,0
DA:11059,0
DA:11060,0
DA:11061,0
DA:11063,0
DA:11066,0
DA:11067,0
DA:11068,0
DA:11070,0
DA:11074,0
DA:11075,0
DA:11077,0
DA:11078,0
DA:11079,0
DA:11082,0
DA:11083,0
DA:11084,0
DA:11093,0
DA:11097,0
DA:11099,0
DA:11100,0
DA:11131,0
DA:11132,0
DA:11136,0
DA:11140,0
DA:11141,0
DA:11142,0
DA:11143,0
DA:11146,0
DA:11147,0
DA:11148,0
DA:11151,0
DA:11153,0
DA:11154,0
DA:11155,0
DA:11163,0
DA:11164,0
DA:11166,0
DA:11167,0
DA:11168,0
DA:11169,0
DA:11170,0
DA:11171,0
DA:11172,0
DA:11174,0
DA:11175,0
DA:11178,0
DA:11179,0
DA:11181,0
DA:11183,0
DA:11184,0
DA:11187,0
DA:11188,0
DA:11189,0
DA:11192,0
DA:11193,0
DA:11194,0
DA:11199,0
DA:11201,0
DA:11202,0
DA:11212,0
DA:11214,0
DA:11216,0
DA:11217,0
DA:11219,0
DA:11220,0
DA:11222,0
DA:11223,0
DA:11224,0
DA:11225,0
DA:11226,0
DA:11227,0
DA:11231,0
DA:11232,0
DA:11234,0
DA:11236,0
DA:11242,0
DA:11246,0
DA:11249,0
DA:11250,0
DA:11251,0
DA:11253,0
DA:11256,0
DA:11257,0
DA:11258,0
DA:11261,0
DA:11262,0
DA:11263,0
DA:11265,0
DA:11267,0
DA:11273,0
DA:11275,0
DA:11282,0
DA:11283,0
DA:11287,0
DA:11289,0
DA:11354,0
DA:11355,0
DA:11358,0
DA:11359,0
DA:11360,0
DA:11364,0
DA:11369,0
DA:11370,0
DA:11371,0
DA:11372,0
DA:11373,0
DA:11374,0
DA:11375,0
DA:11376,0
DA:11377,0
DA:11378,0
DA:11379,0
DA:11381,0
DA:11382,0
DA:11383,0
DA:11384,0
DA:11385,0
DA:11386,0
DA:11387,0
DA:11388,0
DA:11406,0
DA:11407,0
DA:11408,0
DA:11409,0
DA:11410,0
DA:11411,0
DA:11412,0
DA:11413,0
DA:11414,0
DA:11415,0
DA:11416,0
DA:11417,0
DA:11418,0
DA:11420,0
DA:11428,0
DA:11431,0
DA:11432,0
DA:11433,0
DA:11438,0
DA:11441,0
DA:11445,0
DA:11449,0
DA:11450,0
DA:11452,0
DA:11453,0
DA:11454,0
DA:11456,0
DA:11457,0
DA:11458,0
DA:11459,0
DA:11460,0
DA:11462,0
DA:11463,0
DA:11464,0
DA:11467,0
DA:11476,0
DA:11485,0
DA:11490,0
DA:11508,0
DA:11509,0
DA:11510,0
LF:4601
LH:0
BRDA:3,0,0,0
BRDA:3,0,1,0
BRDA:3,1,0,0
BRDA:3,1,1,0
BRDA:3,1,2,0
BRDA:7,2,0,0
BRDA:7,2,1,0
BRDA:9,3,0,0
BRDA:9,3,1,0
BRDA:9,3,2,0
BRDA:14,4,0,0
BRDA:14,4,1,0
BRDA:15,5,0,0
BRDA:15,5,1,0
BRDA:16,6,0,0
BRDA:16,6,1,0
BRDA:18,7,0,0
BRDA:18,7,1,0
BRDA:25,8,0,0
BRDA:25,8,1,0
BRDA:45,9,0,0
BRDA:45,9,1,0
BRDA:60,10,0,0
BRDA:60,10,1,0
BRDA:60,11,0,0
BRDA:60,11,1,0
BRDA:62,12,0,0
BRDA:62,12,1,0
BRDA:62,12,2,0
BRDA:63,13,0,0
BRDA:63,13,1,0
BRDA:79,14,0,0
BRDA:79,14,1,0
BRDA:83,15,0,0
BRDA:83,15,1,0
BRDA:83,16,0,0
BRDA:83,16,1,0
BRDA:83,16,2,0
BRDA:98,17,0,0
BRDA:98,17,1,0
BRDA:111,18,0,0
BRDA:111,18,1,0
BRDA:112,19,0,0
BRDA:112,19,1,0
BRDA:113,20,0,0
BRDA:113,20,1,0
BRDA:115,21,0,0
BRDA:115,21,1,0
BRDA:115,21,2,0
BRDA:117,22,0,0
BRDA:117,22,1,0
BRDA:118,23,0,0
BRDA:118,23,1,0
BRDA:123,24,0,0
BRDA:123,24,1,0
BRDA:123,25,0,0
BRDA:123,25,1,0
BRDA:125,26,0,0
BRDA:125,26,1,0
BRDA:146,27,0,0
BRDA:146,27,1,0
BRDA:146,27,2,0
BRDA:159,28,0,0
BRDA:159,28,1,0
BRDA:159,29,0,0
BRDA:159,29,1,0
BRDA:159,29,2,0
BRDA:165,30,0,0
BRDA:165,30,1,0
BRDA:165,30,2,0
BRDA:167,31,0,0
BRDA:167,31,1,0
BRDA:169,32,0,0
BRDA:169,32,1,0
BRDA:169,32,2,0
BRDA:175,33,0,0
BRDA:175,33,1,0
BRDA:181,34,0,0
BRDA:181,34,1,0
BRDA:185,35,0,0
BRDA:185,35,1,0
BRDA:186,36,0,0
BRDA:186,36,1,0
BRDA:188,37,0,0
BRDA:188,37,1,0
BRDA:192,38,0,0
BRDA:192,38,1,0
BRDA:193,39,0,0
BRDA:193,39,1,0
BRDA:197,40,0,0
BRDA:197,40,1,0
BRDA:197,41,0,0
BRDA:197,41,1,0
BRDA:197,41,2,0
BRDA:205,42,0,0
BRDA:205,42,1,0
BRDA:205,43,0,0
BRDA:205,43,1,0
BRDA:211,44,0,0
BRDA:211,44,1,0
BRDA:216,45,0,0
BRDA:216,45,1,0
BRDA:221,46,0,0
BRDA:221,46,1,0
BRDA:230,47,0,0
[...]
BRDA:9309,2006,0,0
BRDA:9309,2006,1,0
BRDA:9309,2007,0,0
BRDA:9309,2007,1,0
BRDA:9311,2008,0,0
BRDA:9311,2008,1,0
BRDA:9311,2009,0,0
BRDA:9311,2009,1,0
BRDA:9314,2010,0,0
BRDA:9314,2010,1,0
BRDA:9325,2011,0,0
BRDA:9325,2011,1,0
BRDA:9329,2012,0,0
BRDA:9329,2012,1,0
BRDA:9331,2013,0,0
BRDA:9331,2013,1,0
BRDA:9333,2014,0,0
BRDA:9333,2014,1,0
BRDA:9336,2015,0,0
BRDA:9336,2015,1,0
BRDA:9338,2016,0,0
BRDA:9338,2016,1,0
BRDA:9338,2016,2,0
BRDA:9341,2017,0,0
BRDA:9341,2017,1,0
BRDA:9341,2017,2,0
BRDA:9342,2018,0,0
BRDA:9342,2018,1,0
BRDA:9342,2019,0,0
BRDA:9342,2019,1,0
BRDA:9344,2020,0,0
BRDA:9344,2020,1,0
BRDA:9346,2021,0,0
BRDA:9346,2021,1,0
BRDA:9351,2022,0,0
BRDA:9351,2022,1,0
BRDA:9354,2023,0,0
BRDA:9358,2024,0,0
BRDA:9358,2024,1,0
BRDA:9358,2025,0,0
BRDA:9358,2025,1,0
BRDA:9364,2026,0,0
BRDA:9364,2026,1,0
BRDA:9369,2027,0,0
BRDA:9369,2027,1,0
BRDA:9374,2028,0,0
BRDA:9374,2028,1,0
BRDA:9374,2029,0,0
BRDA:9374,2029,1,0
BRDA:9378,2030,0,0
BRDA:9378,2030,1,0
BRDA:9378,2030,2,0
BRDA:9378,2030,3,0
BRDA:9379,2031,0,0
BRDA:9379,2031,1,0
BRDA:9380,2032,0,0
BRDA:9380,2032,1,0
BRDA:9380,2032,2,0
BRDA:9380,2032,3,0
BRDA:9385,2033,0,0
BRDA:9385,2033,1,0
BRDA:9385,2033,2,0
BRDA:9388,2034,0,0
BRDA:9388,2034,1,0
BRDA:9391,2035,0,0
BRDA:9391,2035,1,0
BRDA:9392,2036,0,0
BRDA:9392,2036,1,0
BRDA:9394,2037,0,0
BRDA:9394,2037,1,0
BRDA:9401,2038,0,0
BRDA:9401,2038,1,0
BRDA:9402,2039,0,0
BRDA:9402,2039,1,0
BRDA:9404,2040,0,0
BRDA:9404,2040,1,0
BRDA:9406,2041,0,0
BRDA:9406,2041,1,0
BRDA:9433,2042,0,0
BRDA:9433,2042,1,0
BRDA:9433,2043,0,0
BRDA:9433,2043,1,0
BRDA:9439,2044,0,0
BRDA:9439,2044,1,0
BRDA:9439,2045,0,0
BRDA:9439,2045,1,0
BRDA:9442,2046,0,0
BRDA:9442,2046,1,0
BRDA:9443,2047,0,0
BRDA:9443,2047,1,0
BRDA:9447,2048,0,0
BRDA:9447,2048,1,0
BRDA:9461,2049,0,0
BRDA:9461,2049,1,0
BRDA:9464,2050,0,0
BRDA:9464,2050,1,0
BRDA:9464,2051,0,0
BRDA:9464,2051,1,0
BRDA:9466,2052,0,0
BRDA:9466,2052,1,0
BRDA:9466,2052,2,0
BRDA:9466,2052,3,0
BRDA:9471,2053,0,0
BRDA:9471,2053,1,0
BRDA:9472,2054,0,0
BRDA:9472,2054,1,0
BRDA:9473,2055,0,0
BRDA:9473,2055,1,0
BRDA:9475,2056,0,0
BRDA:9475,2056,1,0
BRDA:9479,2057,0,0
BRDA:9479,2057,1,0
BRDA:9491,2058,0,0
BRDA:9491,2058,1,0
BRDA:9491,2058,2,0
BRDA:9491,2058,3,0
BRDA:9491,2058,4,0
BRDA:9493,2059,0,0
BRDA:9493,2059,1,0
BRDA:9495,2060,0,0
BRDA:9495,2060,1,0
BRDA:9500,2061,0,0
BRDA:9500,2061,1,0
BRDA:9500,2061,2,0
BRDA:9500,2061,3,0
BRDA:9513,2062,0,0
BRDA:9513,2062,1,0
BRDA:9515,2063,0,0
BRDA:9515,2063,1,0
BRDA:9515,2063,2,0
BRDA:9516,2064,0,0
BRDA:9516,2064,1,0
BRDA:9577,2065,0,0
BRDA:9577,2065,1,0
BRDA:9582,2066,0,0
BRDA:9582,2066,1,0
BRDA:9583,2067,0,0
BRDA:9583,2067,1,0
BRDA:9584,2068,0,0
BRDA:9584,2068,1,0
BRDA:9585,2069,0,0
BRDA:9585,2069,1,0
BRDA:9585,2070,0,0
BRDA:9585,2070,1,0
BRDA:9638,2071,0,0
BRDA:9638,2071,1,0
BRDA:9644,2072,0,0
BRDA:9644,2072,1,0
BRDA:9647,2073,0,0
BRDA:9647,2073,1,0
BRDA:9650,2074,0,0
BRDA:9650,2074,1,0
BRDA:9654,2075,0,0
BRDA:9654,2075,1,0
BRDA:9654,2076,0,0
BRDA:9654,2076,1,0
BRDA:9656,2077,0,0
BRDA:9656,2077,1,0
BRDA:9660,2078,0,0
BRDA:9660,2078,1,0
BRDA:9666,2079,0,0
BRDA:9666,2079,1,0
BRDA:9667,2080,0,0
BRDA:9667,2080,1,0
BRDA:9677,2081,0,0
BRDA:9677,2081,1,0
BRDA:9680,2082,0,0
BRDA:9680,2082,1,0
BRDA:9680,2082,2,0
BRDA:9680,2082,3,0
BRDA:9681,2083,0,0
BRDA:9681,2083,1,0
BRDA:9683,2084,0,0
BRDA:9683,2084,1,0
BRDA:9684,2085,0,0
BRDA:9684,2085,1,0
BRDA:9685,2086,0,0
BRDA:9685,2086,1,0
BRDA:9685,2087,0,0
BRDA:9685,2087,1,0
BRDA:9687,2088,0,0
BRDA:9687,2088,1,0
BRDA:9687,2089,0,0
BRDA:9687,2089,1,0
BRDA:9688,2090,0,0
BRDA:9688,2090,1,0
BRDA:9688,2091,0,0
BRDA:9688,2091,1,0
BRDA:9695,2092,0,0
BRDA:9695,2092,1,0
BRDA:9695,2093,0,0
BRDA:9695,2093,1,0
BRDA:9695,2093,2,0
BRDA:9696,2094,0,0
BRDA:9696,2094,1,0
BRDA:9697,2095,0,0
BRDA:9697,2095,1,0
BRDA:9698,2096,0,0
BRDA:9698,2096,1,0
BRDA:9699,2097,0,0
BRDA:9699,2097,1,0
BRDA:9699,2097,2,0
BRDA:9699,2097,3,0
BRDA:9699,2097,4,0
BRDA:9705,2098,0,0
BRDA:9705,2098,1,0
BRDA:9705,2099,0,0
BRDA:9705,2099,1,0
BRDA:9707,2100,0,0
BRDA:9707,2100,1,0
BRDA:9707,2101,0,0
BRDA:9707,2101,1,0
BRDA:9714,2102,0,0
BRDA:9714,2102,1,0
BRDA:9723,2103,0,0
BRDA:9723,2103,1,0
BRDA:9724,2104,0,0
BRDA:9724,2104,1,0
BRDA:9728,2105,0,0
BRDA:9728,2105,1,0
BRDA:9728,2106,0,0
BRDA:9728,2106,1,0
BRDA:9728,2107,0,0
BRDA:9728,2107,1,0
BRDA:9729,2108,0,0
BRDA:9729,2108,1,0
BRDA:9730,2109,0,0
BRDA:9730,2109,1,0
BRDA:9735,2110,0,0
BRDA:9735,2110,1,0
BRDA:9753,2111,0,0
BRDA:9753,2111,1,0
BRDA:9760,2112,0,0
BRDA:9760,2112,1,0
BRDA:9781,2113,0,0
BRDA:9781,2113,1,0
BRDA:9782,2114,0,0
BRDA:9782,2114,1,0
BRDA:9782,2114,2,0
BRDA:9783,2115,0,0
BRDA:9783,2115,1,0
BRDA:9784,2116,0,0
BRDA:9784,2116,1,0
BRDA:9786,2117,0,0
BRDA:9786,2117,1,0
BRDA:9787,2118,0,0
BRDA:9787,2118,1,0
BRDA:9789,2119,0,0
BRDA:9789,2119,1,0
BRDA:9793,2120,0,0
BRDA:9793,2120,1,0
BRDA:9794,2121,0,0
BRDA:9794,2121,1,0
BRDA:9807,2122,0,0
BRDA:9807,2122,1,0
BRDA:9808,2123,0,0
BRDA:9808,2123,1,0
BRDA:9814,2124,0,0
BRDA:9814,2124,1,0
BRDA:9817,2125,0,0
BRDA:9817,2125,1,0
BRDA:9821,2126,0,0
BRDA:9821,2126,1,0
BRDA:9830,2127,0,0
BRDA:9830,2127,1,0
BRDA:9831,2128,0,0
BRDA:9831,2128,1,0
BRDA:9832,2129,0,0
BRDA:9832,2129,1,0
BRDA:9838,2130,0,0
BRDA:9838,2130,1,0
BRDA:9839,2131,0,0
BRDA:9839,2131,1,0
BRDA:9839,2131,2,0
BRDA:9841,2132,0,0
BRDA:9841,2132,1,0
BRDA:9841,2132,2,0
BRDA:9844,2133,0,0
BRDA:9844,2133,1,0
BRDA:9844,2133,2,0
BRDA:9847,2134,0,0
BRDA:9847,2134,1,0
BRDA:9847,2134,2,0
BRDA:9870,2135,0,0
BRDA:9870,2135,1,0
BRDA:9870,2136,0,0
BRDA:9870,2136,1,0
BRDA:9881,2137,0,0
BRDA:9881,2137,1,0
BRDA:9881,2138,0,0
BRDA:9881,2138,1,0
BRDA:9896,2139,0,0
BRDA:9896,2139,1,0
BRDA:9900,2140,0,0
BRDA:9900,2140,1,0
BRDA:9900,2141,0,0
BRDA:9900,2141,1,0
BRDA:9901,2142,0,0
BRDA:9901,2142,1,0
BRDA:9902,2143,0,0
BRDA:9902,2143,1,0
BRDA:9903,2144,0,0
BRDA:9903,2144,1,0
BRDA:9903,2144,2,0
BRDA:9904,2145,0,0
BRDA:9904,2145,1,0
BRDA:9904,2145,2,0
BRDA:9908,2146,0,0
BRDA:9908,2146,1,0
BRDA:9908,2147,0,0
BRDA:9908,2147,1,0
BRDA:9920,2148,0,0
BRDA:9920,2148,1,0
BRDA:9922,2149,0,0
BRDA:9922,2149,1,0
BRDA:9924,2150,0,0
BRDA:9924,2150,1,0
BRDA:9926,2151,0,0
BRDA:9926,2151,1,0
BRDA:9933,2152,0,0
BRDA:9933,2152,1,0
BRDA:9936,2153,0,0
BRDA:9936,2153,1,0
BRDA:9936,2154,0,0
BRDA:9936,2154,1,0
BRDA:9936,2154,2,0
BRDA:9937,2155,0,0
BRDA:9937,2155,1,0
BRDA:9938,2156,0,0
BRDA:9938,2156,1,0
BRDA:9939,2157,0,0
BRDA:9939,2157,1,0
BRDA:9939,2157,2,0
BRDA:9939,2157,3,0
BRDA:9939,2157,4,0
BRDA:9939,2157,5,0
BRDA:9947,2158,0,0
BRDA:9947,2158,1,0
BRDA:9948,2159,0,0
BRDA:9948,2159,1,0
BRDA:9957,2160,0,0
BRDA:9957,2160,1,0
BRDA:9958,2161,0,0
BRDA:9958,2161,1,0
BRDA:9960,2162,0,0
BRDA:9960,2162,1,0
BRDA:9960,2163,0,0
BRDA:9960,2163,1,0
BRDA:9961,2164,0,0
BRDA:9961,2164,1,0
BRDA:9963,2165,0,0
BRDA:9963,2165,1,0
BRDA:9964,2166,0,0
BRDA:9964,2166,1,0
BRDA:9969,2167,0,0
BRDA:9969,2167,1,0
BRDA:9969,2168,0,0
BRDA:9969,2168,1,0
BRDA:9974,2169,0,0
BRDA:9974,2169,1,0
BRDA:9975,2170,0,0
BRDA:9975,2170,1,0
BRDA:9977,2171,0,0
BRDA:9977,2171,1,0
BRDA:9977,2172,0,0
BRDA:9977,2172,1,0
BRDA:9978,2173,0,0
BRDA:9978,2173,1,0
BRDA:9978,2174,0,0
BRDA:9978,2174,1,0
BRDA:9978,2174,2,0
BRDA:9978,2174,3,0
BRDA:9978,2174,4,0
BRDA:9979,2175,0,0
BRDA:9979,2175,1,0
BRDA:9979,2176,0,0
BRDA:9979,2176,1,0
BRDA:9983,2177,0,0
BRDA:9983,2177,1,0
BRDA:9984,2178,0,0
BRDA:9984,2178,1,0
BRDA:9999,2179,0,0
BRDA:9999,2179,1,0
BRDA:10034,2180,0,0
BRDA:10034,2180,1,0
BRDA:10044,2181,0,0
BRDA:10044,2181,1,0
BRDA:10044,2182,0,0
BRDA:10044,2182,1,0
BRDA:10044,2182,2,0
BRDA:10045,2183,0,0
BRDA:10045,2183,1,0
BRDA:10046,2184,0,0
BRDA:10046,2184,1,0
BRDA:10049,2185,0,0
BRDA:10049,2185,1,0
BRDA:10056,2186,0,0
BRDA:10056,2186,1,0
BRDA:10059,2187,0,0
BRDA:10059,2187,1,0
BRDA:10059,2188,0,0
BRDA:10059,2188,1,0
BRDA:10059,2189,0,0
BRDA:10059,2189,1,0
BRDA:10070,2190,0,0
BRDA:10070,2190,1,0
BRDA:10071,2191,0,0
BRDA:10071,2191,1,0
BRDA:10071,2192,0,0
BRDA:10071,2192,1,0
BRDA:10072,2193,0,0
BRDA:10072,2193,1,0
BRDA:10073,2194,0,0
BRDA:10073,2194,1,0
BRDA:10095,2195,0,0
BRDA:10095,2195,1,0
BRDA:10101,2196,0,0
BRDA:10101,2196,1,0
BRDA:10103,2197,0,0
BRDA:10103,2197,1,0
BRDA:10103,2197,2,0
BRDA:10103,2197,3,0
BRDA:10103,2197,4,0
BRDA:10103,2197,5,0
BRDA:10104,2198,0,0
BRDA:10104,2198,1,0
BRDA:10107,2199,0,0
BRDA:10107,2199,1,0
BRDA:10107,2200,0,0
BRDA:10107,2200,1,0
BRDA:10108,2201,0,0
BRDA:10108,2201,1,0
BRDA:10108,2202,0,0
BRDA:10108,2202,1,0
BRDA:10108,2202,2,0
BRDA:10109,2203,0,0
BRDA:10109,2203,1,0
BRDA:10109,2204,0,0
BRDA:10109,2204,1,0
BRDA:10114,2205,0,0
BRDA:10114,2205,1,0
BRDA:10116,2206,0,0
BRDA:10116,2206,1,0
BRDA:10117,2207,0,0
BRDA:10117,2207,1,0
BRDA:10123,2208,0,0
BRDA:10123,2208,1,0
BRDA:10127,2209,0,0
BRDA:10127,2209,1,0
BRDA:10129,2210,0,0
BRDA:10129,2210,1,0
BRDA:10131,2211,0,0
BRDA:10131,2211,1,0
BRDA:10132,2212,0,0
BRDA:10132,2212,1,0
BRDA:10133,2213,0,0
BRDA:10133,2213,1,0
BRDA:10134,2214,0,0
BRDA:10134,2214,1,0
BRDA:10140,2215,0,0
BRDA:10140,2215,1,0
BRDA:10142,2216,0,0
BRDA:10142,2216,1,0
BRDA:10142,2216,2,0
BRDA:10142,2216,3,0
BRDA:10150,2217,0,0
BRDA:10150,2217,1,0
BRDA:10152,2218,0,0
BRDA:10152,2218,1,0
BRDA:10152,2218,2,0
BRDA:10152,2218,3,0
BRDA:10155,2219,0,0
BRDA:10155,2219,1,0
BRDA:10163,2220,0,0
BRDA:10163,2220,1,0
BRDA:10163,2220,2,0
BRDA:10173,2221,0,0
BRDA:10173,2221,1,0
BRDA:10177,2222,0,0
BRDA:10177,2222,1,0
BRDA:10178,2223,0,0
BRDA:10178,2223,1,0
BRDA:10190,2224,0,0
BRDA:10190,2224,1,0
BRDA:10190,2224,2,0
BRDA:10190,2225,0,0
BRDA:10190,2225,1,0
BRDA:10190,2226,0,0
BRDA:10190,2226,1,0
BRDA:10203,2227,0,0
BRDA:10203,2227,1,0
BRDA:10209,2228,0,0
BRDA:10209,2228,1,0
BRDA:10220,2229,0,0
BRDA:10220,2229,1,0
BRDA:10222,2230,0,0
BRDA:10222,2230,1,0
BRDA:10244,2231,0,0
BRDA:10244,2231,1,0
BRDA:10245,2232,0,0
BRDA:10245,2232,1,0
BRDA:10250,2233,0,0
BRDA:10250,2233,1,0
BRDA:10257,2234,0,0
BRDA:10257,2234,1,0
BRDA:10260,2235,0,0
BRDA:10260,2235,1,0
BRDA:10266,2236,0,0
BRDA:10266,2236,1,0
BRDA:10266,2237,0,0
BRDA:10266,2237,1,0
BRDA:10266,2237,2,0
BRDA:10282,2238,0,0
BRDA:10282,2238,1,0
BRDA:10282,2238,2,0
BRDA:10285,2239,0,0
BRDA:10285,2239,1,0
BRDA:10292,2240,0,0
BRDA:10292,2240,1,0
BRDA:10296,2241,0,0
BRDA:10296,2241,1,0
BRDA:10300,2242,0,0
BRDA:10300,2242,1,0
BRDA:10300,2243,0,0
BRDA:10300,2243,1,0
BRDA:10301,2244,0,0
BRDA:10301,2244,1,0
BRDA:10302,2245,0,0
BRDA:10302,2245,1,0
BRDA:10311,2246,0,0
BRDA:10312,2247,0,0
BRDA:10312,2247,1,0
BRDA:10318,2248,0,0
BRDA:10318,2248,1,0
BRDA:10321,2249,0,0
BRDA:10321,2249,1,0
BRDA:10326,2250,0,0
BRDA:10326,2250,1,0
BRDA:10329,2251,0,0
BRDA:10334,2252,0,0
BRDA:10334,2252,1,0
BRDA:10342,2253,0,0
BRDA:10342,2253,1,0
BRDA:10344,2254,0,0
BRDA:10344,2254,1,0
BRDA:10345,2255,0,0
BRDA:10345,2255,1,0
BRDA:10345,2256,0,0
BRDA:10345,2256,1,0
BRDA:10345,2256,2,0
BRDA:10348,2257,0,0
BRDA:10348,2257,1,0
BRDA:10361,2258,0,0
BRDA:10361,2258,1,0
BRDA:10364,2259,0,0
BRDA:10364,2259,1,0
BRDA:10364,2259,2,0
BRDA:10364,2259,3,0
BRDA:10369,2260,0,0
BRDA:10369,2260,1,0
BRDA:10372,2261,0,0
BRDA:10372,2261,1,0
BRDA:10376,2262,0,0
BRDA:10376,2262,1,0
BRDA:10377,2263,0,0
BRDA:10377,2263,1,0
BRDA:10378,2264,0,0
BRDA:10378,2264,1,0
BRDA:10379,2265,0,0
BRDA:10379,2265,1,0
BRDA:10386,2266,0,0
BRDA:10386,2266,1,0
BRDA:10403,2267,0,0
BRDA:10403,2267,1,0
BRDA:10407,2268,0,0
BRDA:10407,2268,1,0
BRDA:10407,2269,0,0
BRDA:10407,2269,1,0
BRDA:10407,2269,2,0
BRDA:10409,2270,0,0
BRDA:10409,2270,1,0
BRDA:10411,2271,0,0
BRDA:10411,2271,1,0
BRDA:10414,2272,0,0
BRDA:10414,2272,1,0
BRDA:10414,2273,0,0
BRDA:10414,2273,1,0
BRDA:10416,2274,0,0
BRDA:10416,2274,1,0
BRDA:10418,2275,0,0
BRDA:10418,2275,1,0
BRDA:10423,2276,0,0
BRDA:10423,2276,1,0
BRDA:10424,2277,0,0
BRDA:10424,2277,1,0
BRDA:10428,2278,0,0
BRDA:10428,2278,1,0
BRDA:10431,2279,0,0
BRDA:10431,2279,1,0
BRDA:10432,2280,0,0
BRDA:10432,2280,1,0
BRDA:10436,2281,0,0
BRDA:10436,2281,1,0
BRDA:10437,2282,0,0
BRDA:10437,2282,1,0
BRDA:10472,2283,0,0
BRDA:10472,2283,1,0
BRDA:10474,2284,0,0
BRDA:10474,2284,1,0
BRDA:10474,2284,2,0
BRDA:10495,2285,0,0
BRDA:10495,2285,1,0
BRDA:10500,2286,0,0
BRDA:10500,2286,1,0
BRDA:10502,2287,0,0
BRDA:10502,2287,1,0
BRDA:10506,2288,0,0
BRDA:10506,2288,1,0
BRDA:10507,2289,0,0
BRDA:10507,2289,1,0
BRDA:10507,2290,0,0
BRDA:10507,2290,1,0
BRDA:10509,2291,0,0
BRDA:10509,2291,1,0
BRDA:10510,2292,0,0
BRDA:10510,2292,1,0
BRDA:10515,2293,0,0
BRDA:10515,2293,1,0
BRDA:10518,2294,0,0
BRDA:10518,2294,1,0
BRDA:10519,2295,0,0
BRDA:10519,2295,1,0
BRDA:10520,2296,0,0
BRDA:10520,2296,1,0
BRDA:10520,2296,2,0
BRDA:10520,2297,0,0
BRDA:10520,2297,1,0
BRDA:10520,2297,2,0
BRDA:10522,2298,0,0
BRDA:10522,2298,1,0
BRDA:10522,2298,2,0
BRDA:10523,2299,0,0
BRDA:10523,2299,1,0
BRDA:10529,2300,0,0
BRDA:10529,2300,1,0
BRDA:10542,2301,0,0
BRDA:10542,2301,1,0
BRDA:10543,2302,0,0
BRDA:10543,2302,1,0
BRDA:10544,2303,0,0
BRDA:10544,2303,1,0
BRDA:10545,2304,0,0
BRDA:10545,2304,1,0
BRDA:10550,2305,0,0
BRDA:10550,2305,1,0
BRDA:10552,2306,0,0
BRDA:10552,2306,1,0
BRDA:10556,2307,0,0
BRDA:10556,2307,1,0
BRDA:10556,2308,0,0
BRDA:10556,2308,1,0
BRDA:10556,2308,2,0
BRDA:10576,2309,0,0
BRDA:10576,2309,1,0
BRDA:10579,2310,0,0
BRDA:10579,2310,1,0
BRDA:10579,2310,2,0
BRDA:10579,2310,3,0
BRDA:10579,2310,4,0
BRDA:10582,2311,0,0
BRDA:10582,2311,1,0
BRDA:10586,2312,0,0
BRDA:10586,2312,1,0
BRDA:10593,2313,0,0
BRDA:10593,2313,1,0
BRDA:10596,2314,0,0
BRDA:10596,2314,1,0
BRDA:10597,2315,0,0
BRDA:10597,2315,1,0
BRDA:10601,2316,0,0
BRDA:10601,2316,1,0
BRDA:10608,2317,0,0
BRDA:10608,2317,1,0
BRDA:10609,2318,0,0
BRDA:10609,2318,1,0
BRDA:10613,2319,0,0
BRDA:10613,2319,1,0
BRDA:10615,2320,0,0
BRDA:10615,2320,1,0
BRDA:10615,2320,2,0
BRDA:10616,2321,0,0
BRDA:10616,2321,1,0
BRDA:10617,2322,0,0
BRDA:10617,2322,1,0
BRDA:10617,2322,2,0
BRDA:10622,2323,0,0
BRDA:10622,2323,1,0
BRDA:10622,2323,2,0
BRDA:10624,2324,0,0
BRDA:10624,2324,1,0
BRDA:10625,2325,0,0
BRDA:10625,2325,1,0
BRDA:10625,2326,0,0
BRDA:10625,2326,1,0
BRDA:10629,2327,0,0
BRDA:10629,2327,1,0
BRDA:10630,2328,0,0
BRDA:10630,2328,1,0
BRDA:10631,2329,0,0
BRDA:10631,2329,1,0
BRDA:10635,2330,0,0
BRDA:10635,2330,1,0
BRDA:10635,2331,0,0
BRDA:10635,2331,1,0
BRDA:10639,2332,0,0
BRDA:10639,2332,1,0
BRDA:10643,2333,0,0
BRDA:10643,2333,1,0
BRDA:10644,2334,0,0
BRDA:10644,2334,1,0
BRDA:10644,2335,0,0
BRDA:10644,2335,1,0
BRDA:10648,2336,0,0
BRDA:10648,2336,1,0
BRDA:10650,2337,0,0
BRDA:10650,2337,1,0
BRDA:10652,2338,0,0
BRDA:10652,2338,1,0
BRDA:10652,2339,0,0
BRDA:10652,2339,1,0
BRDA:10657,2340,0,0
BRDA:10657,2340,1,0
BRDA:10662,2341,0,0
BRDA:10662,2341,1,0
BRDA:10663,2342,0,0
BRDA:10663,2342,1,0
BRDA:10666,2343,0,0
BRDA:10666,2343,1,0
BRDA:10679,2344,0,0
BRDA:10679,2344,1,0
BRDA:10691,2345,0,0
BRDA:10691,2345,1,0
BRDA:10699,2346,0,0
BRDA:10699,2346,1,0
BRDA:10711,2347,0,0
BRDA:10711,2347,1,0
BRDA:10711,2348,0,0
BRDA:10711,2348,1,0
BRDA:10718,2349,0,0
BRDA:10718,2349,1,0
BRDA:10723,2350,0,0
BRDA:10723,2350,1,0
BRDA:10740,2351,0,0
BRDA:10740,2351,1,0
BRDA:10740,2351,2,0
BRDA:10743,2352,0,0
BRDA:10743,2352,1,0
BRDA:10745,2353,0,0
BRDA:10745,2353,1,0
BRDA:10746,2354,0,0
BRDA:10746,2354,1,0
BRDA:10760,2355,0,0
BRDA:10760,2355,1,0
BRDA:10770,2356,0,0
BRDA:10770,2356,1,0
BRDA:10773,2357,0,0
BRDA:10773,2357,1,0
BRDA:10774,2358,0,0
BRDA:10774,2358,1,0
BRDA:10775,2359,0,0
BRDA:10775,2359,1,0
BRDA:10778,2360,0,0
BRDA:10778,2360,1,0
BRDA:10779,2361,0,0
BRDA:10779,2361,1,0
BRDA:10791,2362,0,0
BRDA:10791,2362,1,0
BRDA:10792,2363,0,0
BRDA:10792,2363,1,0
BRDA:10793,2364,0,0
BRDA:10793,2364,1,0
BRDA:10797,2365,0,0
BRDA:10797,2365,1,0
BRDA:10797,2366,0,0
BRDA:10797,2366,1,0
BRDA:10798,2367,0,0
BRDA:10798,2367,1,0
BRDA:10798,2368,0,0
BRDA:10798,2368,1,0
BRDA:10803,2369,0,0
BRDA:10803,2369,1,0
BRDA:10806,2370,0,0
BRDA:10806,2370,1,0
BRDA:10819,2371,0,0
BRDA:10822,2372,0,0
BRDA:10822,2372,1,0
BRDA:10823,2373,0,0
BRDA:10823,2373,1,0
BRDA:10826,2374,0,0
BRDA:10826,2374,1,0
BRDA:10826,2374,2,0
BRDA:10833,2375,0,0
BRDA:10833,2375,1,0
BRDA:10834,2376,0,0
BRDA:10834,2376,1,0
BRDA:10834,2376,2,0
BRDA:10834,2376,3,0
BRDA:10834,2376,4,0
BRDA:10842,2377,0,0
BRDA:10842,2377,1,0
BRDA:10843,2378,0,0
BRDA:10843,2378,1,0
BRDA:10843,2378,2,0
BRDA:10852,2379,0,0
BRDA:10852,2379,1,0
BRDA:10852,2380,0,0
BRDA:10852,2380,1,0
BRDA:10861,2381,0,0
BRDA:10861,2381,1,0
BRDA:10864,2382,0,0
BRDA:10864,2382,1,0
BRDA:10864,2382,2,0
BRDA:10865,2383,0,0
BRDA:10865,2383,1,0
BRDA:10865,2384,0,0
BRDA:10865,2384,1,0
BRDA:10865,2384,2,0
BRDA:10865,2384,3,0
BRDA:10871,2385,0,0
BRDA:10871,2385,1,0
BRDA:10871,2385,2,0
BRDA:10874,2386,0,0
BRDA:10874,2386,1,0
BRDA:10874,2387,0,0
BRDA:10874,2387,1,0
BRDA:10879,2388,0,0
BRDA:10879,2388,1,0
BRDA:10880,2389,0,0
BRDA:10880,2389,1,0
BRDA:10882,2390,0,0
BRDA:10882,2390,1,0
BRDA:10882,2390,2,0
BRDA:10896,2391,0,0
BRDA:10896,2391,1,0
BRDA:10897,2392,0,0
BRDA:10897,2392,1,0
BRDA:10897,2393,0,0
BRDA:10897,2393,1,0
BRDA:10897,2393,2,0
BRDA:10899,2394,0,0
BRDA:10899,2394,1,0
BRDA:10901,2395,0,0
BRDA:10901,2395,1,0
BRDA:10907,2396,0,0
BRDA:10907,2396,1,0
BRDA:10915,2397,0,0
BRDA:10915,2397,1,0
BRDA:10915,2397,2,0
BRDA:10918,2398,0,0
BRDA:10918,2398,1,0
BRDA:10925,2399,0,0
BRDA:10925,2399,1,0
BRDA:10927,2400,0,0
BRDA:10927,2400,1,0
BRDA:10930,2401,0,0
BRDA:10930,2401,1,0
BRDA:10931,2402,0,0
BRDA:10931,2402,1,0
BRDA:10933,2403,0,0
BRDA:10933,2403,1,0
BRDA:10937,2404,0,0
BRDA:10937,2404,1,0
BRDA:10941,2405,0,0
BRDA:10941,2405,1,0
BRDA:10942,2406,0,0
BRDA:10942,2406,1,0
BRDA:10959,2407,0,0
BRDA:10959,2407,1,0
BRDA:10960,2408,0,0
BRDA:10960,2408,1,0
BRDA:10961,2409,0,0
BRDA:10961,2409,1,0
BRDA:10970,2410,0,0
BRDA:10970,2410,1,0
BRDA:10973,2411,0,0
BRDA:10973,2411,1,0
BRDA:10985,2412,0,0
BRDA:10985,2412,1,0
BRDA:10987,2413,0,0
BRDA:10987,2413,1,0
BRDA:10987,2413,2,0
BRDA:11006,2414,0,0
BRDA:11006,2414,1,0
BRDA:11006,2415,0,0
BRDA:11006,2415,1,0
BRDA:11020,2416,0,0
BRDA:11020,2416,1,0
BRDA:11024,2417,0,0
BRDA:11024,2417,1,0
BRDA:11026,2418,0,0
BRDA:11026,2418,1,0
BRDA:11030,2419,0,0
BRDA:11030,2419,1,0
BRDA:11030,2419,2,0
BRDA:11041,2420,0,0
BRDA:11041,2420,1,0
BRDA:11049,2421,0,0
BRDA:11049,2421,1,0
BRDA:11056,2422,0,0
BRDA:11056,2422,1,0
BRDA:11058,2423,0,0
BRDA:11058,2423,1,0
BRDA:11059,2424,0,0
BRDA:11059,2424,1,0
BRDA:11063,2425,0,0
BRDA:11063,2425,1,0
BRDA:11070,2426,0,0
BRDA:11070,2426,1,0
BRDA:11077,2427,0,0
BRDA:11077,2427,1,0
BRDA:11079,2428,0,0
BRDA:11079,2428,1,0
BRDA:11082,2429,0,0
BRDA:11082,2429,1,0
BRDA:11084,2430,0,0
BRDA:11084,2430,1,0
BRDA:11085,2431,0,0
BRDA:11085,2431,1,0
BRDA:11085,2431,2,0
BRDA:11097,2432,0,0
BRDA:11097,2432,1,0
BRDA:11097,2433,0,0
BRDA:11097,2433,1,0
BRDA:11097,2434,0,0
BRDA:11097,2434,1,0
BRDA:11100,2435,0,0
BRDA:11100,2435,1,0
BRDA:11110,2436,0,0
BRDA:11110,2436,1,0
BRDA:11111,2437,0,0
BRDA:11111,2437,1,0
BRDA:11118,2438,0,0
BRDA:11118,2438,1,0
BRDA:11119,2439,0,0
BRDA:11119,2439,1,0
BRDA:11130,2440,0,0
BRDA:11130,2440,1,0
BRDA:11130,2440,2,0
BRDA:11131,2441,0,0
BRDA:11131,2441,1,0
BRDA:11132,2442,0,0
BRDA:11132,2442,1,0
BRDA:11143,2443,0,0
BRDA:11143,2443,1,0
BRDA:11143,2443,2,0
BRDA:11144,2444,0,0
BRDA:11144,2444,1,0
BRDA:11153,2445,0,0
BRDA:11153,2445,1,0
BRDA:11195,2446,0,0
BRDA:11195,2446,1,0
BRDA:11195,2447,0,0
BRDA:11195,2447,1,0
BRDA:11203,2448,0,0
BRDA:11203,2448,1,0
BRDA:11205,2449,0,0
BRDA:11205,2449,1,0
BRDA:11216,2450,0,0
BRDA:11216,2450,1,0
BRDA:11224,2451,0,0
BRDA:11224,2451,1,0
BRDA:11242,2452,0,0
BRDA:11242,2452,1,0
BRDA:11246,2453,0,0
BRDA:11246,2453,1,0
BRDA:11249,2454,0,0
BRDA:11249,2454,1,0
BRDA:11253,2455,0,0
BRDA:11253,2455,1,0
BRDA:11256,2456,0,0
BRDA:11256,2456,1,0
BRDA:11258,2457,0,0
BRDA:11258,2457,1,0
BRDA:11287,2458,0,0
BRDA:11287,2458,1,0
BRDA:11385,2459,0,0
BRDA:11385,2459,1,0
BRDA:11452,2460,0,0
BRDA:11452,2460,1,0
BRDA:11464,2461,0,0
BRDA:11464,2461,1,0
BRDA:11469,2462,0,0
BRDA:11469,2462,1,0
BRDA:11481,2463,0,0
BRDA:11481,2463,1,0
BRF:5860
BRH:0
end_of_record
TN:
SF:src\services\login.js
FN:4,(anonymous_0)
FNF:1
FNH:0
FNDA:0,(anonymous_0)
DA:2,0
DA:4,0
DA:5,0
DA:6,0
LF:4
LH:0
BRF:0
BRH:0
end_of_record
TN:
SF:src\services\notes.js
FN:5,(anonymous_0)
FN:6,(anonymous_1)
FN:9,(anonymous_2)
FN:17,(anonymous_3)
FNF:4
FNH:0
FNDA:0,(anonymous_0)
FNDA:0,(anonymous_1)
FNDA:0,(anonymous_2)
FNDA:0,(anonymous_3)
DA:3,0
DA:5,0
DA:6,0
DA:9,0
DA:10,0
DA:17,0
DA:18,0
LF:7
LH:0
BRF:0
BRH:0
end_of_record
